<?xml version="1.0" encoding="UTF-8" standalone="yes"?><!DOCTYPE report PUBLIC "-//JACOCO//DTD Report 1.1//EN" "report.dtd"><report name="com.irurueta:irurueta-sorting"><sessioninfo id="travis-job-albertoiruruet-irurueta-sorti-460147832.travisci.net-3c17e285" start="1543309667506" dump="1543309669901"/><package name="com/irurueta/sorting"><class name="com/irurueta/sorting/ShellSorter" sourcefilename="ShellSorter.java"><method name="&lt;init&gt;" desc="()V" line="32"><counter type="INSTRUCTION" missed="0" covered="3"/><counter type="LINE" missed="0" covered="1"/><counter type="COMPLEXITY" missed="0" covered="1"/><counter type="METHOD" missed="0" covered="1"/></method><method name="sort" desc="([Ljava/lang/Object;IILjava/util/Comparator;)V" line="66"><counter type="INSTRUCTION" missed="1" covered="94"/><counter type="BRANCH" missed="1" covered="17"/><counter type="LINE" missed="1" covered="22"/><counter type="COMPLEXITY" missed="1" covered="9"/><counter type="METHOD" missed="0" covered="1"/></method><method name="sortWithIndices" desc="([Ljava/lang/Object;IILjava/util/Comparator;)[I" line="136"><counter type="INSTRUCTION" missed="2" covered="124"/><counter type="BRANCH" missed="1" covered="17"/><counter type="LINE" missed="1" covered="26"/><counter type="COMPLEXITY" missed="1" covered="9"/><counter type="METHOD" missed="0" covered="1"/></method><method name="getMethod" desc="()Lcom/irurueta/sorting/SortingMethod;" line="192"><counter type="INSTRUCTION" missed="0" covered="2"/><counter type="LINE" missed="0" covered="1"/><counter type="COMPLEXITY" missed="0" covered="1"/><counter type="METHOD" missed="0" covered="1"/></method><method name="sort" desc="([DII)V" line="214"><counter type="INSTRUCTION" missed="1" covered="93"/><counter type="BRANCH" missed="1" covered="17"/><counter type="LINE" missed="1" covered="22"/><counter type="COMPLEXITY" missed="1" covered="9"/><counter type="METHOD" missed="0" covered="1"/></method><method name="sortWithIndices" desc="([DII)[I" line="282"><counter type="INSTRUCTION" missed="2" covered="123"/><counter type="BRANCH" missed="1" covered="17"/><counter type="LINE" missed="1" covered="26"/><counter type="COMPLEXITY" missed="1" covered="9"/><counter type="METHOD" missed="0" covered="1"/></method><method name="sort" desc="([FII)V" line="351"><counter type="INSTRUCTION" missed="1" covered="93"/><counter type="BRANCH" missed="1" covered="17"/><counter type="LINE" missed="1" covered="22"/><counter type="COMPLEXITY" missed="1" covered="9"/><counter type="METHOD" missed="0" covered="1"/></method><method name="sortWithIndices" desc="([FII)[I" line="419"><counter type="INSTRUCTION" missed="2" covered="123"/><counter type="BRANCH" missed="1" covered="17"/><counter type="LINE" missed="1" covered="26"/><counter type="COMPLEXITY" missed="1" covered="9"/><counter type="METHOD" missed="0" covered="1"/></method><method name="sort" desc="([III)V" line="488"><counter type="INSTRUCTION" missed="1" covered="92"/><counter type="BRANCH" missed="1" covered="17"/><counter type="LINE" missed="1" covered="22"/><counter type="COMPLEXITY" missed="1" covered="9"/><counter type="METHOD" missed="0" covered="1"/></method><method name="sortWithIndices" desc="([III)[I" line="556"><counter type="INSTRUCTION" missed="2" covered="122"/><counter type="BRANCH" missed="1" covered="17"/><counter type="LINE" missed="1" covered="26"/><counter type="COMPLEXITY" missed="1" covered="9"/><counter type="METHOD" missed="0" covered="1"/></method><method name="sort" desc="([JII)V" line="625"><counter type="INSTRUCTION" missed="1" covered="93"/><counter type="BRANCH" missed="1" covered="17"/><counter type="LINE" missed="1" covered="22"/><counter type="COMPLEXITY" missed="1" covered="9"/><counter type="METHOD" missed="0" covered="1"/></method><method name="sortWithIndices" desc="([JII)[I" line="693"><counter type="INSTRUCTION" missed="2" covered="123"/><counter type="BRANCH" missed="1" covered="17"/><counter type="LINE" missed="1" covered="26"/><counter type="COMPLEXITY" missed="1" covered="9"/><counter type="METHOD" missed="0" covered="1"/></method><counter type="INSTRUCTION" missed="15" covered="1085"/><counter type="BRANCH" missed="10" covered="170"/><counter type="LINE" missed="10" covered="242"/><counter type="COMPLEXITY" missed="10" covered="92"/><counter type="METHOD" missed="0" covered="12"/><counter type="CLASS" missed="0" covered="1"/></class><class name="com/irurueta/sorting/QuicksortSorter" sourcefilename="QuicksortSorter.java"><method name="&lt;init&gt;" desc="()V" line="30"><counter type="INSTRUCTION" missed="0" covered="3"/><counter type="LINE" missed="0" covered="1"/><counter type="COMPLEXITY" missed="0" covered="1"/><counter type="METHOD" missed="0" covered="1"/></method><method name="sort" desc="([Ljava/lang/Object;IILjava/util/Comparator;)V" line="64"><counter type="INSTRUCTION" missed="5" covered="309"/><counter type="BRANCH" missed="2" covered="32"/><counter type="LINE" missed="2" covered="52"/><counter type="COMPLEXITY" missed="2" covered="16"/><counter type="METHOD" missed="0" covered="1"/></method><method name="sortWithIndices" desc="([Ljava/lang/Object;IILjava/util/Comparator;)[I" line="194"><counter type="INSTRUCTION" missed="6" covered="418"/><counter type="BRANCH" missed="2" covered="32"/><counter type="LINE" missed="2" covered="64"/><counter type="COMPLEXITY" missed="2" covered="16"/><counter type="METHOD" missed="0" covered="1"/></method><method name="getMethod" desc="()Lcom/irurueta/sorting/SortingMethod;" line="318"><counter type="INSTRUCTION" missed="0" covered="2"/><counter type="LINE" missed="0" covered="1"/><counter type="COMPLEXITY" missed="0" covered="1"/><counter type="METHOD" missed="0" covered="1"/></method><method name="sort" desc="([DII)V" line="340"><counter type="INSTRUCTION" missed="5" covered="303"/><counter type="BRANCH" missed="2" covered="32"/><counter type="LINE" missed="2" covered="52"/><counter type="COMPLEXITY" missed="2" covered="16"/><counter type="METHOD" missed="0" covered="1"/></method><method name="sortWithIndices" desc="([DII)[I" line="468"><counter type="INSTRUCTION" missed="6" covered="412"/><counter type="BRANCH" missed="2" covered="32"/><counter type="LINE" missed="2" covered="64"/><counter type="COMPLEXITY" missed="2" covered="16"/><counter type="METHOD" missed="0" covered="1"/></method><method name="sort" desc="([FII)V" line="605"><counter type="INSTRUCTION" missed="5" covered="303"/><counter type="BRANCH" missed="2" covered="32"/><counter type="LINE" missed="2" covered="52"/><counter type="COMPLEXITY" missed="2" covered="16"/><counter type="METHOD" missed="0" covered="1"/></method><method name="sortWithIndices" desc="([FII)[I" line="733"><counter type="INSTRUCTION" missed="6" covered="412"/><counter type="BRANCH" missed="2" covered="32"/><counter type="LINE" missed="2" covered="64"/><counter type="COMPLEXITY" missed="2" covered="16"/><counter type="METHOD" missed="0" covered="1"/></method><method name="sort" desc="([III)V" line="870"><counter type="INSTRUCTION" missed="5" covered="297"/><counter type="BRANCH" missed="2" covered="32"/><counter type="LINE" missed="2" covered="52"/><counter type="COMPLEXITY" missed="2" covered="16"/><counter type="METHOD" missed="0" covered="1"/></method><method name="sortWithIndices" desc="([III)[I" line="998"><counter type="INSTRUCTION" missed="6" covered="406"/><counter type="BRANCH" missed="2" covered="32"/><counter type="LINE" missed="2" covered="64"/><counter type="COMPLEXITY" missed="2" covered="16"/><counter type="METHOD" missed="0" covered="1"/></method><method name="sort" desc="([JII)V" line="1135"><counter type="INSTRUCTION" missed="5" covered="303"/><counter type="BRANCH" missed="2" covered="32"/><counter type="LINE" missed="2" covered="52"/><counter type="COMPLEXITY" missed="2" covered="16"/><counter type="METHOD" missed="0" covered="1"/></method><method name="sortWithIndices" desc="([JII)[I" line="1263"><counter type="INSTRUCTION" missed="6" covered="412"/><counter type="BRANCH" missed="2" covered="32"/><counter type="LINE" missed="2" covered="64"/><counter type="COMPLEXITY" missed="2" covered="16"/><counter type="METHOD" missed="0" covered="1"/></method><method name="swapIndices" desc="([III)V" line="1388"><counter type="INSTRUCTION" missed="0" covered="15"/><counter type="LINE" missed="0" covered="4"/><counter type="COMPLEXITY" missed="0" covered="1"/><counter type="METHOD" missed="0" covered="1"/></method><counter type="INSTRUCTION" missed="55" covered="3595"/><counter type="BRANCH" missed="20" covered="320"/><counter type="LINE" missed="20" covered="586"/><counter type="COMPLEXITY" missed="20" covered="163"/><counter type="METHOD" missed="0" covered="13"/><counter type="CLASS" missed="0" covered="1"/></class><class name="com/irurueta/sorting/SystemSorter" sourcefilename="SystemSorter.java"><method name="&lt;init&gt;" desc="()V" line="34"><counter type="INSTRUCTION" missed="0" covered="3"/><counter type="LINE" missed="0" covered="1"/><counter type="COMPLEXITY" missed="0" covered="1"/><counter type="METHOD" missed="0" covered="1"/></method><method name="sort" desc="([Ljava/lang/Object;IILjava/util/Comparator;)V" line="57"><counter type="INSTRUCTION" missed="0" covered="6"/><counter type="LINE" missed="0" covered="2"/><counter type="COMPLEXITY" missed="0" covered="1"/><counter type="METHOD" missed="0" covered="1"/></method><method name="sort" desc="([DII)V" line="79"><counter type="INSTRUCTION" missed="0" covered="5"/><counter type="LINE" missed="0" covered="2"/><counter type="COMPLEXITY" missed="0" covered="1"/><counter type="METHOD" missed="0" covered="1"/></method><method name="sort" desc="([FII)V" line="101"><counter type="INSTRUCTION" missed="0" covered="5"/><counter type="LINE" missed="0" covered="2"/><counter type="COMPLEXITY" missed="0" covered="1"/><counter type="METHOD" missed="0" covered="1"/></method><method name="sort" desc="([III)V" line="123"><counter type="INSTRUCTION" missed="0" covered="5"/><counter type="LINE" missed="0" covered="2"/><counter type="COMPLEXITY" missed="0" covered="1"/><counter type="METHOD" missed="0" covered="1"/></method><method name="sort" desc="([JII)V" line="145"><counter type="INSTRUCTION" missed="0" covered="5"/><counter type="LINE" missed="0" covered="2"/><counter type="COMPLEXITY" missed="0" covered="1"/><counter type="METHOD" missed="0" covered="1"/></method><method name="getMethod" desc="()Lcom/irurueta/sorting/SortingMethod;" line="154"><counter type="INSTRUCTION" missed="0" covered="2"/><counter type="LINE" missed="0" covered="1"/><counter type="COMPLEXITY" missed="0" covered="1"/><counter type="METHOD" missed="0" covered="1"/></method><counter type="INSTRUCTION" missed="0" covered="31"/><counter type="LINE" missed="0" covered="12"/><counter type="COMPLEXITY" missed="0" covered="7"/><counter type="METHOD" missed="0" covered="7"/><counter type="CLASS" missed="0" covered="1"/></class><class name="com/irurueta/sorting/Sorter$2" sourcefilename="Sorter.java"><method name="&lt;init&gt;" desc="(Lcom/irurueta/sorting/Sorter;)V" line="413"><counter type="INSTRUCTION" missed="0" covered="6"/><counter type="LINE" missed="0" covered="1"/><counter type="COMPLEXITY" missed="0" covered="1"/><counter type="METHOD" missed="0" covered="1"/></method><method name="compare" desc="(Ljava/lang/Object;Ljava/lang/Object;)I" line="416"><counter type="INSTRUCTION" missed="0" covered="10"/><counter type="LINE" missed="0" covered="3"/><counter type="COMPLEXITY" missed="0" covered="1"/><counter type="METHOD" missed="0" covered="1"/></method><counter type="INSTRUCTION" missed="0" covered="16"/><counter type="LINE" missed="0" covered="4"/><counter type="COMPLEXITY" missed="0" covered="2"/><counter type="METHOD" missed="0" covered="2"/><counter type="CLASS" missed="0" covered="1"/></class><class name="com/irurueta/sorting/BuildInfo" sourcefilename="BuildInfo.java"><method name="&lt;init&gt;" desc="()V" line="131"><counter type="INSTRUCTION" missed="12" covered="66"/><counter type="BRANCH" missed="1" covered="1"/><counter type="LINE" missed="4" covered="18"/><counter type="COMPLEXITY" missed="1" covered="1"/><counter type="METHOD" missed="0" covered="1"/></method><method name="getInstance" desc="()Lcom/irurueta/sorting/BuildInfo;" line="172"><counter type="INSTRUCTION" missed="0" covered="19"/><counter type="BRANCH" missed="1" covered="3"/><counter type="LINE" missed="0" covered="4"/><counter type="COMPLEXITY" missed="1" covered="2"/><counter type="METHOD" missed="0" covered="1"/></method><method name="getBuildTimestamp" desc="()Ljava/util/Date;" line="185"><counter type="INSTRUCTION" missed="0" covered="5"/><counter type="LINE" missed="0" covered="1"/><counter type="COMPLEXITY" missed="0" covered="1"/><counter type="METHOD" missed="0" covered="1"/></method><method name="getGroupId" desc="()Ljava/lang/String;" line="193"><counter type="INSTRUCTION" missed="0" covered="3"/><counter type="LINE" missed="0" covered="1"/><counter type="COMPLEXITY" missed="0" covered="1"/><counter type="METHOD" missed="0" covered="1"/></method><method name="getArtifactId" desc="()Ljava/lang/String;" line="201"><counter type="INSTRUCTION" missed="0" covered="3"/><counter type="LINE" missed="0" covered="1"/><counter type="COMPLEXITY" missed="0" covered="1"/><counter type="METHOD" missed="0" covered="1"/></method><method name="getVersion" desc="()Ljava/lang/String;" line="209"><counter type="INSTRUCTION" missed="0" covered="3"/><counter type="LINE" missed="0" covered="1"/><counter type="COMPLEXITY" missed="0" covered="1"/><counter type="METHOD" missed="0" covered="1"/></method><method name="getBuildNumber" desc="()Ljava/lang/String;" line="217"><counter type="INSTRUCTION" missed="0" covered="3"/><counter type="LINE" missed="0" covered="1"/><counter type="COMPLEXITY" missed="0" covered="1"/><counter type="METHOD" missed="0" covered="1"/></method><method name="getCommit" desc="()Ljava/lang/String;" line="225"><counter type="INSTRUCTION" missed="0" covered="3"/><counter type="LINE" missed="0" covered="1"/><counter type="COMPLEXITY" missed="0" covered="1"/><counter type="METHOD" missed="0" covered="1"/></method><method name="getBranch" desc="()Ljava/lang/String;" line="233"><counter type="INSTRUCTION" missed="0" covered="3"/><counter type="LINE" missed="0" covered="1"/><counter type="COMPLEXITY" missed="0" covered="1"/><counter type="METHOD" missed="0" covered="1"/></method><method name="&lt;clinit&gt;" desc="()V" line="37"><counter type="INSTRUCTION" missed="0" covered="5"/><counter type="LINE" missed="0" covered="2"/><counter type="COMPLEXITY" missed="0" covered="1"/><counter type="METHOD" missed="0" covered="1"/></method><counter type="INSTRUCTION" missed="12" covered="113"/><counter type="BRANCH" missed="2" covered="4"/><counter type="LINE" missed="4" covered="31"/><counter type="COMPLEXITY" missed="2" covered="11"/><counter type="METHOD" missed="0" covered="10"/><counter type="CLASS" missed="0" covered="1"/></class><class name="com/irurueta/sorting/Sorter$3" sourcefilename="Sorter.java"><method name="&lt;init&gt;" desc="(Lcom/irurueta/sorting/Sorter;)V" line="598"><counter type="INSTRUCTION" missed="0" covered="6"/><counter type="LINE" missed="0" covered="1"/><counter type="COMPLEXITY" missed="0" covered="1"/><counter type="METHOD" missed="0" covered="1"/></method><method name="compare" desc="(Ljava/lang/Object;Ljava/lang/Object;)I" line="601"><counter type="INSTRUCTION" missed="0" covered="10"/><counter type="LINE" missed="0" covered="3"/><counter type="COMPLEXITY" missed="0" covered="1"/><counter type="METHOD" missed="0" covered="1"/></method><counter type="INSTRUCTION" missed="0" covered="16"/><counter type="LINE" missed="0" covered="4"/><counter type="COMPLEXITY" missed="0" covered="2"/><counter type="METHOD" missed="0" covered="2"/><counter type="CLASS" missed="0" covered="1"/></class><class name="com/irurueta/sorting/Sorter$1" sourcefilename="Sorter.java"><method name="&lt;init&gt;" desc="(Lcom/irurueta/sorting/Sorter;)V" line="271"><counter type="INSTRUCTION" missed="0" covered="6"/><counter type="LINE" missed="0" covered="1"/><counter type="COMPLEXITY" missed="0" covered="1"/><counter type="METHOD" missed="0" covered="1"/></method><method name="compare" desc="(Ljava/lang/Object;Ljava/lang/Object;)I" line="275"><counter type="INSTRUCTION" missed="0" covered="10"/><counter type="LINE" missed="0" covered="3"/><counter type="COMPLEXITY" missed="0" covered="1"/><counter type="METHOD" missed="0" covered="1"/></method><counter type="INSTRUCTION" missed="0" covered="16"/><counter type="LINE" missed="0" covered="4"/><counter type="COMPLEXITY" missed="0" covered="2"/><counter type="METHOD" missed="0" covered="2"/><counter type="CLASS" missed="0" covered="1"/></class><class name="com/irurueta/sorting/Sorter" sourcefilename="Sorter.java"><method name="&lt;init&gt;" desc="()V" line="26"><counter type="INSTRUCTION" missed="0" covered="3"/><counter type="LINE" missed="0" covered="1"/><counter type="COMPLEXITY" missed="0" covered="1"/><counter type="METHOD" missed="0" covered="1"/></method><method name="sort" desc="([Ljava/lang/Comparable;II)V" line="271"><counter type="INSTRUCTION" missed="0" covered="11"/><counter type="LINE" missed="0" covered="2"/><counter type="COMPLEXITY" missed="0" covered="1"/><counter type="METHOD" missed="0" covered="1"/></method><method name="sort" desc="([Ljava/lang/Comparable;)V" line="295"><counter type="INSTRUCTION" missed="0" covered="7"/><counter type="LINE" missed="0" covered="2"/><counter type="COMPLEXITY" missed="0" covered="1"/><counter type="METHOD" missed="0" covered="1"/></method><method name="sort" desc="([Ljava/lang/Object;Ljava/util/Comparator;)V" line="315"><counter type="INSTRUCTION" missed="0" covered="8"/><counter type="LINE" missed="0" covered="2"/><counter type="COMPLEXITY" missed="0" covered="1"/><counter type="METHOD" missed="0" covered="1"/></method><method name="sort" desc="([D)V" line="333"><counter type="INSTRUCTION" missed="0" covered="7"/><counter type="LINE" missed="0" covered="2"/><counter type="COMPLEXITY" missed="0" covered="1"/><counter type="METHOD" missed="0" covered="1"/></method><method name="sort" desc="([F)V" line="350"><counter type="INSTRUCTION" missed="0" covered="7"/><counter type="LINE" missed="0" covered="2"/><counter type="COMPLEXITY" missed="0" covered="1"/><counter type="METHOD" missed="0" covered="1"/></method><method name="sort" desc="([I)V" line="367"><counter type="INSTRUCTION" missed="0" covered="7"/><counter type="LINE" missed="0" covered="2"/><counter type="COMPLEXITY" missed="0" covered="1"/><counter type="METHOD" missed="0" covered="1"/></method><method name="sort" desc="([J)V" line="384"><counter type="INSTRUCTION" missed="0" covered="7"/><counter type="LINE" missed="0" covered="2"/><counter type="COMPLEXITY" missed="0" covered="1"/><counter type="METHOD" missed="0" covered="1"/></method><method name="sortWithIndices" desc="([Ljava/lang/Comparable;II)[I" line="413"><counter type="INSTRUCTION" missed="0" covered="11"/><counter type="LINE" missed="0" covered="1"/><counter type="COMPLEXITY" missed="0" covered="1"/><counter type="METHOD" missed="0" covered="1"/></method><method name="sortWithIndices" desc="([Ljava/lang/Comparable;)[I" line="440"><counter type="INSTRUCTION" missed="0" covered="7"/><counter type="LINE" missed="0" covered="1"/><counter type="COMPLEXITY" missed="0" covered="1"/><counter type="METHOD" missed="0" covered="1"/></method><method name="sortWithIndices" desc="([Ljava/lang/Object;Ljava/util/Comparator;)[I" line="462"><counter type="INSTRUCTION" missed="0" covered="8"/><counter type="LINE" missed="0" covered="1"/><counter type="COMPLEXITY" missed="0" covered="1"/><counter type="METHOD" missed="0" covered="1"/></method><method name="sortWithIndices" desc="([D)[I" line="481"><counter type="INSTRUCTION" missed="0" covered="7"/><counter type="LINE" missed="0" covered="1"/><counter type="COMPLEXITY" missed="0" covered="1"/><counter type="METHOD" missed="0" covered="1"/></method><method name="sortWithIndices" desc="([F)[I" line="500"><counter type="INSTRUCTION" missed="0" covered="7"/><counter type="LINE" missed="0" covered="1"/><counter type="COMPLEXITY" missed="0" covered="1"/><counter type="METHOD" missed="0" covered="1"/></method><method name="sortWithIndices" desc="([I)[I" line="519"><counter type="INSTRUCTION" missed="0" covered="7"/><counter type="LINE" missed="0" covered="1"/><counter type="COMPLEXITY" missed="0" covered="1"/><counter type="METHOD" missed="0" covered="1"/></method><method name="sortWithIndices" desc="([J)[I" line="538"><counter type="INSTRUCTION" missed="0" covered="7"/><counter type="LINE" missed="0" covered="1"/><counter type="COMPLEXITY" missed="0" covered="1"/><counter type="METHOD" missed="0" covered="1"/></method><method name="select" desc="(I[Ljava/lang/Comparable;)Ljava/lang/Object;" line="563"><counter type="INSTRUCTION" missed="0" covered="8"/><counter type="LINE" missed="0" covered="1"/><counter type="COMPLEXITY" missed="0" covered="1"/><counter type="METHOD" missed="0" covered="1"/></method><method name="select" desc="(I[Ljava/lang/Comparable;II)Ljava/lang/Object;" line="598"><counter type="INSTRUCTION" missed="0" covered="12"/><counter type="LINE" missed="0" covered="1"/><counter type="COMPLEXITY" missed="0" covered="1"/><counter type="METHOD" missed="0" covered="1"/></method><method name="select" desc="(I[Ljava/lang/Object;Ljava/util/Comparator;)Ljava/lang/Object;" line="633"><counter type="INSTRUCTION" missed="0" covered="9"/><counter type="LINE" missed="0" covered="1"/><counter type="COMPLEXITY" missed="0" covered="1"/><counter type="METHOD" missed="0" covered="1"/></method><method name="select" desc="(I[D)D" line="658"><counter type="INSTRUCTION" missed="0" covered="8"/><counter type="LINE" missed="0" covered="1"/><counter type="COMPLEXITY" missed="0" covered="1"/><counter type="METHOD" missed="0" covered="1"/></method><method name="select" desc="(I[F)F" line="683"><counter type="INSTRUCTION" missed="0" covered="8"/><counter type="LINE" missed="0" covered="1"/><counter type="COMPLEXITY" missed="0" covered="1"/><counter type="METHOD" missed="0" covered="1"/></method><method name="select" desc="(I[I)I" line="708"><counter type="INSTRUCTION" missed="0" covered="8"/><counter type="LINE" missed="0" covered="1"/><counter type="COMPLEXITY" missed="0" covered="1"/><counter type="METHOD" missed="0" covered="1"/></method><method name="select" desc="(I[J)J" line="733"><counter type="INSTRUCTION" missed="0" covered="8"/><counter type="LINE" missed="0" covered="1"/><counter type="COMPLEXITY" missed="0" covered="1"/><counter type="METHOD" missed="0" covered="1"/></method><method name="select" desc="(I[Ljava/lang/Object;IILjava/util/Comparator;)Ljava/lang/Object;" line="771"><counter type="INSTRUCTION" missed="0" covered="242"/><counter type="BRANCH" missed="0" covered="30"/><counter type="LINE" missed="0" covered="37"/><counter type="COMPLEXITY" missed="0" covered="16"/><counter type="METHOD" missed="0" covered="1"/></method><method name="select" desc="(I[DII)D" line="875"><counter type="INSTRUCTION" missed="0" covered="236"/><counter type="BRANCH" missed="0" covered="30"/><counter type="LINE" missed="0" covered="37"/><counter type="COMPLEXITY" missed="0" covered="16"/><counter type="METHOD" missed="0" covered="1"/></method><method name="select" desc="(I[FII)F" line="975"><counter type="INSTRUCTION" missed="0" covered="236"/><counter type="BRANCH" missed="0" covered="30"/><counter type="LINE" missed="0" covered="37"/><counter type="COMPLEXITY" missed="0" covered="16"/><counter type="METHOD" missed="0" covered="1"/></method><method name="select" desc="(I[III)I" line="1075"><counter type="INSTRUCTION" missed="0" covered="230"/><counter type="BRANCH" missed="0" covered="30"/><counter type="LINE" missed="0" covered="37"/><counter type="COMPLEXITY" missed="0" covered="16"/><counter type="METHOD" missed="0" covered="1"/></method><method name="select" desc="(I[JII)J" line="1175"><counter type="INSTRUCTION" missed="0" covered="236"/><counter type="BRANCH" missed="0" covered="30"/><counter type="LINE" missed="0" covered="37"/><counter type="COMPLEXITY" missed="0" covered="16"/><counter type="METHOD" missed="0" covered="1"/></method><method name="median" desc="([Ljava/lang/Comparable;)Ljava/lang/Object;" line="1255"><counter type="INSTRUCTION" missed="0" covered="7"/><counter type="LINE" missed="0" covered="1"/><counter type="COMPLEXITY" missed="0" covered="1"/><counter type="METHOD" missed="0" covered="1"/></method><method name="median" desc="([Ljava/lang/Comparable;II)Ljava/lang/Object;" line="1282"><counter type="INSTRUCTION" missed="0" covered="11"/><counter type="LINE" missed="0" covered="1"/><counter type="COMPLEXITY" missed="0" covered="1"/><counter type="METHOD" missed="0" covered="1"/></method><method name="median" desc="([Ljava/lang/Object;Lcom/irurueta/sorting/ComparatorAndAverager;)Ljava/lang/Object;" line="1354"><counter type="INSTRUCTION" missed="0" covered="8"/><counter type="LINE" missed="0" covered="1"/><counter type="COMPLEXITY" missed="0" covered="1"/><counter type="METHOD" missed="0" covered="1"/></method><method name="median" desc="([D)D" line="1369"><counter type="INSTRUCTION" missed="0" covered="7"/><counter type="LINE" missed="0" covered="1"/><counter type="COMPLEXITY" missed="0" covered="1"/><counter type="METHOD" missed="0" covered="1"/></method><method name="median" desc="([F)F" line="1384"><counter type="INSTRUCTION" missed="0" covered="7"/><counter type="LINE" missed="0" covered="1"/><counter type="COMPLEXITY" missed="0" covered="1"/><counter type="METHOD" missed="0" covered="1"/></method><method name="median" desc="([I)I" line="1399"><counter type="INSTRUCTION" missed="0" covered="7"/><counter type="LINE" missed="0" covered="1"/><counter type="COMPLEXITY" missed="0" covered="1"/><counter type="METHOD" missed="0" covered="1"/></method><method name="median" desc="([J)J" line="1414"><counter type="INSTRUCTION" missed="0" covered="7"/><counter type="LINE" missed="0" covered="1"/><counter type="COMPLEXITY" missed="0" covered="1"/><counter type="METHOD" missed="0" covered="1"/></method><method name="median" desc="([Ljava/lang/Object;IILcom/irurueta/sorting/ComparatorAndAverager;)Ljava/lang/Object;" line="1443"><counter type="INSTRUCTION" missed="0" covered="68"/><counter type="BRANCH" missed="0" covered="12"/><counter type="LINE" missed="0" covered="15"/><counter type="COMPLEXITY" missed="0" covered="7"/><counter type="METHOD" missed="0" covered="1"/></method><method name="median" desc="([DII)D" line="1505"><counter type="INSTRUCTION" missed="0" covered="67"/><counter type="BRANCH" missed="0" covered="12"/><counter type="LINE" missed="0" covered="15"/><counter type="COMPLEXITY" missed="0" covered="7"/><counter type="METHOD" missed="0" covered="1"/></method><method name="median" desc="([FII)F" line="1567"><counter type="INSTRUCTION" missed="0" covered="67"/><counter type="BRANCH" missed="0" covered="12"/><counter type="LINE" missed="0" covered="15"/><counter type="COMPLEXITY" missed="0" covered="7"/><counter type="METHOD" missed="0" covered="1"/></method><method name="median" desc="([III)I" line="1629"><counter type="INSTRUCTION" missed="0" covered="69"/><counter type="BRANCH" missed="0" covered="12"/><counter type="LINE" missed="0" covered="15"/><counter type="COMPLEXITY" missed="0" covered="7"/><counter type="METHOD" missed="0" covered="1"/></method><method name="median" desc="([JII)J" line="1691"><counter type="INSTRUCTION" missed="0" covered="70"/><counter type="BRANCH" missed="0" covered="12"/><counter type="LINE" missed="0" covered="15"/><counter type="COMPLEXITY" missed="0" covered="7"/><counter type="METHOD" missed="0" covered="1"/></method><method name="create" desc="()Lcom/irurueta/sorting/Sorter;" line="1743"><counter type="INSTRUCTION" missed="0" covered="3"/><counter type="LINE" missed="0" covered="1"/><counter type="COMPLEXITY" missed="0" covered="1"/><counter type="METHOD" missed="0" covered="1"/></method><method name="create" desc="(Lcom/irurueta/sorting/SortingMethod;)Lcom/irurueta/sorting/Sorter;" line="1752"><counter type="INSTRUCTION" missed="0" covered="25"/><counter type="BRANCH" missed="0" covered="5"/><counter type="LINE" missed="0" covered="6"/><counter type="COMPLEXITY" missed="0" covered="5"/><counter type="METHOD" missed="0" covered="1"/></method><method name="getInitialIndicesVector" desc="(I)[I" line="1774"><counter type="INSTRUCTION" missed="0" covered="16"/><counter type="BRANCH" missed="0" covered="2"/><counter type="LINE" missed="0" covered="4"/><counter type="COMPLEXITY" missed="0" covered="2"/><counter type="METHOD" missed="0" covered="1"/></method><method name="swap" desc="([Ljava/lang/Object;II)V" line="1790"><counter type="INSTRUCTION" missed="0" covered="15"/><counter type="LINE" missed="0" covered="4"/><counter type="COMPLEXITY" missed="0" covered="1"/><counter type="METHOD" missed="0" covered="1"/></method><method name="swap" desc="([DII)V" line="1802"><counter type="INSTRUCTION" missed="0" covered="15"/><counter type="LINE" missed="0" covered="4"/><counter type="COMPLEXITY" missed="0" covered="1"/><counter type="METHOD" missed="0" covered="1"/></method><method name="swap" desc="([FII)V" line="1814"><counter type="INSTRUCTION" missed="0" covered="15"/><counter type="LINE" missed="0" covered="4"/><counter type="COMPLEXITY" missed="0" covered="1"/><counter type="METHOD" missed="0" covered="1"/></method><method name="swap" desc="([III)V" line="1826"><counter type="INSTRUCTION" missed="0" covered="15"/><counter type="LINE" missed="0" covered="4"/><counter type="COMPLEXITY" missed="0" covered="1"/><counter type="METHOD" missed="0" covered="1"/></method><method name="swap" desc="([JII)V" line="1838"><counter type="INSTRUCTION" missed="0" covered="15"/><counter type="LINE" missed="0" covered="4"/><counter type="COMPLEXITY" missed="0" covered="1"/><counter type="METHOD" missed="0" covered="1"/></method><method name="&lt;clinit&gt;" desc="()V" line="31"><counter type="INSTRUCTION" missed="0" covered="3"/><counter type="LINE" missed="0" covered="1"/><counter type="COMPLEXITY" missed="0" covered="1"/><counter type="METHOD" missed="0" covered="1"/></method><counter type="INSTRUCTION" missed="0" covered="1869"/><counter type="BRANCH" missed="0" covered="217"/><counter type="LINE" missed="0" covered="328"/><counter type="COMPLEXITY" missed="0" covered="158"/><counter type="METHOD" missed="0" covered="48"/><counter type="CLASS" missed="0" covered="1"/></class><class name="com/irurueta/sorting/SortingException" sourcefilename="SortingException.java"><method name="&lt;init&gt;" desc="()V" line="27"><counter type="INSTRUCTION" missed="0" covered="3"/><counter type="LINE" missed="0" covered="2"/><counter type="COMPLEXITY" missed="0" covered="1"/><counter type="METHOD" missed="0" covered="1"/></method><method name="&lt;init&gt;" desc="(Ljava/lang/String;)V" line="35"><counter type="INSTRUCTION" missed="0" covered="4"/><counter type="LINE" missed="0" covered="2"/><counter type="COMPLEXITY" missed="0" covered="1"/><counter type="METHOD" missed="0" covered="1"/></method><method name="&lt;init&gt;" desc="(Ljava/lang/String;Ljava/lang/Throwable;)V" line="44"><counter type="INSTRUCTION" missed="0" covered="5"/><counter type="LINE" missed="0" covered="2"/><counter type="COMPLEXITY" missed="0" covered="1"/><counter type="METHOD" missed="0" covered="1"/></method><method name="&lt;init&gt;" desc="(Ljava/lang/Throwable;)V" line="52"><counter type="INSTRUCTION" missed="0" covered="4"/><counter type="LINE" missed="0" covered="2"/><counter type="COMPLEXITY" missed="0" covered="1"/><counter type="METHOD" missed="0" covered="1"/></method><counter type="INSTRUCTION" missed="0" covered="16"/><counter type="LINE" missed="0" covered="8"/><counter type="COMPLEXITY" missed="0" covered="4"/><counter type="METHOD" missed="0" covered="4"/><counter type="CLASS" missed="0" covered="1"/></class><class name="com/irurueta/sorting/Sorter$4" sourcefilename="Sorter.java"><method name="&lt;init&gt;" desc="(Lcom/irurueta/sorting/Sorter;)V" line="1282"><counter type="INSTRUCTION" missed="0" covered="6"/><counter type="LINE" missed="0" covered="1"/><counter type="COMPLEXITY" missed="0" covered="1"/><counter type="METHOD" missed="0" covered="1"/></method><method name="compare" desc="(Ljava/lang/Object;Ljava/lang/Object;)I" line="1285"><counter type="INSTRUCTION" missed="0" covered="10"/><counter type="LINE" missed="0" covered="3"/><counter type="COMPLEXITY" missed="0" covered="1"/><counter type="METHOD" missed="0" covered="1"/></method><method name="average" desc="(Ljava/lang/Object;Ljava/lang/Object;)Ljava/lang/Object;" line="1293"><counter type="INSTRUCTION" missed="121" covered="42"/><counter type="BRANCH" missed="23" covered="9"/><counter type="LINE" missed="20" covered="11"/><counter type="COMPLEXITY" missed="16" covered="1"/><counter type="METHOD" missed="0" covered="1"/></method><counter type="INSTRUCTION" missed="121" covered="58"/><counter type="BRANCH" missed="23" covered="9"/><counter type="LINE" missed="20" covered="15"/><counter type="COMPLEXITY" missed="16" covered="3"/><counter type="METHOD" missed="0" covered="3"/><counter type="CLASS" missed="0" covered="1"/></class><class name="com/irurueta/sorting/SortingMethod" sourcefilename="SortingMethod.java"><method name="&lt;clinit&gt;" desc="()V" line="21"><counter type="INSTRUCTION" missed="0" covered="54"/><counter type="LINE" missed="0" covered="6"/><counter type="COMPLEXITY" missed="0" covered="1"/><counter type="METHOD" missed="0" covered="1"/></method><counter type="INSTRUCTION" missed="0" covered="54"/><counter type="LINE" missed="0" covered="6"/><counter type="COMPLEXITY" missed="0" covered="1"/><counter type="METHOD" missed="0" covered="1"/><counter type="CLASS" missed="0" covered="1"/></class><class name="com/irurueta/sorting/StraightInsertionSorter" sourcefilename="StraightInsertionSorter.java"><method name="&lt;init&gt;" desc="()V" line="32"><counter type="INSTRUCTION" missed="0" covered="3"/><counter type="LINE" missed="0" covered="1"/><counter type="COMPLEXITY" missed="0" covered="1"/><counter type="METHOD" missed="0" covered="1"/></method><method name="sort" desc="([Ljava/lang/Object;IILjava/util/Comparator;)V" line="55"><counter type="INSTRUCTION" missed="1" covered="62"/><counter type="BRANCH" missed="1" covered="13"/><counter type="LINE" missed="1" covered="13"/><counter type="COMPLEXITY" missed="1" covered="7"/><counter type="METHOD" missed="0" covered="1"/></method><method name="sortWithIndices" desc="([Ljava/lang/Object;IILjava/util/Comparator;)[I" line="113"><counter type="INSTRUCTION" missed="2" covered="84"/><counter type="BRANCH" missed="1" covered="13"/><counter type="LINE" missed="1" covered="17"/><counter type="COMPLEXITY" missed="1" covered="7"/><counter type="METHOD" missed="0" covered="1"/></method><method name="getMethod" desc="()Lcom/irurueta/sorting/SortingMethod;" line="157"><counter type="INSTRUCTION" missed="0" covered="2"/><counter type="LINE" missed="0" covered="1"/><counter type="COMPLEXITY" missed="0" covered="1"/><counter type="METHOD" missed="0" covered="1"/></method><method name="sort" desc="([DII)V" line="179"><counter type="INSTRUCTION" missed="1" covered="61"/><counter type="BRANCH" missed="1" covered="13"/><counter type="LINE" missed="1" covered="13"/><counter type="COMPLEXITY" missed="1" covered="7"/><counter type="METHOD" missed="0" covered="1"/></method><method name="sortWithIndices" desc="([DII)[I" line="235"><counter type="INSTRUCTION" missed="2" covered="83"/><counter type="BRANCH" missed="1" covered="13"/><counter type="LINE" missed="1" covered="17"/><counter type="COMPLEXITY" missed="1" covered="7"/><counter type="METHOD" missed="0" covered="1"/></method><method name="sort" desc="([FII)V" line="292"><counter type="INSTRUCTION" missed="1" covered="61"/><counter type="BRANCH" missed="1" covered="13"/><counter type="LINE" missed="1" covered="13"/><counter type="COMPLEXITY" missed="1" covered="7"/><counter type="METHOD" missed="0" covered="1"/></method><method name="sortWithIndices" desc="([FII)[I" line="348"><counter type="INSTRUCTION" missed="2" covered="83"/><counter type="BRANCH" missed="1" covered="13"/><counter type="LINE" missed="1" covered="17"/><counter type="COMPLEXITY" missed="1" covered="7"/><counter type="METHOD" missed="0" covered="1"/></method><method name="sort" desc="([III)V" line="405"><counter type="INSTRUCTION" missed="1" covered="60"/><counter type="BRANCH" missed="1" covered="13"/><counter type="LINE" missed="1" covered="13"/><counter type="COMPLEXITY" missed="1" covered="7"/><counter type="METHOD" missed="0" covered="1"/></method><method name="sortWithIndices" desc="([III)[I" line="461"><counter type="INSTRUCTION" missed="2" covered="82"/><counter type="BRANCH" missed="1" covered="13"/><counter type="LINE" missed="1" covered="17"/><counter type="COMPLEXITY" missed="1" covered="7"/><counter type="METHOD" missed="0" covered="1"/></method><method name="sort" desc="([JII)V" line="518"><counter type="INSTRUCTION" missed="1" covered="61"/><counter type="BRANCH" missed="1" covered="13"/><counter type="LINE" missed="1" covered="13"/><counter type="COMPLEXITY" missed="1" covered="7"/><counter type="METHOD" missed="0" covered="1"/></method><method name="sortWithIndices" desc="([JII)[I" line="574"><counter type="INSTRUCTION" missed="2" covered="83"/><counter type="BRANCH" missed="1" covered="13"/><counter type="LINE" missed="1" covered="17"/><counter type="COMPLEXITY" missed="1" covered="7"/><counter type="METHOD" missed="0" covered="1"/></method><counter type="INSTRUCTION" missed="15" covered="725"/><counter type="BRANCH" missed="10" covered="130"/><counter type="LINE" missed="10" covered="152"/><counter type="COMPLEXITY" missed="10" covered="72"/><counter type="METHOD" missed="0" covered="12"/><counter type="CLASS" missed="0" covered="1"/></class><class name="com/irurueta/sorting/HeapsortSorter" sourcefilename="HeapsortSorter.java"><method name="&lt;init&gt;" desc="()V" line="32"><counter type="INSTRUCTION" missed="0" covered="3"/><counter type="LINE" missed="0" covered="1"/><counter type="COMPLEXITY" missed="0" covered="1"/><counter type="METHOD" missed="0" covered="1"/></method><method name="sort" desc="([Ljava/lang/Object;IILjava/util/Comparator;)V" line="55"><counter type="INSTRUCTION" missed="1" covered="68"/><counter type="BRANCH" missed="1" covered="11"/><counter type="LINE" missed="1" covered="12"/><counter type="COMPLEXITY" missed="1" covered="6"/><counter type="METHOD" missed="0" covered="1"/></method><method name="sortWithIndices" desc="([Ljava/lang/Object;IILjava/util/Comparator;)[I" line="105"><counter type="INSTRUCTION" missed="2" covered="83"/><counter type="BRANCH" missed="1" covered="11"/><counter type="LINE" missed="1" covered="14"/><counter type="COMPLEXITY" missed="1" covered="6"/><counter type="METHOD" missed="0" covered="1"/></method><method name="getMethod" desc="()Lcom/irurueta/sorting/SortingMethod;" line="140"><counter type="INSTRUCTION" missed="0" covered="2"/><counter type="LINE" missed="0" covered="1"/><counter type="COMPLEXITY" missed="0" covered="1"/><counter type="METHOD" missed="0" covered="1"/></method><method name="sort" desc="([DII)V" line="162"><counter type="INSTRUCTION" missed="1" covered="66"/><counter type="BRANCH" missed="1" covered="11"/><counter type="LINE" missed="1" covered="12"/><counter type="COMPLEXITY" missed="1" covered="6"/><counter type="METHOD" missed="0" covered="1"/></method><method name="sortWithIndices" desc="([DII)[I" line="210"><counter type="INSTRUCTION" missed="2" covered="81"/><counter type="BRANCH" missed="1" covered="11"/><counter type="LINE" missed="1" covered="14"/><counter type="COMPLEXITY" missed="1" covered="6"/><counter type="METHOD" missed="0" covered="1"/></method><method name="sort" desc="([FII)V" line="256"><counter type="INSTRUCTION" missed="1" covered="66"/><counter type="BRANCH" missed="1" covered="11"/><counter type="LINE" missed="1" covered="12"/><counter type="COMPLEXITY" missed="1" covered="6"/><counter type="METHOD" missed="0" covered="1"/></method><method name="sortWithIndices" desc="([FII)[I" line="304"><counter type="INSTRUCTION" missed="2" covered="81"/><counter type="BRANCH" missed="1" covered="11"/><counter type="LINE" missed="1" covered="14"/><counter type="COMPLEXITY" missed="1" covered="6"/><counter type="METHOD" missed="0" covered="1"/></method><method name="sort" desc="([III)V" line="350"><counter type="INSTRUCTION" missed="1" covered="66"/><counter type="BRANCH" missed="1" covered="11"/><counter type="LINE" missed="1" covered="12"/><counter type="COMPLEXITY" missed="1" covered="6"/><counter type="METHOD" missed="0" covered="1"/></method><method name="sortWithIndices" desc="([III)[I" line="398"><counter type="INSTRUCTION" missed="2" covered="81"/><counter type="BRANCH" missed="1" covered="11"/><counter type="LINE" missed="1" covered="14"/><counter type="COMPLEXITY" missed="1" covered="6"/><counter type="METHOD" missed="0" covered="1"/></method><method name="sort" desc="([JII)V" line="444"><counter type="INSTRUCTION" missed="1" covered="66"/><counter type="BRANCH" missed="1" covered="11"/><counter type="LINE" missed="1" covered="12"/><counter type="COMPLEXITY" missed="1" covered="6"/><counter type="METHOD" missed="0" covered="1"/></method><method name="sortWithIndices" desc="([JII)[I" line="492"><counter type="INSTRUCTION" missed="2" covered="81"/><counter type="BRANCH" missed="1" covered="11"/><counter type="LINE" missed="1" covered="14"/><counter type="COMPLEXITY" missed="1" covered="6"/><counter type="METHOD" missed="0" covered="1"/></method><method name="siftDown" desc="([Ljava/lang/Object;IILjava/util/Comparator;I)V" line="531"><counter type="INSTRUCTION" missed="0" covered="72"/><counter type="BRANCH" missed="0" covered="8"/><counter type="LINE" missed="0" covered="13"/><counter type="COMPLEXITY" missed="0" covered="5"/><counter type="METHOD" missed="0" covered="1"/></method><method name="siftDownWithIndices" desc="([Ljava/lang/Object;[IIILjava/util/Comparator;I)V" line="563"><counter type="INSTRUCTION" missed="0" covered="94"/><counter type="BRANCH" missed="0" covered="8"/><counter type="LINE" missed="0" covered="16"/><counter type="COMPLEXITY" missed="0" covered="5"/><counter type="METHOD" missed="0" covered="1"/></method><method name="swapIndices" desc="([III)V" line="591"><counter type="INSTRUCTION" missed="0" covered="15"/><counter type="LINE" missed="0" covered="4"/><counter type="COMPLEXITY" missed="0" covered="1"/><counter type="METHOD" missed="0" covered="1"/></method><method name="siftDown" desc="([DIII)V" line="606"><counter type="INSTRUCTION" missed="0" covered="70"/><counter type="BRANCH" missed="0" covered="8"/><counter type="LINE" missed="0" covered="13"/><counter type="COMPLEXITY" missed="0" covered="5"/><counter type="METHOD" missed="0" covered="1"/></method><method name="siftDownWithIndices" desc="([D[IIII)V" line="636"><counter type="INSTRUCTION" missed="0" covered="92"/><counter type="BRANCH" missed="0" covered="8"/><counter type="LINE" missed="0" covered="16"/><counter type="COMPLEXITY" missed="0" covered="5"/><counter type="METHOD" missed="0" covered="1"/></method><method name="siftDown" desc="([FIII)V" line="666"><counter type="INSTRUCTION" missed="0" covered="70"/><counter type="BRANCH" missed="0" covered="8"/><counter type="LINE" missed="0" covered="13"/><counter type="COMPLEXITY" missed="0" covered="5"/><counter type="METHOD" missed="0" covered="1"/></method><method name="siftDownWithIndices" desc="([F[IIII)V" line="696"><counter type="INSTRUCTION" missed="0" covered="92"/><counter type="BRANCH" missed="0" covered="8"/><counter type="LINE" missed="0" covered="16"/><counter type="COMPLEXITY" missed="0" covered="5"/><counter type="METHOD" missed="0" covered="1"/></method><method name="siftDown" desc="([IIII)V" line="726"><counter type="INSTRUCTION" missed="0" covered="68"/><counter type="BRANCH" missed="0" covered="8"/><counter type="LINE" missed="0" covered="13"/><counter type="COMPLEXITY" missed="0" covered="5"/><counter type="METHOD" missed="0" covered="1"/></method><method name="siftDownWithIndices" desc="([I[IIII)V" line="756"><counter type="INSTRUCTION" missed="0" covered="90"/><counter type="BRANCH" missed="0" covered="8"/><counter type="LINE" missed="0" covered="16"/><counter type="COMPLEXITY" missed="0" covered="5"/><counter type="METHOD" missed="0" covered="1"/></method><method name="siftDown" desc="([JIII)V" line="786"><counter type="INSTRUCTION" missed="0" covered="70"/><counter type="BRANCH" missed="0" covered="8"/><counter type="LINE" missed="0" covered="13"/><counter type="COMPLEXITY" missed="0" covered="5"/><counter type="METHOD" missed="0" covered="1"/></method><method name="siftDownWithIndices" desc="([J[IIII)V" line="816"><counter type="INSTRUCTION" missed="0" covered="92"/><counter type="BRANCH" missed="0" covered="8"/><counter type="LINE" missed="0" covered="16"/><counter type="COMPLEXITY" missed="0" covered="5"/><counter type="METHOD" missed="0" covered="1"/></method><counter type="INSTRUCTION" missed="15" covered="1569"/><counter type="BRANCH" missed="10" covered="190"/><counter type="LINE" missed="10" covered="281"/><counter type="COMPLEXITY" missed="10" covered="113"/><counter type="METHOD" missed="0" covered="23"/><counter type="CLASS" missed="0" covered="1"/></class><sourcefile name="SystemSorter.java"><line nr="34" mi="0" ci="3" mb="0" cb="0"/><line nr="57" mi="0" ci="5" mb="0" cb="0"/><line nr="58" mi="0" ci="1" mb="0" cb="0"/><line nr="79" mi="0" ci="4" mb="0" cb="0"/><line nr="80" mi="0" ci="1" mb="0" cb="0"/><line nr="101" mi="0" ci="4" mb="0" cb="0"/><line nr="102" mi="0" ci="1" mb="0" cb="0"/><line nr="123" mi="0" ci="4" mb="0" cb="0"/><line nr="124" mi="0" ci="1" mb="0" cb="0"/><line nr="145" mi="0" ci="4" mb="0" cb="0"/><line nr="146" mi="0" ci="1" mb="0" cb="0"/><line nr="154" mi="0" ci="2" mb="0" cb="0"/><counter type="INSTRUCTION" missed="0" covered="31"/><counter type="LINE" missed="0" covered="12"/><counter type="COMPLEXITY" missed="0" covered="7"/><counter type="METHOD" missed="0" covered="7"/><counter type="CLASS" missed="0" covered="1"/></sourcefile><sourcefile name="Sorter.java"><line nr="26" mi="0" ci="3" mb="0" cb="0"/><line nr="31" mi="0" ci="3" mb="0" cb="0"/><line nr="271" mi="0" ci="16" mb="0" cb="0"/><line nr="275" mi="0" ci="3" mb="0" cb="0"/><line nr="276" mi="0" ci="3" mb="0" cb="0"/><line nr="278" mi="0" ci="4" mb="0" cb="0"/><line nr="282" mi="0" ci="1" mb="0" cb="0"/><line nr="295" mi="0" ci="6" mb="0" cb="0"/><line nr="296" mi="0" ci="1" mb="0" cb="0"/><line nr="315" mi="0" ci="7" mb="0" cb="0"/><line nr="316" mi="0" ci="1" mb="0" cb="0"/><line nr="333" mi="0" ci="6" mb="0" cb="0"/><line nr="334" mi="0" ci="1" mb="0" cb="0"/><line nr="350" mi="0" ci="6" mb="0" cb="0"/><line nr="351" mi="0" ci="1" mb="0" cb="0"/><line nr="367" mi="0" ci="6" mb="0" cb="0"/><line nr="368" mi="0" ci="1" mb="0" cb="0"/><line nr="384" mi="0" ci="6" mb="0" cb="0"/><line nr="385" mi="0" ci="1" mb="0" cb="0"/><line nr="413" mi="0" ci="17" mb="0" cb="0"/><line nr="416" mi="0" ci="3" mb="0" cb="0"/><line nr="417" mi="0" ci="3" mb="0" cb="0"/><line nr="419" mi="0" ci="4" mb="0" cb="0"/><line nr="440" mi="0" ci="7" mb="0" cb="0"/><line nr="462" mi="0" ci="8" mb="0" cb="0"/><line nr="481" mi="0" ci="7" mb="0" cb="0"/><line nr="500" mi="0" ci="7" mb="0" cb="0"/><line nr="519" mi="0" ci="7" mb="0" cb="0"/><line nr="538" mi="0" ci="7" mb="0" cb="0"/><line nr="563" mi="0" ci="8" mb="0" cb="0"/><line nr="598" mi="0" ci="18" mb="0" cb="0"/><line nr="601" mi="0" ci="3" mb="0" cb="0"/><line nr="602" mi="0" ci="3" mb="0" cb="0"/><line nr="604" mi="0" ci="4" mb="0" cb="0"/><line nr="633" mi="0" ci="9" mb="0" cb="0"/><line nr="658" mi="0" ci="8" mb="0" cb="0"/><line nr="683" mi="0" ci="8" mb="0" cb="0"/><line nr="708" mi="0" ci="8" mb="0" cb="0"/><line nr="733" mi="0" ci="8" mb="0" cb="0"/><line nr="771" mi="0" ci="3" mb="0" cb="2"/><line nr="772" mi="0" ci="4" mb="0" cb="0"/><line nr="774" mi="0" ci="6" mb="0" cb="4"/><line nr="775" mi="0" ci="4" mb="0" cb="0"/><line nr="783" mi="0" ci="4" mb="0" cb="0"/><line nr="784" mi="0" ci="3" mb="0" cb="2"/><line nr="785" mi="0" ci="4" mb="0" cb="0"/><line nr="789" mi="0" ci="2" mb="0" cb="0"/><line nr="790" mi="0" ci="4" mb="0" cb="0"/><line nr="792" mi="0" ci="5" mb="0" cb="2"/><line nr="793" mi="0" ci="18" mb="0" cb="4"/><line nr="795" mi="0" ci="9" mb="0" cb="0"/><line nr="797" mi="0" ci="6" mb="0" cb="0"/><line nr="799" mi="0" ci="6" mb="0" cb="0"/><line nr="800" mi="0" ci="11" mb="0" cb="0"/><line nr="801" mi="0" ci="13" mb="0" cb="2"/><line nr="803" mi="0" ci="9" mb="0" cb="0"/><line nr="805" mi="0" ci="15" mb="0" cb="2"/><line nr="807" mi="0" ci="11" mb="0" cb="0"/><line nr="809" mi="0" ci="15" mb="0" cb="2"/><line nr="811" mi="0" ci="11" mb="0" cb="0"/><line nr="813" mi="0" ci="4" mb="0" cb="0"/><line nr="814" mi="0" ci="2" mb="0" cb="0"/><line nr="815" mi="0" ci="8" mb="0" cb="0"/><line nr="818" mi="0" ci="1" mb="0" cb="0"/><line nr="819" mi="0" ci="9" mb="0" cb="2"/><line nr="822" mi="0" ci="1" mb="0" cb="0"/><line nr="823" mi="0" ci="9" mb="0" cb="2"/><line nr="825" mi="0" ci="3" mb="0" cb="2"/><line nr="826" mi="0" ci="1" mb="0" cb="0"/><line nr="829" mi="0" ci="10" mb="0" cb="0"/><line nr="831" mi="0" ci="12" mb="0" cb="0"/><line nr="832" mi="0" ci="6" mb="0" cb="0"/><line nr="833" mi="0" ci="3" mb="0" cb="2"/><line nr="834" mi="0" ci="4" mb="0" cb="0"/><line nr="836" mi="0" ci="3" mb="0" cb="2"/><line nr="837" mi="0" ci="3" mb="0" cb="0"/><line nr="875" mi="0" ci="3" mb="0" cb="2"/><line nr="876" mi="0" ci="4" mb="0" cb="0"/><line nr="878" mi="0" ci="6" mb="0" cb="4"/><line nr="879" mi="0" ci="4" mb="0" cb="0"/><line nr="887" mi="0" ci="4" mb="0" cb="0"/><line nr="888" mi="0" ci="3" mb="0" cb="2"/><line nr="889" mi="0" ci="4" mb="0" cb="0"/><line nr="893" mi="0" ci="2" mb="0" cb="0"/><line nr="894" mi="0" ci="4" mb="0" cb="0"/><line nr="896" mi="0" ci="5" mb="0" cb="2"/><line nr="897" mi="0" ci="17" mb="0" cb="4"/><line nr="898" mi="0" ci="9" mb="0" cb="0"/><line nr="900" mi="0" ci="6" mb="0" cb="0"/><line nr="902" mi="0" ci="6" mb="0" cb="0"/><line nr="903" mi="0" ci="11" mb="0" cb="0"/><line nr="904" mi="0" ci="12" mb="0" cb="2"/><line nr="905" mi="0" ci="9" mb="0" cb="0"/><line nr="907" mi="0" ci="14" mb="0" cb="2"/><line nr="908" mi="0" ci="11" mb="0" cb="0"/><line nr="910" mi="0" ci="14" mb="0" cb="2"/><line nr="911" mi="0" ci="11" mb="0" cb="0"/><line nr="913" mi="0" ci="4" mb="0" cb="0"/><line nr="914" mi="0" ci="2" mb="0" cb="0"/><line nr="915" mi="0" ci="8" mb="0" cb="0"/><line nr="918" mi="0" ci="1" mb="0" cb="0"/><line nr="919" mi="0" ci="8" mb="0" cb="2"/><line nr="922" mi="0" ci="1" mb="0" cb="0"/><line nr="923" mi="0" ci="8" mb="0" cb="2"/><line nr="925" mi="0" ci="3" mb="0" cb="2"/><line nr="926" mi="0" ci="1" mb="0" cb="0"/><line nr="929" mi="0" ci="10" mb="0" cb="0"/><line nr="931" mi="0" ci="12" mb="0" cb="0"/><line nr="932" mi="0" ci="6" mb="0" cb="0"/><line nr="933" mi="0" ci="3" mb="0" cb="2"/><line nr="934" mi="0" ci="4" mb="0" cb="0"/><line nr="936" mi="0" ci="3" mb="0" cb="2"/><line nr="937" mi="0" ci="3" mb="0" cb="0"/><line nr="975" mi="0" ci="3" mb="0" cb="2"/><line nr="976" mi="0" ci="4" mb="0" cb="0"/><line nr="978" mi="0" ci="6" mb="0" cb="4"/><line nr="979" mi="0" ci="4" mb="0" cb="0"/><line nr="987" mi="0" ci="4" mb="0" cb="0"/><line nr="988" mi="0" ci="3" mb="0" cb="2"/><line nr="989" mi="0" ci="4" mb="0" cb="0"/><line nr="993" mi="0" ci="2" mb="0" cb="0"/><line nr="994" mi="0" ci="4" mb="0" cb="0"/><line nr="996" mi="0" ci="5" mb="0" cb="2"/><line nr="997" mi="0" ci="17" mb="0" cb="4"/><line nr="998" mi="0" ci="9" mb="0" cb="0"/><line nr="1000" mi="0" ci="6" mb="0" cb="0"/><line nr="1002" mi="0" ci="6" mb="0" cb="0"/><line nr="1003" mi="0" ci="11" mb="0" cb="0"/><line nr="1004" mi="0" ci="12" mb="0" cb="2"/><line nr="1005" mi="0" ci="9" mb="0" cb="0"/><line nr="1007" mi="0" ci="14" mb="0" cb="2"/><line nr="1008" mi="0" ci="11" mb="0" cb="0"/><line nr="1010" mi="0" ci="14" mb="0" cb="2"/><line nr="1011" mi="0" ci="11" mb="0" cb="0"/><line nr="1013" mi="0" ci="4" mb="0" cb="0"/><line nr="1014" mi="0" ci="2" mb="0" cb="0"/><line nr="1015" mi="0" ci="8" mb="0" cb="0"/><line nr="1018" mi="0" ci="1" mb="0" cb="0"/><line nr="1019" mi="0" ci="8" mb="0" cb="2"/><line nr="1022" mi="0" ci="1" mb="0" cb="0"/><line nr="1023" mi="0" ci="8" mb="0" cb="2"/><line nr="1025" mi="0" ci="3" mb="0" cb="2"/><line nr="1026" mi="0" ci="1" mb="0" cb="0"/><line nr="1029" mi="0" ci="10" mb="0" cb="0"/><line nr="1031" mi="0" ci="12" mb="0" cb="0"/><line nr="1032" mi="0" ci="6" mb="0" cb="0"/><line nr="1033" mi="0" ci="3" mb="0" cb="2"/><line nr="1034" mi="0" ci="4" mb="0" cb="0"/><line nr="1036" mi="0" ci="3" mb="0" cb="2"/><line nr="1037" mi="0" ci="3" mb="0" cb="0"/><line nr="1075" mi="0" ci="3" mb="0" cb="2"/><line nr="1076" mi="0" ci="4" mb="0" cb="0"/><line nr="1078" mi="0" ci="6" mb="0" cb="4"/><line nr="1079" mi="0" ci="4" mb="0" cb="0"/><line nr="1087" mi="0" ci="4" mb="0" cb="0"/><line nr="1088" mi="0" ci="3" mb="0" cb="2"/><line nr="1089" mi="0" ci="4" mb="0" cb="0"/><line nr="1093" mi="0" ci="2" mb="0" cb="0"/><line nr="1094" mi="0" ci="4" mb="0" cb="0"/><line nr="1096" mi="0" ci="5" mb="0" cb="2"/><line nr="1097" mi="0" ci="16" mb="0" cb="4"/><line nr="1098" mi="0" ci="9" mb="0" cb="0"/><line nr="1100" mi="0" ci="6" mb="0" cb="0"/><line nr="1102" mi="0" ci="6" mb="0" cb="0"/><line nr="1103" mi="0" ci="11" mb="0" cb="0"/><line nr="1104" mi="0" ci="11" mb="0" cb="2"/><line nr="1105" mi="0" ci="9" mb="0" cb="0"/><line nr="1107" mi="0" ci="13" mb="0" cb="2"/><line nr="1108" mi="0" ci="11" mb="0" cb="0"/><line nr="1110" mi="0" ci="13" mb="0" cb="2"/><line nr="1111" mi="0" ci="11" mb="0" cb="0"/><line nr="1113" mi="0" ci="4" mb="0" cb="0"/><line nr="1114" mi="0" ci="2" mb="0" cb="0"/><line nr="1115" mi="0" ci="8" mb="0" cb="0"/><line nr="1118" mi="0" ci="1" mb="0" cb="0"/><line nr="1119" mi="0" ci="7" mb="0" cb="2"/><line nr="1122" mi="0" ci="1" mb="0" cb="0"/><line nr="1123" mi="0" ci="7" mb="0" cb="2"/><line nr="1125" mi="0" ci="3" mb="0" cb="2"/><line nr="1126" mi="0" ci="1" mb="0" cb="0"/><line nr="1129" mi="0" ci="10" mb="0" cb="0"/><line nr="1131" mi="0" ci="12" mb="0" cb="0"/><line nr="1132" mi="0" ci="6" mb="0" cb="0"/><line nr="1133" mi="0" ci="3" mb="0" cb="2"/><line nr="1134" mi="0" ci="4" mb="0" cb="0"/><line nr="1136" mi="0" ci="3" mb="0" cb="2"/><line nr="1137" mi="0" ci="3" mb="0" cb="0"/><line nr="1175" mi="0" ci="3" mb="0" cb="2"/><line nr="1176" mi="0" ci="4" mb="0" cb="0"/><line nr="1178" mi="0" ci="6" mb="0" cb="4"/><line nr="1179" mi="0" ci="4" mb="0" cb="0"/><line nr="1187" mi="0" ci="4" mb="0" cb="0"/><line nr="1188" mi="0" ci="3" mb="0" cb="2"/><line nr="1189" mi="0" ci="4" mb="0" cb="0"/><line nr="1193" mi="0" ci="2" mb="0" cb="0"/><line nr="1194" mi="0" ci="4" mb="0" cb="0"/><line nr="1196" mi="0" ci="5" mb="0" cb="2"/><line nr="1197" mi="0" ci="17" mb="0" cb="4"/><line nr="1198" mi="0" ci="9" mb="0" cb="0"/><line nr="1200" mi="0" ci="6" mb="0" cb="0"/><line nr="1202" mi="0" ci="6" mb="0" cb="0"/><line nr="1203" mi="0" ci="11" mb="0" cb="0"/><line nr="1204" mi="0" ci="12" mb="0" cb="2"/><line nr="1205" mi="0" ci="9" mb="0" cb="0"/><line nr="1207" mi="0" ci="14" mb="0" cb="2"/><line nr="1208" mi="0" ci="11" mb="0" cb="0"/><line nr="1210" mi="0" ci="14" mb="0" cb="2"/><line nr="1211" mi="0" ci="11" mb="0" cb="0"/><line nr="1213" mi="0" ci="4" mb="0" cb="0"/><line nr="1214" mi="0" ci="2" mb="0" cb="0"/><line nr="1215" mi="0" ci="8" mb="0" cb="0"/><line nr="1218" mi="0" ci="1" mb="0" cb="0"/><line nr="1219" mi="0" ci="8" mb="0" cb="2"/><line nr="1222" mi="0" ci="1" mb="0" cb="0"/><line nr="1223" mi="0" ci="8" mb="0" cb="2"/><line nr="1225" mi="0" ci="3" mb="0" cb="2"/><line nr="1226" mi="0" ci="1" mb="0" cb="0"/><line nr="1229" mi="0" ci="10" mb="0" cb="0"/><line nr="1231" mi="0" ci="12" mb="0" cb="0"/><line nr="1232" mi="0" ci="6" mb="0" cb="0"/><line nr="1233" mi="0" ci="3" mb="0" cb="2"/><line nr="1234" mi="0" ci="4" mb="0" cb="0"/><line nr="1236" mi="0" ci="3" mb="0" cb="2"/><line nr="1237" mi="0" ci="3" mb="0" cb="0"/><line nr="1255" mi="0" ci="7" mb="0" cb="0"/><line nr="1282" mi="0" ci="17" mb="0" cb="0"/><line nr="1285" mi="0" ci="3" mb="0" cb="0"/><line nr="1286" mi="0" ci="3" mb="0" cb="0"/><line nr="1288" mi="0" ci="4" mb="0" cb="0"/><line nr="1293" mi="3" ci="3" mb="3" cb="1"/><line nr="1295" mi="5" ci="0" mb="0" cb="0"/><line nr="1297" mi="3" ci="3" mb="3" cb="1"/><line nr="1298" mi="4" ci="0" mb="0" cb="0"/><line nr="1299" mi="4" ci="0" mb="0" cb="0"/><line nr="1300" mi="8" ci="0" mb="0" cb="0"/><line nr="1302" mi="3" ci="3" mb="3" cb="1"/><line nr="1303" mi="4" ci="0" mb="0" cb="0"/><line nr="1304" mi="4" ci="0" mb="0" cb="0"/><line nr="1305" mi="8" ci="0" mb="0" cb="0"/><line nr="1307" mi="3" ci="3" mb="3" cb="1"/><line nr="1308" mi="4" ci="0" mb="0" cb="0"/><line nr="1309" mi="4" ci="0" mb="0" cb="0"/><line nr="1310" mi="8" ci="0" mb="0" cb="0"/><line nr="1312" mi="3" ci="3" mb="3" cb="1"/><line nr="1313" mi="4" ci="0" mb="0" cb="0"/><line nr="1314" mi="4" ci="0" mb="0" cb="0"/><line nr="1315" mi="7" ci="0" mb="0" cb="0"/><line nr="1317" mi="3" ci="3" mb="3" cb="1"/><line nr="1318" mi="4" ci="0" mb="0" cb="0"/><line nr="1319" mi="4" ci="0" mb="0" cb="0"/><line nr="1320" mi="7" ci="0" mb="0" cb="0"/><line nr="1322" mi="3" ci="3" mb="3" cb="1"/><line nr="1323" mi="4" ci="0" mb="0" cb="0"/><line nr="1324" mi="4" ci="0" mb="0" cb="0"/><line nr="1325" mi="7" ci="0" mb="0" cb="0"/><line nr="1327" mi="0" ci="6" mb="2" cb="2"/><line nr="1328" mi="0" ci="4" mb="0" cb="0"/><line nr="1329" mi="0" ci="4" mb="0" cb="0"/><line nr="1330" mi="0" ci="7" mb="0" cb="0"/><line nr="1334" mi="2" ci="0" mb="0" cb="0"/><line nr="1354" mi="0" ci="8" mb="0" cb="0"/><line nr="1369" mi="0" ci="7" mb="0" cb="0"/><line nr="1384" mi="0" ci="7" mb="0" cb="0"/><line nr="1399" mi="0" ci="7" mb="0" cb="0"/><line nr="1414" mi="0" ci="7" mb="0" cb="0"/><line nr="1443" mi="0" ci="3" mb="0" cb="2"/><line nr="1444" mi="0" ci="4" mb="0" cb="0"/><line nr="1446" mi="0" ci="6" mb="0" cb="4"/><line nr="1447" mi="0" ci="4" mb="0" cb="0"/><line nr="1450" mi="0" ci="4" mb="0" cb="0"/><line nr="1457" mi="0" ci="4" mb="0" cb="0"/><line nr="1463" mi="0" ci="8" mb="0" cb="0"/><line nr="1464" mi="0" ci="4" mb="0" cb="2"/><line nr="1469" mi="0" ci="4" mb="0" cb="0"/><line nr="1470" mi="0" ci="7" mb="0" cb="2"/><line nr="1471" mi="0" ci="6" mb="0" cb="0"/><line nr="1472" mi="0" ci="5" mb="0" cb="2"/><line nr="1473" mi="0" ci="2" mb="0" cb="0"/><line nr="1477" mi="0" ci="5" mb="0" cb="0"/><line nr="1480" mi="0" ci="2" mb="0" cb="0"/><line nr="1505" mi="0" ci="3" mb="0" cb="2"/><line nr="1506" mi="0" ci="4" mb="0" cb="0"/><line nr="1508" mi="0" ci="6" mb="0" cb="4"/><line nr="1509" mi="0" ci="4" mb="0" cb="0"/><line nr="1512" mi="0" ci="4" mb="0" cb="0"/><line nr="1519" mi="0" ci="4" mb="0" cb="0"/><line nr="1525" mi="0" ci="7" mb="0" cb="0"/><line nr="1526" mi="0" ci="4" mb="0" cb="2"/><line nr="1531" mi="0" ci="4" mb="0" cb="0"/><line nr="1532" mi="0" ci="7" mb="0" cb="2"/><line nr="1533" mi="0" ci="6" mb="0" cb="0"/><line nr="1534" mi="0" ci="4" mb="0" cb="2"/><line nr="1535" mi="0" ci="2" mb="0" cb="0"/><line nr="1539" mi="0" ci="6" mb="0" cb="0"/><line nr="1542" mi="0" ci="2" mb="0" cb="0"/><line nr="1567" mi="0" ci="3" mb="0" cb="2"/><line nr="1568" mi="0" ci="4" mb="0" cb="0"/><line nr="1570" mi="0" ci="6" mb="0" cb="4"/><line nr="1571" mi="0" ci="4" mb="0" cb="0"/><line nr="1574" mi="0" ci="4" mb="0" cb="0"/><line nr="1581" mi="0" ci="4" mb="0" cb="0"/><line nr="1587" mi="0" ci="7" mb="0" cb="0"/><line nr="1588" mi="0" ci="4" mb="0" cb="2"/><line nr="1593" mi="0" ci="4" mb="0" cb="0"/><line nr="1594" mi="0" ci="7" mb="0" cb="2"/><line nr="1595" mi="0" ci="6" mb="0" cb="0"/><line nr="1596" mi="0" ci="4" mb="0" cb="2"/><line nr="1597" mi="0" ci="2" mb="0" cb="0"/><line nr="1601" mi="0" ci="6" mb="0" cb="0"/><line nr="1604" mi="0" ci="2" mb="0" cb="0"/><line nr="1629" mi="0" ci="3" mb="0" cb="2"/><line nr="1630" mi="0" ci="4" mb="0" cb="0"/><line nr="1632" mi="0" ci="6" mb="0" cb="4"/><line nr="1633" mi="0" ci="4" mb="0" cb="0"/><line nr="1636" mi="0" ci="4" mb="0" cb="0"/><line nr="1643" mi="0" ci="4" mb="0" cb="0"/><line nr="1649" mi="0" ci="7" mb="0" cb="0"/><line nr="1650" mi="0" ci="4" mb="0" cb="2"/><line nr="1655" mi="0" ci="4" mb="0" cb="0"/><line nr="1656" mi="0" ci="7" mb="0" cb="2"/><line nr="1657" mi="0" ci="6" mb="0" cb="0"/><line nr="1658" mi="0" ci="3" mb="0" cb="2"/><line nr="1659" mi="0" ci="2" mb="0" cb="0"/><line nr="1663" mi="0" ci="9" mb="0" cb="0"/><line nr="1666" mi="0" ci="2" mb="0" cb="0"/><line nr="1691" mi="0" ci="3" mb="0" cb="2"/><line nr="1692" mi="0" ci="4" mb="0" cb="0"/><line nr="1694" mi="0" ci="6" mb="0" cb="4"/><line nr="1695" mi="0" ci="4" mb="0" cb="0"/><line nr="1698" mi="0" ci="4" mb="0" cb="0"/><line nr="1705" mi="0" ci="4" mb="0" cb="0"/><line nr="1711" mi="0" ci="7" mb="0" cb="0"/><line nr="1712" mi="0" ci="4" mb="0" cb="2"/><line nr="1717" mi="0" ci="4" mb="0" cb="0"/><line nr="1718" mi="0" ci="7" mb="0" cb="2"/><line nr="1719" mi="0" ci="6" mb="0" cb="0"/><line nr="1720" mi="0" ci="4" mb="0" cb="2"/><line nr="1721" mi="0" ci="2" mb="0" cb="0"/><line nr="1725" mi="0" ci="9" mb="0" cb="0"/><line nr="1728" mi="0" ci="2" mb="0" cb="0"/><line nr="1743" mi="0" ci="3" mb="0" cb="0"/><line nr="1752" mi="0" ci="5" mb="0" cb="5"/><line nr="1754" mi="0" ci="4" mb="0" cb="0"/><line nr="1756" mi="0" ci="4" mb="0" cb="0"/><line nr="1758" mi="0" ci="4" mb="0" cb="0"/><line nr="1760" mi="0" ci="4" mb="0" cb="0"/><line nr="1763" mi="0" ci="4" mb="0" cb="0"/><line nr="1774" mi="0" ci="3" mb="0" cb="0"/><line nr="1776" mi="0" ci="7" mb="0" cb="2"/><line nr="1777" mi="0" ci="4" mb="0" cb="0"/><line nr="1780" mi="0" ci="2" mb="0" cb="0"/><line nr="1790" mi="0" ci="4" mb="0" cb="0"/><line nr="1791" mi="0" ci="6" mb="0" cb="0"/><line nr="1792" mi="0" ci="4" mb="0" cb="0"/><line nr="1793" mi="0" ci="1" mb="0" cb="0"/><line nr="1802" mi="0" ci="4" mb="0" cb="0"/><line nr="1803" mi="0" ci="6" mb="0" cb="0"/><line nr="1804" mi="0" ci="4" mb="0" cb="0"/><line nr="1805" mi="0" ci="1" mb="0" cb="0"/><line nr="1814" mi="0" ci="4" mb="0" cb="0"/><line nr="1815" mi="0" ci="6" mb="0" cb="0"/><line nr="1816" mi="0" ci="4" mb="0" cb="0"/><line nr="1817" mi="0" ci="1" mb="0" cb="0"/><line nr="1826" mi="0" ci="4" mb="0" cb="0"/><line nr="1827" mi="0" ci="6" mb="0" cb="0"/><line nr="1828" mi="0" ci="4" mb="0" cb="0"/><line nr="1829" mi="0" ci="1" mb="0" cb="0"/><line nr="1838" mi="0" ci="4" mb="0" cb="0"/><line nr="1839" mi="0" ci="6" mb="0" cb="0"/><line nr="1840" mi="0" ci="4" mb="0" cb="0"/><line nr="1841" mi="0" ci="1" mb="0" cb="0"/><counter type="INSTRUCTION" missed="121" covered="1975"/><counter type="BRANCH" missed="23" covered="226"/><counter type="LINE" missed="20" covered="351"/><counter type="COMPLEXITY" missed="16" covered="167"/><counter type="METHOD" missed="0" covered="57"/><counter type="CLASS" missed="0" covered="5"/></sourcefile><sourcefile name="QuicksortSorter.java"><line nr="30" mi="0" ci="3" mb="0" cb="0"/><line nr="64" mi="0" ci="3" mb="0" cb="2"/><line nr="65" mi="0" ci="4" mb="0" cb="0"/><line nr="67" mi="0" ci="6" mb="0" cb="4"/><line nr="68" mi="0" ci="4" mb="0" cb="0"/><line nr="70" mi="0" ci="3" mb="1" cb="1"/><line nr="71" mi="1" ci="0" mb="0" cb="0"/><line nr="74" mi="0" ci="4" mb="0" cb="0"/><line nr="80" mi="0" ci="2" mb="0" cb="0"/><line nr="81" mi="0" ci="2" mb="0" cb="0"/><line nr="83" mi="0" ci="3" mb="0" cb="0"/><line nr="84" mi="0" ci="4" mb="0" cb="0"/><line nr="88" mi="0" ci="5" mb="0" cb="2"/><line nr="89" mi="0" ci="9" mb="0" cb="2"/><line nr="90" mi="0" ci="6" mb="0" cb="0"/><line nr="91" mi="0" ci="9" mb="0" cb="2"/><line nr="92" mi="0" ci="9" mb="0" cb="2"/><line nr="93" mi="0" ci="1" mb="0" cb="0"/><line nr="95" mi="0" ci="12" mb="0" cb="0"/><line nr="97" mi="0" ci="8" mb="0" cb="0"/><line nr="99" mi="0" ci="2" mb="0" cb="2"/><line nr="100" mi="0" ci="1" mb="0" cb="0"/><line nr="103" mi="0" ci="5" mb="0" cb="0"/><line nr="104" mi="0" ci="6" mb="0" cb="0"/><line nr="109" mi="0" ci="6" mb="0" cb="0"/><line nr="110" mi="0" ci="11" mb="0" cb="0"/><line nr="111" mi="0" ci="13" mb="0" cb="2"/><line nr="112" mi="0" ci="9" mb="0" cb="0"/><line nr="114" mi="0" ci="15" mb="0" cb="2"/><line nr="115" mi="0" ci="11" mb="0" cb="0"/><line nr="117" mi="0" ci="15" mb="0" cb="2"/><line nr="118" mi="0" ci="11" mb="0" cb="0"/><line nr="121" mi="0" ci="4" mb="0" cb="0"/><line nr="122" mi="0" ci="2" mb="0" cb="0"/><line nr="124" mi="0" ci="8" mb="0" cb="0"/><line nr="129" mi="0" ci="1" mb="0" cb="0"/><line nr="130" mi="0" ci="9" mb="0" cb="2"/><line nr="133" mi="0" ci="1" mb="0" cb="0"/><line nr="134" mi="0" ci="9" mb="0" cb="2"/><line nr="136" mi="0" ci="3" mb="0" cb="2"/><line nr="137" mi="0" ci="1" mb="0" cb="0"/><line nr="140" mi="0" ci="10" mb="0" cb="0"/><line nr="144" mi="0" ci="12" mb="0" cb="0"/><line nr="145" mi="0" ci="6" mb="0" cb="0"/><line nr="146" mi="0" ci="1" mb="0" cb="0"/><line nr="148" mi="0" ci="3" mb="1" cb="1"/><line nr="149" mi="4" ci="0" mb="0" cb="0"/><line nr="153" mi="0" ci="9" mb="0" cb="2"/><line nr="154" mi="0" ci="4" mb="0" cb="0"/><line nr="155" mi="0" ci="6" mb="0" cb="0"/><line nr="156" mi="0" ci="5" mb="0" cb="0"/><line nr="158" mi="0" ci="6" mb="0" cb="0"/><line nr="159" mi="0" ci="6" mb="0" cb="0"/><line nr="160" mi="0" ci="3" mb="0" cb="0"/><line nr="164" mi="0" ci="1" mb="0" cb="0"/><line nr="194" mi="0" ci="3" mb="0" cb="2"/><line nr="195" mi="0" ci="4" mb="0" cb="0"/><line nr="197" mi="0" ci="6" mb="0" cb="4"/><line nr="198" mi="0" ci="4" mb="0" cb="0"/><line nr="201" mi="0" ci="5" mb="0" cb="0"/><line nr="202" mi="0" ci="3" mb="1" cb="1"/><line nr="203" mi="2" ci="0" mb="0" cb="0"/><line nr="206" mi="0" ci="4" mb="0" cb="0"/><line nr="212" mi="0" ci="2" mb="0" cb="0"/><line nr="213" mi="0" ci="2" mb="0" cb="0"/><line nr="216" mi="0" ci="3" mb="0" cb="0"/><line nr="217" mi="0" ci="4" mb="0" cb="0"/><line nr="221" mi="0" ci="5" mb="0" cb="2"/><line nr="222" mi="0" ci="9" mb="0" cb="2"/><line nr="223" mi="0" ci="6" mb="0" cb="0"/><line nr="224" mi="0" ci="6" mb="0" cb="0"/><line nr="225" mi="0" ci="9" mb="0" cb="2"/><line nr="226" mi="0" ci="9" mb="0" cb="2"/><line nr="227" mi="0" ci="1" mb="0" cb="0"/><line nr="229" mi="0" ci="12" mb="0" cb="0"/><line nr="230" mi="0" ci="12" mb="0" cb="0"/><line nr="232" mi="0" ci="8" mb="0" cb="0"/><line nr="233" mi="0" ci="8" mb="0" cb="0"/><line nr="235" mi="0" ci="2" mb="0" cb="2"/><line nr="236" mi="0" ci="1" mb="0" cb="0"/><line nr="239" mi="0" ci="5" mb="0" cb="0"/><line nr="240" mi="0" ci="6" mb="0" cb="0"/><line nr="245" mi="0" ci="6" mb="0" cb="0"/><line nr="246" mi="0" ci="11" mb="0" cb="0"/><line nr="247" mi="0" ci="11" mb="0" cb="0"/><line nr="248" mi="0" ci="13" mb="0" cb="2"/><line nr="249" mi="0" ci="9" mb="0" cb="0"/><line nr="250" mi="0" ci="9" mb="0" cb="0"/><line nr="252" mi="0" ci="15" mb="0" cb="2"/><line nr="253" mi="0" ci="11" mb="0" cb="0"/><line nr="254" mi="0" ci="11" mb="0" cb="0"/><line nr="256" mi="0" ci="15" mb="0" cb="2"/><line nr="257" mi="0" ci="11" mb="0" cb="0"/><line nr="258" mi="0" ci="11" mb="0" cb="0"/><line nr="261" mi="0" ci="4" mb="0" cb="0"/><line nr="262" mi="0" ci="2" mb="0" cb="0"/><line nr="264" mi="0" ci="8" mb="0" cb="0"/><line nr="265" mi="0" ci="8" mb="0" cb="0"/><line nr="270" mi="0" ci="1" mb="0" cb="0"/><line nr="271" mi="0" ci="9" mb="0" cb="2"/><line nr="274" mi="0" ci="1" mb="0" cb="0"/><line nr="275" mi="0" ci="9" mb="0" cb="2"/><line nr="277" mi="0" ci="3" mb="0" cb="2"/><line nr="278" mi="0" ci="1" mb="0" cb="0"/><line nr="281" mi="0" ci="9" mb="0" cb="0"/><line nr="282" mi="0" ci="10" mb="0" cb="0"/><line nr="286" mi="0" ci="12" mb="0" cb="0"/><line nr="287" mi="0" ci="6" mb="0" cb="0"/><line nr="288" mi="0" ci="12" mb="0" cb="0"/><line nr="289" mi="0" ci="6" mb="0" cb="0"/><line nr="290" mi="0" ci="1" mb="0" cb="0"/><line nr="292" mi="0" ci="3" mb="1" cb="1"/><line nr="293" mi="4" ci="0" mb="0" cb="0"/><line nr="297" mi="0" ci="9" mb="0" cb="2"/><line nr="298" mi="0" ci="4" mb="0" cb="0"/><line nr="299" mi="0" ci="6" mb="0" cb="0"/><line nr="300" mi="0" ci="5" mb="0" cb="0"/><line nr="302" mi="0" ci="6" mb="0" cb="0"/><line nr="303" mi="0" ci="6" mb="0" cb="0"/><line nr="304" mi="0" ci="3" mb="0" cb="0"/><line nr="309" mi="0" ci="2" mb="0" cb="0"/><line nr="318" mi="0" ci="2" mb="0" cb="0"/><line nr="340" mi="0" ci="3" mb="0" cb="2"/><line nr="341" mi="0" ci="4" mb="0" cb="0"/><line nr="343" mi="0" ci="6" mb="0" cb="4"/><line nr="344" mi="0" ci="4" mb="0" cb="0"/><line nr="346" mi="0" ci="3" mb="1" cb="1"/><line nr="347" mi="1" ci="0" mb="0" cb="0"/><line nr="350" mi="0" ci="4" mb="0" cb="0"/><line nr="356" mi="0" ci="2" mb="0" cb="0"/><line nr="357" mi="0" ci="2" mb="0" cb="0"/><line nr="359" mi="0" ci="3" mb="0" cb="0"/><line nr="360" mi="0" ci="4" mb="0" cb="0"/><line nr="364" mi="0" ci="5" mb="0" cb="2"/><line nr="365" mi="0" ci="9" mb="0" cb="2"/><line nr="366" mi="0" ci="6" mb="0" cb="0"/><line nr="367" mi="0" ci="9" mb="0" cb="2"/><line nr="368" mi="0" ci="8" mb="0" cb="2"/><line nr="369" mi="0" ci="1" mb="0" cb="0"/><line nr="371" mi="0" ci="12" mb="0" cb="0"/><line nr="373" mi="0" ci="8" mb="0" cb="0"/><line nr="375" mi="0" ci="2" mb="0" cb="2"/><line nr="376" mi="0" ci="1" mb="0" cb="0"/><line nr="379" mi="0" ci="5" mb="0" cb="0"/><line nr="380" mi="0" ci="6" mb="0" cb="0"/><line nr="385" mi="0" ci="6" mb="0" cb="0"/><line nr="386" mi="0" ci="11" mb="0" cb="0"/><line nr="387" mi="0" ci="12" mb="0" cb="2"/><line nr="388" mi="0" ci="9" mb="0" cb="0"/><line nr="390" mi="0" ci="14" mb="0" cb="2"/><line nr="391" mi="0" ci="11" mb="0" cb="0"/><line nr="393" mi="0" ci="14" mb="0" cb="2"/><line nr="394" mi="0" ci="11" mb="0" cb="0"/><line nr="397" mi="0" ci="4" mb="0" cb="0"/><line nr="398" mi="0" ci="2" mb="0" cb="0"/><line nr="400" mi="0" ci="8" mb="0" cb="0"/><line nr="405" mi="0" ci="1" mb="0" cb="0"/><line nr="406" mi="0" ci="8" mb="0" cb="2"/><line nr="409" mi="0" ci="1" mb="0" cb="0"/><line nr="410" mi="0" ci="8" mb="0" cb="2"/><line nr="412" mi="0" ci="3" mb="0" cb="2"/><line nr="413" mi="0" ci="1" mb="0" cb="0"/><line nr="416" mi="0" ci="10" mb="0" cb="0"/><line nr="420" mi="0" ci="12" mb="0" cb="0"/><line nr="421" mi="0" ci="6" mb="0" cb="0"/><line nr="422" mi="0" ci="1" mb="0" cb="0"/><line nr="424" mi="0" ci="3" mb="1" cb="1"/><line nr="425" mi="4" ci="0" mb="0" cb="0"/><line nr="429" mi="0" ci="9" mb="0" cb="2"/><line nr="430" mi="0" ci="4" mb="0" cb="0"/><line nr="431" mi="0" ci="6" mb="0" cb="0"/><line nr="432" mi="0" ci="5" mb="0" cb="0"/><line nr="434" mi="0" ci="6" mb="0" cb="0"/><line nr="435" mi="0" ci="6" mb="0" cb="0"/><line nr="436" mi="0" ci="3" mb="0" cb="0"/><line nr="440" mi="0" ci="1" mb="0" cb="0"/><line nr="468" mi="0" ci="3" mb="0" cb="2"/><line nr="469" mi="0" ci="4" mb="0" cb="0"/><line nr="471" mi="0" ci="6" mb="0" cb="4"/><line nr="472" mi="0" ci="4" mb="0" cb="0"/><line nr="475" mi="0" ci="5" mb="0" cb="0"/><line nr="476" mi="0" ci="3" mb="1" cb="1"/><line nr="477" mi="2" ci="0" mb="0" cb="0"/><line nr="480" mi="0" ci="4" mb="0" cb="0"/><line nr="486" mi="0" ci="2" mb="0" cb="0"/><line nr="487" mi="0" ci="2" mb="0" cb="0"/><line nr="490" mi="0" ci="3" mb="0" cb="0"/><line nr="491" mi="0" ci="4" mb="0" cb="0"/><line nr="495" mi="0" ci="5" mb="0" cb="2"/><line nr="496" mi="0" ci="9" mb="0" cb="2"/><line nr="497" mi="0" ci="6" mb="0" cb="0"/><line nr="498" mi="0" ci="6" mb="0" cb="0"/><line nr="499" mi="0" ci="9" mb="0" cb="2"/><line nr="500" mi="0" ci="8" mb="0" cb="2"/><line nr="501" mi="0" ci="1" mb="0" cb="0"/><line nr="503" mi="0" ci="12" mb="0" cb="0"/><line nr="504" mi="0" ci="12" mb="0" cb="0"/><line nr="506" mi="0" ci="8" mb="0" cb="0"/><line nr="507" mi="0" ci="8" mb="0" cb="0"/><line nr="509" mi="0" ci="2" mb="0" cb="2"/><line nr="510" mi="0" ci="1" mb="0" cb="0"/><line nr="513" mi="0" ci="5" mb="0" cb="0"/><line nr="514" mi="0" ci="6" mb="0" cb="0"/><line nr="519" mi="0" ci="6" mb="0" cb="0"/><line nr="520" mi="0" ci="11" mb="0" cb="0"/><line nr="521" mi="0" ci="11" mb="0" cb="0"/><line nr="522" mi="0" ci="12" mb="0" cb="2"/><line nr="523" mi="0" ci="9" mb="0" cb="0"/><line nr="524" mi="0" ci="9" mb="0" cb="0"/><line nr="526" mi="0" ci="14" mb="0" cb="2"/><line nr="527" mi="0" ci="11" mb="0" cb="0"/><line nr="528" mi="0" ci="11" mb="0" cb="0"/><line nr="530" mi="0" ci="14" mb="0" cb="2"/><line nr="531" mi="0" ci="11" mb="0" cb="0"/><line nr="532" mi="0" ci="11" mb="0" cb="0"/><line nr="535" mi="0" ci="4" mb="0" cb="0"/><line nr="536" mi="0" ci="2" mb="0" cb="0"/><line nr="538" mi="0" ci="8" mb="0" cb="0"/><line nr="539" mi="0" ci="8" mb="0" cb="0"/><line nr="544" mi="0" ci="1" mb="0" cb="0"/><line nr="545" mi="0" ci="8" mb="0" cb="2"/><line nr="548" mi="0" ci="1" mb="0" cb="0"/><line nr="549" mi="0" ci="8" mb="0" cb="2"/><line nr="551" mi="0" ci="3" mb="0" cb="2"/><line nr="552" mi="0" ci="1" mb="0" cb="0"/><line nr="555" mi="0" ci="9" mb="0" cb="0"/><line nr="556" mi="0" ci="10" mb="0" cb="0"/><line nr="560" mi="0" ci="12" mb="0" cb="0"/><line nr="561" mi="0" ci="6" mb="0" cb="0"/><line nr="562" mi="0" ci="12" mb="0" cb="0"/><line nr="563" mi="0" ci="6" mb="0" cb="0"/><line nr="564" mi="0" ci="1" mb="0" cb="0"/><line nr="566" mi="0" ci="3" mb="1" cb="1"/><line nr="567" mi="4" ci="0" mb="0" cb="0"/><line nr="571" mi="0" ci="9" mb="0" cb="2"/><line nr="572" mi="0" ci="4" mb="0" cb="0"/><line nr="573" mi="0" ci="6" mb="0" cb="0"/><line nr="574" mi="0" ci="5" mb="0" cb="0"/><line nr="576" mi="0" ci="6" mb="0" cb="0"/><line nr="577" mi="0" ci="6" mb="0" cb="0"/><line nr="578" mi="0" ci="3" mb="0" cb="0"/><line nr="583" mi="0" ci="2" mb="0" cb="0"/><line nr="605" mi="0" ci="3" mb="0" cb="2"/><line nr="606" mi="0" ci="4" mb="0" cb="0"/><line nr="608" mi="0" ci="6" mb="0" cb="4"/><line nr="609" mi="0" ci="4" mb="0" cb="0"/><line nr="611" mi="0" ci="3" mb="1" cb="1"/><line nr="612" mi="1" ci="0" mb="0" cb="0"/><line nr="615" mi="0" ci="4" mb="0" cb="0"/><line nr="621" mi="0" ci="2" mb="0" cb="0"/><line nr="622" mi="0" ci="2" mb="0" cb="0"/><line nr="624" mi="0" ci="3" mb="0" cb="0"/><line nr="625" mi="0" ci="4" mb="0" cb="0"/><line nr="629" mi="0" ci="5" mb="0" cb="2"/><line nr="630" mi="0" ci="9" mb="0" cb="2"/><line nr="631" mi="0" ci="6" mb="0" cb="0"/><line nr="632" mi="0" ci="9" mb="0" cb="2"/><line nr="633" mi="0" ci="8" mb="0" cb="2"/><line nr="634" mi="0" ci="1" mb="0" cb="0"/><line nr="636" mi="0" ci="12" mb="0" cb="0"/><line nr="638" mi="0" ci="8" mb="0" cb="0"/><line nr="640" mi="0" ci="2" mb="0" cb="2"/><line nr="641" mi="0" ci="1" mb="0" cb="0"/><line nr="644" mi="0" ci="5" mb="0" cb="0"/><line nr="645" mi="0" ci="6" mb="0" cb="0"/><line nr="650" mi="0" ci="6" mb="0" cb="0"/><line nr="651" mi="0" ci="11" mb="0" cb="0"/><line nr="652" mi="0" ci="12" mb="0" cb="2"/><line nr="653" mi="0" ci="9" mb="0" cb="0"/><line nr="655" mi="0" ci="14" mb="0" cb="2"/><line nr="656" mi="0" ci="11" mb="0" cb="0"/><line nr="658" mi="0" ci="14" mb="0" cb="2"/><line nr="659" mi="0" ci="11" mb="0" cb="0"/><line nr="662" mi="0" ci="4" mb="0" cb="0"/><line nr="663" mi="0" ci="2" mb="0" cb="0"/><line nr="665" mi="0" ci="8" mb="0" cb="0"/><line nr="670" mi="0" ci="1" mb="0" cb="0"/><line nr="671" mi="0" ci="8" mb="0" cb="2"/><line nr="674" mi="0" ci="1" mb="0" cb="0"/><line nr="675" mi="0" ci="8" mb="0" cb="2"/><line nr="677" mi="0" ci="3" mb="0" cb="2"/><line nr="678" mi="0" ci="1" mb="0" cb="0"/><line nr="681" mi="0" ci="10" mb="0" cb="0"/><line nr="685" mi="0" ci="12" mb="0" cb="0"/><line nr="686" mi="0" ci="6" mb="0" cb="0"/><line nr="687" mi="0" ci="1" mb="0" cb="0"/><line nr="689" mi="0" ci="3" mb="1" cb="1"/><line nr="690" mi="4" ci="0" mb="0" cb="0"/><line nr="694" mi="0" ci="9" mb="0" cb="2"/><line nr="695" mi="0" ci="4" mb="0" cb="0"/><line nr="696" mi="0" ci="6" mb="0" cb="0"/><line nr="697" mi="0" ci="5" mb="0" cb="0"/><line nr="699" mi="0" ci="6" mb="0" cb="0"/><line nr="700" mi="0" ci="6" mb="0" cb="0"/><line nr="701" mi="0" ci="3" mb="0" cb="0"/><line nr="705" mi="0" ci="1" mb="0" cb="0"/><line nr="733" mi="0" ci="3" mb="0" cb="2"/><line nr="734" mi="0" ci="4" mb="0" cb="0"/><line nr="736" mi="0" ci="6" mb="0" cb="4"/><line nr="737" mi="0" ci="4" mb="0" cb="0"/><line nr="740" mi="0" ci="5" mb="0" cb="0"/><line nr="741" mi="0" ci="3" mb="1" cb="1"/><line nr="742" mi="2" ci="0" mb="0" cb="0"/><line nr="745" mi="0" ci="4" mb="0" cb="0"/><line nr="751" mi="0" ci="2" mb="0" cb="0"/><line nr="752" mi="0" ci="2" mb="0" cb="0"/><line nr="755" mi="0" ci="3" mb="0" cb="0"/><line nr="756" mi="0" ci="4" mb="0" cb="0"/><line nr="760" mi="0" ci="5" mb="0" cb="2"/><line nr="761" mi="0" ci="9" mb="0" cb="2"/><line nr="762" mi="0" ci="6" mb="0" cb="0"/><line nr="763" mi="0" ci="6" mb="0" cb="0"/><line nr="764" mi="0" ci="9" mb="0" cb="2"/><line nr="765" mi="0" ci="8" mb="0" cb="2"/><line nr="766" mi="0" ci="1" mb="0" cb="0"/><line nr="768" mi="0" ci="12" mb="0" cb="0"/><line nr="769" mi="0" ci="12" mb="0" cb="0"/><line nr="771" mi="0" ci="8" mb="0" cb="0"/><line nr="772" mi="0" ci="8" mb="0" cb="0"/><line nr="774" mi="0" ci="2" mb="0" cb="2"/><line nr="775" mi="0" ci="1" mb="0" cb="0"/><line nr="778" mi="0" ci="5" mb="0" cb="0"/><line nr="779" mi="0" ci="6" mb="0" cb="0"/><line nr="784" mi="0" ci="6" mb="0" cb="0"/><line nr="785" mi="0" ci="11" mb="0" cb="0"/><line nr="786" mi="0" ci="11" mb="0" cb="0"/><line nr="787" mi="0" ci="12" mb="0" cb="2"/><line nr="788" mi="0" ci="9" mb="0" cb="0"/><line nr="789" mi="0" ci="9" mb="0" cb="0"/><line nr="791" mi="0" ci="14" mb="0" cb="2"/><line nr="792" mi="0" ci="11" mb="0" cb="0"/><line nr="793" mi="0" ci="11" mb="0" cb="0"/><line nr="795" mi="0" ci="14" mb="0" cb="2"/><line nr="796" mi="0" ci="11" mb="0" cb="0"/><line nr="797" mi="0" ci="11" mb="0" cb="0"/><line nr="800" mi="0" ci="4" mb="0" cb="0"/><line nr="801" mi="0" ci="2" mb="0" cb="0"/><line nr="803" mi="0" ci="8" mb="0" cb="0"/><line nr="804" mi="0" ci="8" mb="0" cb="0"/><line nr="809" mi="0" ci="1" mb="0" cb="0"/><line nr="810" mi="0" ci="8" mb="0" cb="2"/><line nr="813" mi="0" ci="1" mb="0" cb="0"/><line nr="814" mi="0" ci="8" mb="0" cb="2"/><line nr="816" mi="0" ci="3" mb="0" cb="2"/><line nr="817" mi="0" ci="1" mb="0" cb="0"/><line nr="820" mi="0" ci="9" mb="0" cb="0"/><line nr="821" mi="0" ci="10" mb="0" cb="0"/><line nr="825" mi="0" ci="12" mb="0" cb="0"/><line nr="826" mi="0" ci="6" mb="0" cb="0"/><line nr="827" mi="0" ci="12" mb="0" cb="0"/><line nr="828" mi="0" ci="6" mb="0" cb="0"/><line nr="829" mi="0" ci="1" mb="0" cb="0"/><line nr="831" mi="0" ci="3" mb="1" cb="1"/><line nr="832" mi="4" ci="0" mb="0" cb="0"/><line nr="836" mi="0" ci="9" mb="0" cb="2"/><line nr="837" mi="0" ci="4" mb="0" cb="0"/><line nr="838" mi="0" ci="6" mb="0" cb="0"/><line nr="839" mi="0" ci="5" mb="0" cb="0"/><line nr="841" mi="0" ci="6" mb="0" cb="0"/><line nr="842" mi="0" ci="6" mb="0" cb="0"/><line nr="843" mi="0" ci="3" mb="0" cb="0"/><line nr="848" mi="0" ci="2" mb="0" cb="0"/><line nr="870" mi="0" ci="3" mb="0" cb="2"/><line nr="871" mi="0" ci="4" mb="0" cb="0"/><line nr="873" mi="0" ci="6" mb="0" cb="4"/><line nr="874" mi="0" ci="4" mb="0" cb="0"/><line nr="876" mi="0" ci="3" mb="1" cb="1"/><line nr="877" mi="1" ci="0" mb="0" cb="0"/><line nr="880" mi="0" ci="4" mb="0" cb="0"/><line nr="886" mi="0" ci="2" mb="0" cb="0"/><line nr="887" mi="0" ci="2" mb="0" cb="0"/><line nr="889" mi="0" ci="3" mb="0" cb="0"/><line nr="890" mi="0" ci="4" mb="0" cb="0"/><line nr="894" mi="0" ci="5" mb="0" cb="2"/><line nr="895" mi="0" ci="9" mb="0" cb="2"/><line nr="896" mi="0" ci="6" mb="0" cb="0"/><line nr="897" mi="0" ci="9" mb="0" cb="2"/><line nr="898" mi="0" ci="
[...]
" ci="3" mb="0" cb="2"/><line nr="56" mi="0" ci="4" mb="0" cb="0"/><line nr="58" mi="0" ci="6" mb="0" cb="4"/><line nr="59" mi="0" ci="4" mb="0" cb="0"/><line nr="61" mi="0" ci="3" mb="1" cb="1"/><line nr="62" mi="1" ci="0" mb="0" cb="0"/><line nr="68" mi="0" ci="9" mb="0" cb="2"/><line nr="70" mi="0" ci="4" mb="0" cb="0"/><line nr="72" mi="0" ci="2" mb="0" cb="0"/><line nr="75" mi="0" ci="12" mb="0" cb="4"/><line nr="76" mi="0" ci="8" mb="0" cb="0"/><line nr="77" mi="0" ci="2" mb="0" cb="0"/><line nr="81" mi="0" ci="4" mb="0" cb="0"/><line nr="83" mi="0" ci="1" mb="0" cb="0"/><line nr="113" mi="0" ci="3" mb="0" cb="2"/><line nr="114" mi="0" ci="4" mb="0" cb="0"/><line nr="116" mi="0" ci="6" mb="0" cb="4"/><line nr="117" mi="0" ci="4" mb="0" cb="0"/><line nr="120" mi="0" ci="5" mb="0" cb="0"/><line nr="121" mi="0" ci="3" mb="1" cb="1"/><line nr="122" mi="2" ci="0" mb="0" cb="0"/><line nr="129" mi="0" ci="9" mb="0" cb="2"/><line nr="131" mi="0" ci="4" mb="0" cb="0"/><line nr="132" mi="0" ci="4" mb="0" cb="0"/><line nr="134" mi="0" ci="2" mb="0" cb="0"/><line nr="137" mi="0" ci="12" mb="0" cb="4"/><line nr="138" mi="0" ci="8" mb="0" cb="0"/><line nr="139" mi="0" ci="8" mb="0" cb="0"/><line nr="140" mi="0" ci="2" mb="0" cb="0"/><line nr="144" mi="0" ci="4" mb="0" cb="0"/><line nr="145" mi="0" ci="4" mb="0" cb="0"/><line nr="148" mi="0" ci="2" mb="0" cb="0"/><line nr="157" mi="0" ci="2" mb="0" cb="0"/><line nr="179" mi="0" ci="3" mb="0" cb="2"/><line nr="180" mi="0" ci="4" mb="0" cb="0"/><line nr="182" mi="0" ci="6" mb="0" cb="4"/><line nr="183" mi="0" ci="4" mb="0" cb="0"/><line nr="185" mi="0" ci="3" mb="1" cb="1"/><line nr="186" mi="1" ci="0" mb="0" cb="0"/><line nr="192" mi="0" ci="9" mb="0" cb="2"/><line nr="194" mi="0" ci="4" mb="0" cb="0"/><line nr="196" mi="0" ci="2" mb="0" cb="0"/><line nr="199" mi="0" ci="11" mb="0" cb="4"/><line nr="200" mi="0" ci="8" mb="0" cb="0"/><line nr="201" mi="0" ci="2" mb="0" cb="0"/><line nr="205" mi="0" ci="4" mb="0" cb="0"/><line nr="207" mi="0" ci="1" mb="0" cb="0"/><line nr="235" mi="0" ci="3" mb="0" cb="2"/><line nr="236" mi="0" ci="4" mb="0" cb="0"/><line nr="238" mi="0" ci="6" mb="0" cb="4"/><line nr="239" mi="0" ci="4" mb="0" cb="0"/><line nr="242" mi="0" ci="5" mb="0" cb="0"/><line nr="243" mi="0" ci="3" mb="1" cb="1"/><line nr="244" mi="2" ci="0" mb="0" cb="0"/><line nr="251" mi="0" ci="9" mb="0" cb="2"/><line nr="253" mi="0" ci="4" mb="0" cb="0"/><line nr="254" mi="0" ci="4" mb="0" cb="0"/><line nr="256" mi="0" ci="2" mb="0" cb="0"/><line nr="259" mi="0" ci="11" mb="0" cb="4"/><line nr="260" mi="0" ci="8" mb="0" cb="0"/><line nr="261" mi="0" ci="8" mb="0" cb="0"/><line nr="262" mi="0" ci="2" mb="0" cb="0"/><line nr="266" mi="0" ci="4" mb="0" cb="0"/><line nr="267" mi="0" ci="4" mb="0" cb="0"/><line nr="270" mi="0" ci="2" mb="0" cb="0"/><line nr="292" mi="0" ci="3" mb="0" cb="2"/><line nr="293" mi="0" ci="4" mb="0" cb="0"/><line nr="295" mi="0" ci="6" mb="0" cb="4"/><line nr="296" mi="0" ci="4" mb="0" cb="0"/><line nr="298" mi="0" ci="3" mb="1" cb="1"/><line nr="299" mi="1" ci="0" mb="0" cb="0"/><line nr="305" mi="0" ci="9" mb="0" cb="2"/><line nr="307" mi="0" ci="4" mb="0" cb="0"/><line nr="309" mi="0" ci="2" mb="0" cb="0"/><line nr="312" mi="0" ci="11" mb="0" cb="4"/><line nr="313" mi="0" ci="8" mb="0" cb="0"/><line nr="314" mi="0" ci="2" mb="0" cb="0"/><line nr="318" mi="0" ci="4" mb="0" cb="0"/><line nr="320" mi="0" ci="1" mb="0" cb="0"/><line nr="348" mi="0" ci="3" mb="0" cb="2"/><line nr="349" mi="0" ci="4" mb="0" cb="0"/><line nr="351" mi="0" ci="6" mb="0" cb="4"/><line nr="352" mi="0" ci="4" mb="0" cb="0"/><line nr="355" mi="0" ci="5" mb="0" cb="0"/><line nr="356" mi="0" ci="3" mb="1" cb="1"/><line nr="357" mi="2" ci="0" mb="0" cb="0"/><line nr="364" mi="0" ci="9" mb="0" cb="2"/><line nr="366" mi="0" ci="4" mb="0" cb="0"/><line nr="367" mi="0" ci="4" mb="0" cb="0"/><line nr="369" mi="0" ci="2" mb="0" cb="0"/><line nr="372" mi="0" ci="11" mb="0" cb="4"/><line nr="373" mi="0" ci="8" mb="0" cb="0"/><line nr="374" mi="0" ci="8" mb="0" cb="0"/><line nr="375" mi="0" ci="2" mb="0" cb="0"/><line nr="379" mi="0" ci="4" mb="0" cb="0"/><line nr="380" mi="0" ci="4" mb="0" cb="0"/><line nr="383" mi="0" ci="2" mb="0" cb="0"/><line nr="405" mi="0" ci="3" mb="0" cb="2"/><line nr="406" mi="0" ci="4" mb="0" cb="0"/><line nr="408" mi="0" ci="6" mb="0" cb="4"/><line nr="409" mi="0" ci="4" mb="0" cb="0"/><line nr="411" mi="0" ci="3" mb="1" cb="1"/><line nr="412" mi="1" ci="0" mb="0" cb="0"/><line nr="418" mi="0" ci="9" mb="0" cb="2"/><line nr="420" mi="0" ci="4" mb="0" cb="0"/><line nr="422" mi="0" ci="2" mb="0" cb="0"/><line nr="425" mi="0" ci="10" mb="0" cb="4"/><line nr="426" mi="0" ci="8" mb="0" cb="0"/><line nr="427" mi="0" ci="2" mb="0" cb="0"/><line nr="431" mi="0" ci="4" mb="0" cb="0"/><line nr="433" mi="0" ci="1" mb="0" cb="0"/><line nr="461" mi="0" ci="3" mb="0" cb="2"/><line nr="462" mi="0" ci="4" mb="0" cb="0"/><line nr="464" mi="0" ci="6" mb="0" cb="4"/><line nr="465" mi="0" ci="4" mb="0" cb="0"/><line nr="468" mi="0" ci="5" mb="0" cb="0"/><line nr="469" mi="0" ci="3" mb="1" cb="1"/><line nr="470" mi="2" ci="0" mb="0" cb="0"/><line nr="477" mi="0" ci="9" mb="0" cb="2"/><line nr="479" mi="0" ci="4" mb="0" cb="0"/><line nr="480" mi="0" ci="4" mb="0" cb="0"/><line nr="482" mi="0" ci="2" mb="0" cb="0"/><line nr="485" mi="0" ci="10" mb="0" cb="4"/><line nr="486" mi="0" ci="8" mb="0" cb="0"/><line nr="487" mi="0" ci="8" mb="0" cb="0"/><line nr="488" mi="0" ci="2" mb="0" cb="0"/><line nr="492" mi="0" ci="4" mb="0" cb="0"/><line nr="493" mi="0" ci="4" mb="0" cb="0"/><line nr="496" mi="0" ci="2" mb="0" cb="0"/><line nr="518" mi="0" ci="3" mb="0" cb="2"/><line nr="519" mi="0" ci="4" mb="0" cb="0"/><line nr="521" mi="0" ci="6" mb="0" cb="4"/><line nr="522" mi="0" ci="4" mb="0" cb="0"/><line nr="524" mi="0" ci="3" mb="1" cb="1"/><line nr="525" mi="1" ci="0" mb="0" cb="0"/><line nr="531" mi="0" ci="9" mb="0" cb="2"/><line nr="533" mi="0" ci="4" mb="0" cb="0"/><line nr="535" mi="0" ci="2" mb="0" cb="0"/><line nr="538" mi="0" ci="11" mb="0" cb="4"/><line nr="539" mi="0" ci="8" mb="0" cb="0"/><line nr="540" mi="0" ci="2" mb="0" cb="0"/><line nr="544" mi="0" ci="4" mb="0" cb="0"/><line nr="546" mi="0" ci="1" mb="0" cb="0"/><line nr="574" mi="0" ci="3" mb="0" cb="2"/><line nr="575" mi="0" ci="4" mb="0" cb="0"/><line nr="577" mi="0" ci="6" mb="0" cb="4"/><line nr="578" mi="0" ci="4" mb="0" cb="0"/><line nr="581" mi="0" ci="5" mb="0" cb="0"/><line nr="582" mi="0" ci="3" mb="1" cb="1"/><line nr="583" mi="2" ci="0" mb="0" cb="0"/><line nr="590" mi="0" ci="9" mb="0" cb="2"/><line nr="592" mi="0" ci="4" mb="0" cb="0"/><line nr="593" mi="0" ci="4" mb="0" cb="0"/><line nr="595" mi="0" ci="2" mb="0" cb="0"/><line nr="598" mi="0" ci="11" mb="0" cb="4"/><line nr="599" mi="0" ci="8" mb="0" cb="0"/><line nr="600" mi="0" ci="8" mb="0" cb="0"/><line nr="601" mi="0" ci="2" mb="0" cb="0"/><line nr="605" mi="0" ci="4" mb="0" cb="0"/><line nr="606" mi="0" ci="4" mb="0" cb="0"/><line nr="609" mi="0" ci="2" mb="0" cb="0"/><counter type="INSTRUCTION" missed="15" covered="725"/><counter type="BRANCH" missed="10" covered="130"/><counter type="LINE" missed="10" covered="152"/><counter type="COMPLEXITY" missed="10" covered="72"/><counter type="METHOD" missed="0" covered="12"/><counter type="CLASS" missed="0" covered="1"/></sourcefile><sourcefile name="ShellSorter.java"><line nr="32" mi="0" ci="3" mb="0" cb="0"/><line nr="66" mi="0" ci="3" mb="0" cb="2"/><line nr="67" mi="0" ci="4" mb="0" cb="0"/><line nr="69" mi="0" ci="6" mb="0" cb="4"/><line nr="70" mi="0" ci="4" mb="0" cb="0"/><line nr="72" mi="0" ci="3" mb="1" cb="1"/><line nr="73" mi="1" ci="0" mb="0" cb="0"/><line nr="77" mi="0" ci="2" mb="0" cb="0"/><line nr="78" mi="0" ci="4" mb="0" cb="0"/><line nr="83" mi="0" ci="4" mb="0" cb="0"/><line nr="84" mi="0" ci="1" mb="0" cb="0"/><line nr="85" mi="0" ci="3" mb="0" cb="2"/><line nr="89" mi="0" ci="4" mb="0" cb="0"/><line nr="91" mi="0" ci="7" mb="0" cb="2"/><line nr="92" mi="0" ci="6" mb="0" cb="0"/><line nr="93" mi="0" ci="2" mb="0" cb="0"/><line nr="96" mi="0" ci="11" mb="0" cb="2"/><line nr="97" mi="0" ci="12" mb="0" cb="0"/><line nr="98" mi="0" ci="4" mb="0" cb="0"/><line nr="99" mi="0" ci="3" mb="0" cb="2"/><line nr="100" mi="0" ci="1" mb="0" cb="0"/><line nr="103" mi="0" ci="6" mb="0" cb="0"/><line nr="105" mi="0" ci="3" mb="0" cb="2"/><line nr="106" mi="0" ci="1" mb="0" cb="0"/><line nr="136" mi="0" ci="3" mb="0" cb="2"/><line nr="137" mi="0" ci="4" mb="0" cb="0"/><line nr="139" mi="0" ci="6" mb="0" cb="4"/><line nr="140" mi="0" ci="4" mb="0" cb="0"/><line nr="143" mi="0" ci="5" mb="0" cb="0"/><line nr="144" mi="0" ci="3" mb="1" cb="1"/><line nr="145" mi="2" ci="0" mb="0" cb="0"/><line nr="150" mi="0" ci="2" mb="0" cb="0"/><line nr="151" mi="0" ci="4" mb="0" cb="0"/><line nr="156" mi="0" ci="4" mb="0" cb="0"/><line nr="157" mi="0" ci="1" mb="0" cb="0"/><line nr="158" mi="0" ci="3" mb="0" cb="2"/><line nr="162" mi="0" ci="4" mb="0" cb="0"/><line nr="164" mi="0" ci="7" mb="0" cb="2"/><line nr="165" mi="0" ci="6" mb="0" cb="0"/><line nr="166" mi="0" ci="6" mb="0" cb="0"/><line nr="167" mi="0" ci="2" mb="0" cb="0"/><line nr="170" mi="0" ci="11" mb="0" cb="2"/><line nr="171" mi="0" ci="12" mb="0" cb="0"/><line nr="172" mi="0" ci="12" mb="0" cb="0"/><line nr="173" mi="0" ci="4" mb="0" cb="0"/><line nr="174" mi="0" ci="3" mb="0" cb="2"/><line nr="175" mi="0" ci="1" mb="0" cb="0"/><line nr="178" mi="0" ci="6" mb="0" cb="0"/><line nr="179" mi="0" ci="6" mb="0" cb="0"/><line nr="181" mi="0" ci="3" mb="0" cb="2"/><line nr="183" mi="0" ci="2" mb="0" cb="0"/><line nr="192" mi="0" ci="2" mb="0" cb="0"/><line nr="214" mi="0" ci="3" mb="0" cb="2"/><line nr="215" mi="0" ci="4" mb="0" cb="0"/><line nr="217" mi="0" ci="6" mb="0" cb="4"/><line nr="218" mi="0" ci="4" mb="0" cb="0"/><line nr="220" mi="0" ci="3" mb="1" cb="1"/><line nr="221" mi="1" ci="0" mb="0" cb="0"/><line nr="225" mi="0" ci="2" mb="0" cb="0"/><line nr="226" mi="0" ci="4" mb="0" cb="0"/><line nr="231" mi="0" ci="4" mb="0" cb="0"/><line nr="232" mi="0" ci="1" mb="0" cb="0"/><line nr="233" mi="0" ci="3" mb="0" cb="2"/><line nr="237" mi="0" ci="4" mb="0" cb="0"/><line nr="239" mi="0" ci="7" mb="0" cb="2"/><line nr="240" mi="0" ci="6" mb="0" cb="0"/><line nr="241" mi="0" ci="2" mb="0" cb="0"/><line nr="244" mi="0" ci="10" mb="0" cb="2"/><line nr="245" mi="0" ci="12" mb="0" cb="0"/><line nr="246" mi="0" ci="4" mb="0" cb="0"/><line nr="247" mi="0" ci="3" mb="0" cb="2"/><line nr="248" mi="0" ci="1" mb="0" cb="0"/><line nr="251" mi="0" ci="6" mb="0" cb="0"/><line nr="253" mi="0" ci="3" mb="0" cb="2"/><line nr="254" mi="0" ci="1" mb="0" cb="0"/><line nr="282" mi="0" ci="3" mb="0" cb="2"/><line nr="283" mi="0" ci="4" mb="0" cb="0"/><line nr="285" mi="0" ci="6" mb="0" cb="4"/><line nr="286" mi="0" ci="4" mb="0" cb="0"/><line nr="289" mi="0" ci="5" mb="0" cb="0"/><line nr="290" mi="0" ci="3" mb="1" cb="1"/><line nr="291" mi="2" ci="0" mb="0" cb="0"/><line nr="296" mi="0" ci="2" mb="0" cb="0"/><line nr="297" mi="0" ci="4" mb="0" cb="0"/><line nr="302" mi="0" ci="4" mb="0" cb="0"/><line nr="303" mi="0" ci="1" mb="0" cb="0"/><line nr="304" mi="0" ci="3" mb="0" cb="2"/><line nr="308" mi="0" ci="4" mb="0" cb="0"/><line nr="310" mi="0" ci="7" mb="0" cb="2"/><line nr="311" mi="0" ci="6" mb="0" cb="0"/><line nr="312" mi="0" ci="6" mb="0" cb="0"/><line nr="313" mi="0" ci="2" mb="0" cb="0"/><line nr="316" mi="0" ci="10" mb="0" cb="2"/><line nr="317" mi="0" ci="12" mb="0" cb="0"/><line nr="318" mi="0" ci="12" mb="0" cb="0"/><line nr="319" mi="0" ci="4" mb="0" cb="0"/><line nr="320" mi="0" ci="3" mb="0" cb="2"/><line nr="321" mi="0" ci="1" mb="0" cb="0"/><line nr="324" mi="0" ci="6" mb="0" cb="0"/><line nr="325" mi="0" ci="6" mb="0" cb="0"/><line nr="327" mi="0" ci="3" mb="0" cb="2"/><line nr="329" mi="0" ci="2" mb="0" cb="0"/><line nr="351" mi="0" ci="3" mb="0" cb="2"/><line nr="352" mi="0" ci="4" mb="0" cb="0"/><line nr="354" mi="0" ci="6" mb="0" cb="4"/><line nr="355" mi="0" ci="4" mb="0" cb="0"/><line nr="357" mi="0" ci="3" mb="1" cb="1"/><line nr="358" mi="1" ci="0" mb="0" cb="0"/><line nr="362" mi="0" ci="2" mb="0" cb="0"/><line nr="363" mi="0" ci="4" mb="0" cb="0"/><line nr="368" mi="0" ci="4" mb="0" cb="0"/><line nr="369" mi="0" ci="1" mb="0" cb="0"/><line nr="370" mi="0" ci="3" mb="0" cb="2"/><line nr="374" mi="0" ci="4" mb="0" cb="0"/><line nr="376" mi="0" ci="7" mb="0" cb="2"/><line nr="377" mi="0" ci="6" mb="0" cb="0"/><line nr="378" mi="0" ci="2" mb="0" cb="0"/><line nr="381" mi="0" ci="10" mb="0" cb="2"/><line nr="382" mi="0" ci="12" mb="0" cb="0"/><line nr="383" mi="0" ci="4" mb="0" cb="0"/><line nr="384" mi="0" ci="3" mb="0" cb="2"/><line nr="385" mi="0" ci="1" mb="0" cb="0"/><line nr="388" mi="0" ci="6" mb="0" cb="0"/><line nr="390" mi="0" ci="3" mb="0" cb="2"/><line nr="391" mi="0" ci="1" mb="0" cb="0"/><line nr="419" mi="0" ci="3" mb="0" cb="2"/><line nr="420" mi="0" ci="4" mb="0" cb="0"/><line nr="422" mi="0" ci="6" mb="0" cb="4"/><line nr="423" mi="0" ci="4" mb="0" cb="0"/><line nr="426" mi="0" ci="5" mb="0" cb="0"/><line nr="427" mi="0" ci="3" mb="1" cb="1"/><line nr="428" mi="2" ci="0" mb="0" cb="0"/><line nr="433" mi="0" ci="2" mb="0" cb="0"/><line nr="434" mi="0" ci="4" mb="0" cb="0"/><line nr="439" mi="0" ci="4" mb="0" cb="0"/><line nr="440" mi="0" ci="1" mb="0" cb="0"/><line nr="441" mi="0" ci="3" mb="0" cb="2"/><line nr="445" mi="0" ci="4" mb="0" cb="0"/><line nr="447" mi="0" ci="7" mb="0" cb="2"/><line nr="448" mi="0" ci="6" mb="0" cb="0"/><line nr="449" mi="0" ci="6" mb="0" cb="0"/><line nr="450" mi="0" ci="2" mb="0" cb="0"/><line nr="453" mi="0" ci="10" mb="0" cb="2"/><line nr="454" mi="0" ci="12" mb="0" cb="0"/><line nr="455" mi="0" ci="12" mb="0" cb="0"/><line nr="456" mi="0" ci="4" mb="0" cb="0"/><line nr="457" mi="0" ci="3" mb="0" cb="2"/><line nr="458" mi="0" ci="1" mb="0" cb="0"/><line nr="461" mi="0" ci="6" mb="0" cb="0"/><line nr="462" mi="0" ci="6" mb="0" cb="0"/><line nr="464" mi="0" ci="3" mb="0" cb="2"/><line nr="466" mi="0" ci="2" mb="0" cb="0"/><line nr="488" mi="0" ci="3" mb="0" cb="2"/><line nr="489" mi="0" ci="4" mb="0" cb="0"/><line nr="491" mi="0" ci="6" mb="0" cb="4"/><line nr="492" mi="0" ci="4" mb="0" cb="0"/><line nr="494" mi="0" ci="3" mb="1" cb="1"/><line nr="495" mi="1" ci="0" mb="0" cb="0"/><line nr="499" mi="0" ci="2" mb="0" cb="0"/><line nr="500" mi="0" ci="4" mb="0" cb="0"/><line nr="505" mi="0" ci="4" mb="0" cb="0"/><line nr="506" mi="0" ci="1" mb="0" cb="0"/><line nr="507" mi="0" ci="3" mb="0" cb="2"/><line nr="511" mi="0" ci="4" mb="0" cb="0"/><line nr="513" mi="0" ci="7" mb="0" cb="2"/><line nr="514" mi="0" ci="6" mb="0" cb="0"/><line nr="515" mi="0" ci="2" mb="0" cb="0"/><line nr="518" mi="0" ci="9" mb="0" cb="2"/><line nr="519" mi="0" ci="12" mb="0" cb="0"/><line nr="520" mi="0" ci="4" mb="0" cb="0"/><line nr="521" mi="0" ci="3" mb="0" cb="2"/><line nr="522" mi="0" ci="1" mb="0" cb="0"/><line nr="525" mi="0" ci="6" mb="0" cb="0"/><line nr="527" mi="0" ci="3" mb="0" cb="2"/><line nr="528" mi="0" ci="1" mb="0" cb="0"/><line nr="556" mi="0" ci="3" mb="0" cb="2"/><line nr="557" mi="0" ci="4" mb="0" cb="0"/><line nr="559" mi="0" ci="6" mb="0" cb="4"/><line nr="560" mi="0" ci="4" mb="0" cb="0"/><line nr="563" mi="0" ci="5" mb="0" cb="0"/><line nr="564" mi="0" ci="3" mb="1" cb="1"/><line nr="565" mi="2" ci="0" mb="0" cb="0"/><line nr="570" mi="0" ci="2" mb="0" cb="0"/><line nr="571" mi="0" ci="4" mb="0" cb="0"/><line nr="576" mi="0" ci="4" mb="0" cb="0"/><line nr="577" mi="0" ci="1" mb="0" cb="0"/><line nr="578" mi="0" ci="3" mb="0" cb="2"/><line nr="582" mi="0" ci="4" mb="0" cb="0"/><line nr="584" mi="0" ci="7" mb="0" cb="2"/><line nr="585" mi="0" ci="6" mb="0" cb="0"/><line nr="586" mi="0" ci="6" mb="0" cb="0"/><line nr="587" mi="0" ci="2" mb="0" cb="0"/><line nr="590" mi="0" ci="9" mb="0" cb="2"/><line nr="591" mi="0" ci="12" mb="0" cb="0"/><line nr="592" mi="0" ci="12" mb="0" cb="0"/><line nr="593" mi="0" ci="4" mb="0" cb="0"/><line nr="594" mi="0" ci="3" mb="0" cb="2"/><line nr="595" mi="0" ci="1" mb="0" cb="0"/><line nr="598" mi="0" ci="6" mb="0" cb="0"/><line nr="599" mi="0" ci="6" mb="0" cb="0"/><line nr="601" mi="0" ci="3" mb="0" cb="2"/><line nr="603" mi="0" ci="2" mb="0" cb="0"/><line nr="625" mi="0" ci="3" mb="0" cb="2"/><line nr="626" mi="0" ci="4" mb="0" cb="0"/><line nr="628" mi="0" ci="6" mb="0" cb="4"/><line nr="629" mi="0" ci="4" mb="0" cb="0"/><line nr="631" mi="0" ci="3" mb="1" cb="1"/><line nr="632" mi="1" ci="0" mb="0" cb="0"/><line nr="636" mi="0" ci="2" mb="0" cb="0"/><line nr="637" mi="0" ci="4" mb="0" cb="0"/><line nr="642" mi="0" ci="4" mb="0" cb="0"/><line nr="643" mi="0" ci="1" mb="0" cb="0"/><line nr="644" mi="0" ci="3" mb="0" cb="2"/><line nr="648" mi="0" ci="4" mb="0" cb="0"/><line nr="650" mi="0" ci="7" mb="0" cb="2"/><line nr="651" mi="0" ci="6" mb="0" cb="0"/><line nr="652" mi="0" ci="2" mb="0" cb="0"/><line nr="655" mi="0" ci="10" mb="0" cb="2"/><line nr="656" mi="0" ci="12" mb="0" cb="0"/><line nr="657" mi="0" ci="4" mb="0" cb="0"/><line nr="658" mi="0" ci="3" mb="0" cb="2"/><line nr="659" mi="0" ci="1" mb="0" cb="0"/><line nr="662" mi="0" ci="6" mb="0" cb="0"/><line nr="664" mi="0" ci="3" mb="0" cb="2"/><line nr="665" mi="0" ci="1" mb="0" cb="0"/><line nr="693" mi="0" ci="3" mb="0" cb="2"/><line nr="694" mi="0" ci="4" mb="0" cb="0"/><line nr="696" mi="0" ci="6" mb="0" cb="4"/><line nr="697" mi="0" ci="4" mb="0" cb="0"/><line nr="700" mi="0" ci="5" mb="0" cb="0"/><line nr="701" mi="0" ci="3" mb="1" cb="1"/><line nr="702" mi="2" ci="0" mb="0" cb="0"/><line nr="707" mi="0" ci="2" mb="0" cb="0"/><line nr="708" mi="0" ci="4" mb="0" cb="0"/><line nr="713" mi="0" ci="4" mb="0" cb="0"/><line nr="714" mi="0" ci="1" mb="0" cb="0"/><line nr="715" mi="0" ci="3" mb="0" cb="2"/><line nr="719" mi="0" ci="4" mb="0" cb="0"/><line nr="721" mi="0" ci="7" mb="0" cb="2"/><line nr="722" mi="0" ci="6" mb="0" cb="0"/><line nr="723" mi="0" ci="6" mb="0" cb="0"/><line nr="724" mi="0" ci="2" mb="0" cb="0"/><line nr="727" mi="0" ci="10" mb="0" cb="2"/><line nr="728" mi="0" ci="12" mb="0" cb="0"/><line nr="729" mi="0" ci="12" mb="0" cb="0"/><line nr="730" mi="0" ci="4" mb="0" cb="0"/><line nr="731" mi="0" ci="3" mb="0" cb="2"/><line nr="732" mi="0" ci="1" mb="0" cb="0"/><line nr="735" mi="0" ci="6" mb="0" cb="0"/><line nr="736" mi="0" ci="6" mb="0" cb="0"/><line nr="738" mi="0" ci="3" mb="0" cb="2"/><line nr="740" mi="0" ci="2" mb="0" cb="0"/><counter type="INSTRUCTION" missed="15" covered="1085"/><counter type="BRANCH" missed="10" covered="170"/><counter type="LINE" missed="10" covered="242"/><counter type="COMPLEXITY" missed="10" covered="92"/><counter type="METHOD" missed="0" covered="12"/><counter type="CLASS" missed="0" covered="1"/></sourcefile><sourcefile name="SortingMethod.java"><line nr="21" mi="0" ci="24" mb="0" cb="0"/><line nr="27" mi="0" ci="6" mb="0" cb="0"/><line nr="34" mi="0" ci="6" mb="0" cb="0"/><line nr="40" mi="0" ci="6" mb="0" cb="0"/><line nr="46" mi="0" ci="6" mb="0" cb="0"/><line nr="53" mi="0" ci="6" mb="0" cb="0"/><counter type="INSTRUCTION" missed="0" covered="54"/><counter type="LINE" missed="0" covered="6"/><counter type="COMPLEXITY" missed="0" covered="1"/><counter type="METHOD" missed="0" covered="1"/><counter type="CLASS" missed="0" covered="1"/></sourcefile><counter type="INSTRUCTION" missed="233" covered="9163"/><counter type="BRANCH" missed="75" covered="1040"/><counter type="LINE" missed="74" covered="1669"/><counter type="COMPLEXITY" missed="68" covered="630"/><counter type="METHOD" missed="0" covered="139"/><counter type="CLASS" missed="0" covered="13"/></package><counter type="INSTRUCTION" missed="233" covered="9163"/><counter type="BRANCH" missed="75" covered="1040"/><counter type="LINE" missed="74" covered="1669"/><counter type="COMPLEXITY" missed="68" covered="630"/><counter type="METHOD" missed="0" covered="139"/><counter type="CLASS" missed="0" covered="13"/></report>