<?xml version="1.0" encoding="UTF-8" standalone="yes"?><!DOCTYPE report PUBLIC "-//JACOCO//DTD Report 1.1//EN" "report.dtd"><report name="com.irurueta:irurueta-sorting"><sessioninfo id="runnervmf4ws1-aa3d2711" start="1758208757256" dump="1758208759016"/><package name="com/irurueta/sorting"><class name="com/irurueta/sorting/BuildInfo" sourcefilename="BuildInfo.java"><method name="&lt;init&gt;" desc="()V" line="128"><counter type="INSTRUCTION" missed="6" covered="60"/><counter type="LINE" missed="2" covered="15"/><counter type="COMPLEXITY" missed="0" covered="1"/><counter type="METHOD" missed="0" covered="1"/></method><method name="getInstance" desc="()Lcom/irurueta/sorting/BuildInfo;" line="156"><counter type="INSTRUCTION" missed="0" covered="19"/><counter type="BRANCH" missed="1" covered="3"/><counter type="LINE" missed="0" covered="4"/><counter type="COMPLEXITY" missed="1" covered="2"/><counter type="METHOD" missed="0" covered="1"/></method><method name="getBuildTimestamp" desc="()Ljava/util/Date;" line="170"><counter type="INSTRUCTION" missed="0" covered="5"/><counter type="LINE" missed="0" covered="1"/><counter type="COMPLEXITY" missed="0" covered="1"/><counter type="METHOD" missed="0" covered="1"/></method><method name="getGroupId" desc="()Ljava/lang/String;" line="179"><counter type="INSTRUCTION" missed="0" covered="3"/><counter type="LINE" missed="0" covered="1"/><counter type="COMPLEXITY" missed="0" covered="1"/><counter type="METHOD" missed="0" covered="1"/></method><method name="getArtifactId" desc="()Ljava/lang/String;" line="188"><counter type="INSTRUCTION" missed="0" covered="3"/><counter type="LINE" missed="0" covered="1"/><counter type="COMPLEXITY" missed="0" covered="1"/><counter type="METHOD" missed="0" covered="1"/></method><method name="getVersion" desc="()Ljava/lang/String;" line="197"><counter type="INSTRUCTION" missed="0" covered="3"/><counter type="LINE" missed="0" covered="1"/><counter type="COMPLEXITY" missed="0" covered="1"/><counter type="METHOD" missed="0" covered="1"/></method><method name="getBuildNumber" desc="()Ljava/lang/String;" line="206"><counter type="INSTRUCTION" missed="0" covered="3"/><counter type="LINE" missed="0" covered="1"/><counter type="COMPLEXITY" missed="0" covered="1"/><counter type="METHOD" missed="0" covered="1"/></method><method name="getCommit" desc="()Ljava/lang/String;" line="215"><counter type="INSTRUCTION" missed="0" covered="3"/><counter type="LINE" missed="0" covered="1"/><counter type="COMPLEXITY" missed="0" covered="1"/><counter type="METHOD" missed="0" covered="1"/></method><method name="getBranch" desc="()Ljava/lang/String;" line="224"><counter type="INSTRUCTION" missed="0" covered="3"/><counter type="LINE" missed="0" covered="1"/><counter type="COMPLEXITY" missed="0" covered="1"/><counter type="METHOD" missed="0" covered="1"/></method><method name="&lt;clinit&gt;" desc="()V" line="34"><counter type="INSTRUCTION" missed="0" covered="5"/><counter type="LINE" missed="0" covered="2"/><counter type="COMPLEXITY" missed="0" covered="1"/><counter type="METHOD" missed="0" covered="1"/></method><counter type="INSTRUCTION" missed="6" covered="107"/><counter type="BRANCH" missed="1" covered="3"/><counter type="LINE" missed="2" covered="28"/><counter type="COMPLEXITY" missed="1" covered="11"/><counter type="METHOD" missed="0" covered="10"/><counter type="CLASS" missed="0" covered="1"/></class><class name="com/irurueta/sorting/ComparableAndAverageable" sourcefilename="ComparableAndAverageable.java"/><class name="com/irurueta/sorting/ComparatorAndAverager" sourcefilename="ComparatorAndAverager.java"/><class name="com/irurueta/sorting/Sorter" sourcefilename="Sorter.java"><method name="&lt;init&gt;" desc="()V" line="27"><counter type="INSTRUCTION" missed="0" covered="3"/><counter type="LINE" missed="0" covered="1"/><counter type="COMPLEXITY" missed="0" covered="1"/><counter type="METHOD" missed="0" covered="1"/></method><method name="sort" desc="([Ljava/lang/Comparable;II)V" line="278"><counter type="INSTRUCTION" missed="0" covered="8"/><counter type="LINE" missed="0" covered="2"/><counter type="COMPLEXITY" missed="0" covered="1"/><counter type="METHOD" missed="0" covered="1"/></method><method name="sort" desc="([Ljava/lang/Comparable;)V" line="296"><counter type="INSTRUCTION" missed="0" covered="7"/><counter type="LINE" missed="0" covered="2"/><counter type="COMPLEXITY" missed="0" covered="1"/><counter type="METHOD" missed="0" covered="1"/></method><method name="sort" desc="([Ljava/lang/Object;Ljava/util/Comparator;)V" line="316"><counter type="INSTRUCTION" missed="0" covered="8"/><counter type="LINE" missed="0" covered="2"/><counter type="COMPLEXITY" missed="0" covered="1"/><counter type="METHOD" missed="0" covered="1"/></method><method name="sort" desc="([D)V" line="334"><counter type="INSTRUCTION" missed="0" covered="7"/><counter type="LINE" missed="0" covered="2"/><counter type="COMPLEXITY" missed="0" covered="1"/><counter type="METHOD" missed="0" covered="1"/></method><method name="sort" desc="([F)V" line="352"><counter type="INSTRUCTION" missed="0" covered="7"/><counter type="LINE" missed="0" covered="2"/><counter type="COMPLEXITY" missed="0" covered="1"/><counter type="METHOD" missed="0" covered="1"/></method><method name="sort" desc="([I)V" line="370"><counter type="INSTRUCTION" missed="0" covered="7"/><counter type="LINE" missed="0" covered="2"/><counter type="COMPLEXITY" missed="0" covered="1"/><counter type="METHOD" missed="0" covered="1"/></method><method name="sort" desc="([J)V" line="388"><counter type="INSTRUCTION" missed="0" covered="7"/><counter type="LINE" missed="0" covered="2"/><counter type="COMPLEXITY" missed="0" covered="1"/><counter type="METHOD" missed="0" covered="1"/></method><method name="sortWithIndices" desc="([Ljava/lang/Comparable;II)[I" line="418"><counter type="INSTRUCTION" missed="0" covered="8"/><counter type="LINE" missed="0" covered="1"/><counter type="COMPLEXITY" missed="0" covered="1"/><counter type="METHOD" missed="0" covered="1"/></method><method name="sortWithIndices" desc="([Ljava/lang/Comparable;)[I" line="441"><counter type="INSTRUCTION" missed="0" covered="7"/><counter type="LINE" missed="0" covered="1"/><counter type="COMPLEXITY" missed="0" covered="1"/><counter type="METHOD" missed="0" covered="1"/></method><method name="sortWithIndices" desc="([Ljava/lang/Object;Ljava/util/Comparator;)[I" line="463"><counter type="INSTRUCTION" missed="0" covered="8"/><counter type="LINE" missed="0" covered="1"/><counter type="COMPLEXITY" missed="0" covered="1"/><counter type="METHOD" missed="0" covered="1"/></method><method name="sortWithIndices" desc="([D)[I" line="483"><counter type="INSTRUCTION" missed="0" covered="7"/><counter type="LINE" missed="0" covered="1"/><counter type="COMPLEXITY" missed="0" covered="1"/><counter type="METHOD" missed="0" covered="1"/></method><method name="sortWithIndices" desc="([F)[I" line="503"><counter type="INSTRUCTION" missed="0" covered="7"/><counter type="LINE" missed="0" covered="1"/><counter type="COMPLEXITY" missed="0" covered="1"/><counter type="METHOD" missed="0" covered="1"/></method><method name="sortWithIndices" desc="([I)[I" line="523"><counter type="INSTRUCTION" missed="0" covered="7"/><counter type="LINE" missed="0" covered="1"/><counter type="COMPLEXITY" missed="0" covered="1"/><counter type="METHOD" missed="0" covered="1"/></method><method name="sortWithIndices" desc="([J)[I" line="543"><counter type="INSTRUCTION" missed="0" covered="7"/><counter type="LINE" missed="0" covered="1"/><counter type="COMPLEXITY" missed="0" covered="1"/><counter type="METHOD" missed="0" covered="1"/></method><method name="select" desc="(I[Ljava/lang/Comparable;)Ljava/lang/Object;" line="569"><counter type="INSTRUCTION" missed="0" covered="8"/><counter type="LINE" missed="0" covered="1"/><counter type="COMPLEXITY" missed="0" covered="1"/><counter type="METHOD" missed="0" covered="1"/></method><method name="select" desc="(I[Ljava/lang/Comparable;II)Ljava/lang/Object;" line="605"><counter type="INSTRUCTION" missed="0" covered="9"/><counter type="LINE" missed="0" covered="1"/><counter type="COMPLEXITY" missed="0" covered="1"/><counter type="METHOD" missed="0" covered="1"/></method><method name="select" desc="(I[Ljava/lang/Object;Ljava/util/Comparator;)Ljava/lang/Object;" line="636"><counter type="INSTRUCTION" missed="0" covered="9"/><counter type="LINE" missed="0" covered="1"/><counter type="COMPLEXITY" missed="0" covered="1"/><counter type="METHOD" missed="0" covered="1"/></method><method name="select" desc="(I[D)D" line="662"><counter type="INSTRUCTION" missed="0" covered="8"/><counter type="LINE" missed="0" covered="1"/><counter type="COMPLEXITY" missed="0" covered="1"/><counter type="METHOD" missed="0" covered="1"/></method><method name="select" desc="(I[F)F" line="688"><counter type="INSTRUCTION" missed="0" covered="8"/><counter type="LINE" missed="0" covered="1"/><counter type="COMPLEXITY" missed="0" covered="1"/><counter type="METHOD" missed="0" covered="1"/></method><method name="select" desc="(I[I)I" line="714"><counter type="INSTRUCTION" missed="0" covered="8"/><counter type="LINE" missed="0" covered="1"/><counter type="COMPLEXITY" missed="0" covered="1"/><counter type="METHOD" missed="0" covered="1"/></method><method name="select" desc="(I[J)J" line="740"><counter type="INSTRUCTION" missed="0" covered="8"/><counter type="LINE" missed="0" covered="1"/><counter type="COMPLEXITY" missed="0" covered="1"/><counter type="METHOD" missed="0" covered="1"/></method><method name="select" desc="(I[Ljava/lang/Object;IILjava/util/Comparator;)Ljava/lang/Object;" line="779"><counter type="INSTRUCTION" missed="0" covered="242"/><counter type="BRANCH" missed="0" covered="30"/><counter type="LINE" missed="0" covered="37"/><counter type="COMPLEXITY" missed="0" covered="16"/><counter type="METHOD" missed="0" covered="1"/></method><method name="select" desc="(I[DII)D" line="880"><counter type="INSTRUCTION" missed="0" covered="236"/><counter type="BRANCH" missed="0" covered="30"/><counter type="LINE" missed="0" covered="37"/><counter type="COMPLEXITY" missed="0" covered="16"/><counter type="METHOD" missed="0" covered="1"/></method><method name="select" desc="(I[FII)F" line="981"><counter type="INSTRUCTION" missed="0" covered="236"/><counter type="BRANCH" missed="0" covered="30"/><counter type="LINE" missed="0" covered="37"/><counter type="COMPLEXITY" missed="0" covered="16"/><counter type="METHOD" missed="0" covered="1"/></method><method name="select" desc="(I[III)I" line="1082"><counter type="INSTRUCTION" missed="0" covered="230"/><counter type="BRANCH" missed="0" covered="30"/><counter type="LINE" missed="0" covered="37"/><counter type="COMPLEXITY" missed="0" covered="16"/><counter type="METHOD" missed="0" covered="1"/></method><method name="select" desc="(I[JII)J" line="1183"><counter type="INSTRUCTION" missed="0" covered="236"/><counter type="BRANCH" missed="0" covered="30"/><counter type="LINE" missed="0" covered="37"/><counter type="COMPLEXITY" missed="0" covered="16"/><counter type="METHOD" missed="0" covered="1"/></method><method name="median" desc="([Ljava/lang/Comparable;)Ljava/lang/Object;" line="1264"><counter type="INSTRUCTION" missed="0" covered="7"/><counter type="LINE" missed="0" covered="1"/><counter type="COMPLEXITY" missed="0" covered="1"/><counter type="METHOD" missed="0" covered="1"/></method><method name="median" desc="([Ljava/lang/Comparable;II)Ljava/lang/Object;" line="1292"><counter type="INSTRUCTION" missed="0" covered="11"/><counter type="LINE" missed="0" covered="1"/><counter type="COMPLEXITY" missed="0" covered="1"/><counter type="METHOD" missed="0" covered="1"/></method><method name="median" desc="([Ljava/lang/Object;Lcom/irurueta/sorting/ComparatorAndAverager;)Ljava/lang/Object;" line="1348"><counter type="INSTRUCTION" missed="0" covered="8"/><counter type="LINE" missed="0" covered="1"/><counter type="COMPLEXITY" missed="0" covered="1"/><counter type="METHOD" missed="0" covered="1"/></method><method name="median" desc="([D)D" line="1364"><counter type="INSTRUCTION" missed="0" covered="7"/><counter type="LINE" missed="0" covered="1"/><counter type="COMPLEXITY" missed="0" covered="1"/><counter type="METHOD" missed="0" covered="1"/></method><method name="median" desc="([F)F" line="1380"><counter type="INSTRUCTION" missed="0" covered="7"/><counter type="LINE" missed="0" covered="1"/><counter type="COMPLEXITY" missed="0" covered="1"/><counter type="METHOD" missed="0" covered="1"/></method><method name="median" desc="([I)I" line="1396"><counter type="INSTRUCTION" missed="0" covered="7"/><counter type="LINE" missed="0" covered="1"/><counter type="COMPLEXITY" missed="0" covered="1"/><counter type="METHOD" missed="0" covered="1"/></method><method name="median" desc="([J)J" line="1412"><counter type="INSTRUCTION" missed="0" covered="7"/><counter type="LINE" missed="0" covered="1"/><counter type="COMPLEXITY" missed="0" covered="1"/><counter type="METHOD" missed="0" covered="1"/></method><method name="median" desc="([Ljava/lang/Object;IILcom/irurueta/sorting/ComparatorAndAverager;)Ljava/lang/Object;" line="1442"><counter type="INSTRUCTION" missed="0" covered="68"/><counter type="BRANCH" missed="0" covered="12"/><counter type="LINE" missed="0" covered="15"/><counter type="COMPLEXITY" missed="0" covered="7"/><counter type="METHOD" missed="0" covered="1"/></method><method name="median" desc="([DII)D" line="1500"><counter type="INSTRUCTION" missed="0" covered="67"/><counter type="BRANCH" missed="0" covered="12"/><counter type="LINE" missed="0" covered="15"/><counter type="COMPLEXITY" missed="0" covered="7"/><counter type="METHOD" missed="0" covered="1"/></method><method name="median" desc="([FII)F" line="1558"><counter type="INSTRUCTION" missed="0" covered="67"/><counter type="BRANCH" missed="0" covered="12"/><counter type="LINE" missed="0" covered="15"/><counter type="COMPLEXITY" missed="0" covered="7"/><counter type="METHOD" missed="0" covered="1"/></method><method name="median" desc="([III)I" line="1616"><counter type="INSTRUCTION" missed="0" covered="69"/><counter type="BRANCH" missed="0" covered="12"/><counter type="LINE" missed="0" covered="15"/><counter type="COMPLEXITY" missed="0" covered="7"/><counter type="METHOD" missed="0" covered="1"/></method><method name="median" desc="([JII)J" line="1674"><counter type="INSTRUCTION" missed="0" covered="70"/><counter type="BRANCH" missed="0" covered="12"/><counter type="LINE" missed="0" covered="15"/><counter type="COMPLEXITY" missed="0" covered="7"/><counter type="METHOD" missed="0" covered="1"/></method><method name="create" desc="()Lcom/irurueta/sorting/Sorter;" line="1723"><counter type="INSTRUCTION" missed="0" covered="3"/><counter type="LINE" missed="0" covered="1"/><counter type="COMPLEXITY" missed="0" covered="1"/><counter type="METHOD" missed="0" covered="1"/></method><method name="create" desc="(Lcom/irurueta/sorting/SortingMethod;)Lcom/irurueta/sorting/Sorter;" line="1733"><counter type="INSTRUCTION" missed="0" covered="25"/><counter type="BRANCH" missed="0" covered="5"/><counter type="LINE" missed="0" covered="6"/><counter type="COMPLEXITY" missed="0" covered="5"/><counter type="METHOD" missed="0" covered="1"/></method><method name="getInitialIndicesVector" desc="(I)[I" line="1750"><counter type="INSTRUCTION" missed="0" covered="16"/><counter type="BRANCH" missed="0" covered="2"/><counter type="LINE" missed="0" covered="4"/><counter type="COMPLEXITY" missed="0" covered="2"/><counter type="METHOD" missed="0" covered="1"/></method><method name="swap" desc="([Ljava/lang/Object;II)V" line="1767"><counter type="INSTRUCTION" missed="0" covered="15"/><counter type="LINE" missed="0" covered="4"/><counter type="COMPLEXITY" missed="0" covered="1"/><counter type="METHOD" missed="0" covered="1"/></method><method name="swap" desc="([DII)V" line="1780"><counter type="INSTRUCTION" missed="0" covered="15"/><counter type="LINE" missed="0" covered="4"/><counter type="COMPLEXITY" missed="0" covered="1"/><counter type="METHOD" missed="0" covered="1"/></method><method name="swap" desc="([FII)V" line="1793"><counter type="INSTRUCTION" missed="0" covered="15"/><counter type="LINE" missed="0" covered="4"/><counter type="COMPLEXITY" missed="0" covered="1"/><counter type="METHOD" missed="0" covered="1"/></method><method name="swap" desc="([III)V" line="1806"><counter type="INSTRUCTION" missed="0" covered="15"/><counter type="LINE" missed="0" covered="4"/><counter type="COMPLEXITY" missed="0" covered="1"/><counter type="METHOD" missed="0" covered="1"/></method><method name="swap" desc="([JII)V" line="1819"><counter type="INSTRUCTION" missed="0" covered="15"/><counter type="LINE" missed="0" covered="4"/><counter type="COMPLEXITY" missed="0" covered="1"/><counter type="METHOD" missed="0" covered="1"/></method><method name="lambda$select$2" desc="(Ljava/lang/Object;Ljava/lang/Object;)I" line="606"><counter type="INSTRUCTION" missed="0" covered="7"/><counter type="LINE" missed="0" covered="2"/><counter type="COMPLEXITY" missed="0" covered="1"/><counter type="METHOD" missed="0" covered="1"/></method><method name="lambda$sortWithIndices$1" desc="(Ljava/lang/Object;Ljava/lang/Object;)I" line="419"><counter type="INSTRUCTION" missed="0" covered="7"/><counter type="LINE" missed="0" covered="2"/><counter type="COMPLEXITY" missed="0" covered="1"/><counter type="METHOD" missed="0" covered="1"/></method><method name="lambda$sort$0" desc="(Ljava/lang/Object;Ljava/lang/Object;)I" line="279"><counter type="INSTRUCTION" missed="0" covered="7"/><counter type="LINE" missed="0" covered="2"/><counter type="COMPLEXITY" missed="0" covered="1"/><counter type="METHOD" missed="0" covered="1"/></method><method name="&lt;clinit&gt;" desc="()V" line="32"><counter type="INSTRUCTION" missed="0" covered="3"/><counter type="LINE" missed="0" covered="1"/><counter type="COMPLEXITY" missed="0" covered="1"/><counter type="METHOD" missed="0" covered="1"/></method><counter type="INSTRUCTION" missed="0" covered="1881"/><counter type="BRANCH" missed="0" covered="217"/><counter type="LINE" missed="0" covered="334"/><counter type="COMPLEXITY" missed="0" covered="161"/><counter type="METHOD" missed="0" covered="51"/><counter type="CLASS" missed="0" covered="1"/></class><class name="com/irurueta/sorting/SortingException" sourcefilename="SortingException.java"><method name="&lt;init&gt;" desc="()V" line="27"><counter type="INSTRUCTION" missed="0" covered="3"/><counter type="LINE" missed="0" covered="2"/><counter type="COMPLEXITY" missed="0" covered="1"/><counter type="METHOD" missed="0" covered="1"/></method><method name="&lt;init&gt;" desc="(Ljava/lang/String;)V" line="36"><counter type="INSTRUCTION" missed="0" covered="4"/><counter type="LINE" missed="0" covered="2"/><counter type="COMPLEXITY" missed="0" covered="1"/><counter type="METHOD" missed="0" covered="1"/></method><method name="&lt;init&gt;" desc="(Ljava/lang/String;Ljava/lang/Throwable;)V" line="46"><counter type="INSTRUCTION" missed="0" covered="5"/><counter type="LINE" missed="0" covered="2"/><counter type="COMPLEXITY" missed="0" covered="1"/><counter type="METHOD" missed="0" covered="1"/></method><method name="&lt;init&gt;" desc="(Ljava/lang/Throwable;)V" line="55"><counter type="INSTRUCTION" missed="0" covered="4"/><counter type="LINE" missed="0" covered="2"/><counter type="COMPLEXITY" missed="0" covered="1"/><counter type="METHOD" missed="0" covered="1"/></method><counter type="INSTRUCTION" missed="0" covered="16"/><counter type="LINE" missed="0" covered="8"/><counter type="COMPLEXITY" missed="0" covered="4"/><counter type="METHOD" missed="0" covered="4"/><counter type="CLASS" missed="0" covered="1"/></class><class name="com/irurueta/sorting/Sorter$1" sourcefilename="Sorter.java"><method name="&lt;init&gt;" desc="(Lcom/irurueta/sorting/Sorter;)V" line="1292"><counter type="INSTRUCTION" missed="0" covered="6"/><counter type="LINE" missed="0" covered="1"/><counter type="COMPLEXITY" missed="0" covered="1"/><counter type="METHOD" missed="0" covered="1"/></method><method name="compare" desc="(Ljava/lang/Object;Ljava/lang/Object;)I" line="1295"><counter type="INSTRUCTION" missed="0" covered="7"/><counter type="LINE" missed="0" covered="2"/><counter type="COMPLEXITY" missed="0" covered="1"/><counter type="METHOD" missed="0" covered="1"/></method><method name="average" desc="(Ljava/lang/Object;Ljava/lang/Object;)Ljava/lang/Object;" line="1301"><counter type="INSTRUCTION" missed="0" covered="163"/><counter type="BRANCH" missed="8" covered="24"/><counter type="LINE" missed="0" covered="17"/><counter type="COMPLEXITY" missed="8" covered="9"/><counter type="METHOD" missed="0" covered="1"/></method><counter type="INSTRUCTION" missed="0" covered="176"/><counter type="BRANCH" missed="8" covered="24"/><counter type="LINE" missed="0" covered="20"/><counter type="COMPLEXITY" missed="8" covered="11"/><counter type="METHOD" missed="0" covered="3"/><counter type="CLASS" missed="0" covered="1"/></class><class name="com/irurueta/sorting/ShellSorter" sourcefilename="ShellSorter.java"><method name="&lt;init&gt;" desc="()V" line="33"><counter type="INSTRUCTION" missed="0" covered="3"/><counter type="LINE" missed="0" covered="1"/><counter type="COMPLEXITY" missed="0" covered="1"/><counter type="METHOD" missed="0" covered="1"/></method><method name="sort" desc="([Ljava/lang/Object;IILjava/util/Comparator;)V" line="66"><counter type="INSTRUCTION" missed="1" covered="94"/><counter type="BRANCH" missed="1" covered="17"/><counter type="LINE" missed="1" covered="22"/><counter type="COMPLEXITY" missed="1" covered="9"/><counter type="METHOD" missed="0" covered="1"/></method><method name="sortWithIndices" desc="([Ljava/lang/Object;IILjava/util/Comparator;)[I" line="136"><counter type="INSTRUCTION" missed="2" covered="124"/><counter type="BRANCH" missed="1" covered="17"/><counter type="LINE" missed="1" covered="26"/><counter type="COMPLEXITY" missed="1" covered="9"/><counter type="METHOD" missed="0" covered="1"/></method><method name="getMethod" desc="()Lcom/irurueta/sorting/SortingMethod;" line="193"><counter type="INSTRUCTION" missed="0" covered="2"/><counter type="LINE" missed="0" covered="1"/><counter type="COMPLEXITY" missed="0" covered="1"/><counter type="METHOD" missed="0" covered="1"/></method><method name="sort" desc="([DII)V" line="214"><counter type="INSTRUCTION" missed="1" covered="93"/><counter type="BRANCH" missed="1" covered="17"/><counter type="LINE" missed="1" covered="22"/><counter type="COMPLEXITY" missed="1" covered="9"/><counter type="METHOD" missed="0" covered="1"/></method><method name="sortWithIndices" desc="([DII)[I" line="281"><counter type="INSTRUCTION" missed="2" covered="123"/><counter type="BRANCH" missed="1" covered="17"/><counter type="LINE" missed="1" covered="26"/><counter type="COMPLEXITY" missed="1" covered="9"/><counter type="METHOD" missed="0" covered="1"/></method><method name="sort" desc="([FII)V" line="349"><counter type="INSTRUCTION" missed="1" covered="93"/><counter type="BRANCH" missed="1" covered="17"/><counter type="LINE" missed="1" covered="22"/><counter type="COMPLEXITY" missed="1" covered="9"/><counter type="METHOD" missed="0" covered="1"/></method><method name="sortWithIndices" desc="([FII)[I" line="416"><counter type="INSTRUCTION" missed="2" covered="123"/><counter type="BRANCH" missed="1" covered="17"/><counter type="LINE" missed="1" covered="26"/><counter type="COMPLEXITY" missed="1" covered="9"/><counter type="METHOD" missed="0" covered="1"/></method><method name="sort" desc="([III)V" line="484"><counter type="INSTRUCTION" missed="1" covered="92"/><counter type="BRANCH" missed="1" covered="17"/><counter type="LINE" missed="1" covered="22"/><counter type="COMPLEXITY" missed="1" covered="9"/><counter type="METHOD" missed="0" covered="1"/></method><method name="sortWithIndices" desc="([III)[I" line="551"><counter type="INSTRUCTION" missed="2" covered="122"/><counter type="BRANCH" missed="1" covered="17"/><counter type="LINE" missed="1" covered="26"/><counter type="COMPLEXITY" missed="1" covered="9"/><counter type="METHOD" missed="0" covered="1"/></method><method name="sort" desc="([JII)V" line="619"><counter type="INSTRUCTION" missed="1" covered="93"/><counter type="BRANCH" missed="1" covered="17"/><counter type="LINE" missed="1" covered="22"/><counter type="COMPLEXITY" missed="1" covered="9"/><counter type="METHOD" missed="0" covered="1"/></method><method name="sortWithIndices" desc="([JII)[I" line="686"><counter type="INSTRUCTION" missed="2" covered="123"/><counter type="BRANCH" missed="1" covered="17"/><counter type="LINE" missed="1" covered="26"/><counter type="COMPLEXITY" missed="1" covered="9"/><counter type="METHOD" missed="0" covered="1"/></method><counter type="INSTRUCTION" missed="15" covered="1085"/><counter type="BRANCH" missed="10" covered="170"/><counter type="LINE" missed="10" covered="242"/><counter type="COMPLEXITY" missed="10" covered="92"/><counter type="METHOD" missed="0" covered="12"/><counter type="CLASS" missed="0" covered="1"/></class><class name="com/irurueta/sorting/QuicksortSorter" sourcefilename="QuicksortSorter.java"><method name="&lt;init&gt;" desc="()V" line="31"><counter type="INSTRUCTION" missed="0" covered="3"/><counter type="LINE" missed="0" covered="1"/><counter type="COMPLEXITY" missed="0" covered="1"/><counter type="METHOD" missed="0" covered="1"/></method><method name="sort" desc="([Ljava/lang/Object;IILjava/util/Comparator;)V" line="66"><counter type="INSTRUCTION" missed="5" covered="309"/><counter type="BRANCH" missed="2" covered="32"/><counter type="LINE" missed="2" covered="52"/><counter type="COMPLEXITY" missed="2" covered="16"/><counter type="METHOD" missed="0" covered="1"/></method><method name="sortWithIndices" desc="([Ljava/lang/Object;IILjava/util/Comparator;)[I" line="197"><counter type="INSTRUCTION" missed="6" covered="418"/><counter type="BRANCH" missed="2" covered="32"/><counter type="LINE" missed="2" covered="64"/><counter type="COMPLEXITY" missed="2" covered="16"/><counter type="METHOD" missed="0" covered="1"/></method><method name="getMethod" desc="()Lcom/irurueta/sorting/SortingMethod;" line="322"><counter type="INSTRUCTION" missed="0" covered="2"/><counter type="LINE" missed="0" covered="1"/><counter type="COMPLEXITY" missed="0" covered="1"/><counter type="METHOD" missed="0" covered="1"/></method><method name="sort" desc="([DII)V" line="344"><counter type="INSTRUCTION" missed="5" covered="303"/><counter type="BRANCH" missed="2" covered="32"/><counter type="LINE" missed="2" covered="52"/><counter type="COMPLEXITY" missed="2" covered="16"/><counter type="METHOD" missed="0" covered="1"/></method><method name="sortWithIndices" desc="([DII)[I" line="472"><counter type="INSTRUCTION" missed="6" covered="412"/><counter type="BRANCH" missed="2" covered="32"/><counter type="LINE" missed="2" covered="64"/><counter type="COMPLEXITY" missed="2" covered="16"/><counter type="METHOD" missed="0" covered="1"/></method><method name="sort" desc="([FII)V" line="609"><counter type="INSTRUCTION" missed="5" covered="303"/><counter type="BRANCH" missed="2" covered="32"/><counter type="LINE" missed="2" covered="52"/><counter type="COMPLEXITY" missed="2" covered="16"/><counter type="METHOD" missed="0" covered="1"/></method><method name="sortWithIndices" desc="([FII)[I" line="737"><counter type="INSTRUCTION" missed="6" covered="412"/><counter type="BRANCH" missed="2" covered="32"/><counter type="LINE" missed="2" covered="64"/><counter type="COMPLEXITY" missed="2" covered="16"/><counter type="METHOD" missed="0" covered="1"/></method><method name="sort" desc="([III)V" line="874"><counter type="INSTRUCTION" missed="5" covered="297"/><counter type="BRANCH" missed="2" covered="32"/><counter type="LINE" missed="2" covered="52"/><counter type="COMPLEXITY" missed="2" covered="16"/><counter type="METHOD" missed="0" covered="1"/></method><method name="sortWithIndices" desc="([III)[I" line="1002"><counter type="INSTRUCTION" missed="6" covered="406"/><counter type="BRANCH" missed="2" covered="32"/><counter type="LINE" missed="2" covered="64"/><counter type="COMPLEXITY" missed="2" covered="16"/><counter type="METHOD" missed="0" covered="1"/></method><method name="sort" desc="([JII)V" line="1139"><counter type="INSTRUCTION" missed="5" covered="303"/><counter type="BRANCH" missed="2" covered="32"/><counter type="LINE" missed="2" covered="52"/><counter type="COMPLEXITY" missed="2" covered="16"/><counter type="METHOD" missed="0" covered="1"/></method><method name="sortWithIndices" desc="([JII)[I" line="1267"><counter type="INSTRUCTION" missed="6" covered="412"/><counter type="BRANCH" missed="2" covered="32"/><counter type="LINE" missed="2" covered="64"/><counter type="COMPLEXITY" missed="2" covered="16"/><counter type="METHOD" missed="0" covered="1"/></method><method name="swapIndices" desc="([III)V" line="1393"><counter type="INSTRUCTION" missed="0" covered="15"/><counter type="LINE" missed="0" covered="4"/><counter type="COMPLEXITY" missed="0" covered="1"/><counter type="METHOD" missed="0" covered="1"/></method><counter type="INSTRUCTION" missed="55" covered="3595"/><counter type="BRANCH" missed="20" covered="320"/><counter type="LINE" missed="20" covered="586"/><counter type="COMPLEXITY" missed="20" covered="163"/><counter type="METHOD" missed="0" covered="13"/><counter type="CLASS" missed="0" covered="1"/></class><class name="com/irurueta/sorting/SortingMethod" sourcefilename="SortingMethod.java"><method name="&lt;clinit&gt;" desc="()V" line="21"><counter type="INSTRUCTION" missed="0" covered="33"/><counter type="LINE" missed="0" covered="6"/><counter type="COMPLEXITY" missed="0" covered="1"/><counter type="METHOD" missed="0" covered="1"/></method><counter type="INSTRUCTION" missed="0" covered="33"/><counter type="LINE" missed="0" covered="6"/><counter type="COMPLEXITY" missed="0" covered="1"/><counter type="METHOD" missed="0" covered="1"/><counter type="CLASS" missed="0" covered="1"/></class><class name="com/irurueta/sorting/StraightInsertionSorter" sourcefilename="StraightInsertionSorter.java"><method name="&lt;init&gt;" desc="()V" line="33"><counter type="INSTRUCTION" missed="0" covered="3"/><counter type="LINE" missed="0" covered="1"/><counter type="COMPLEXITY" missed="0" covered="1"/><counter type="METHOD" missed="0" covered="1"/></method><method name="sort" desc="([Ljava/lang/Object;IILjava/util/Comparator;)V" line="55"><counter type="INSTRUCTION" missed="1" covered="62"/><counter type="BRANCH" missed="1" covered="13"/><counter type="LINE" missed="1" covered="13"/><counter type="COMPLEXITY" missed="1" covered="7"/><counter type="METHOD" missed="0" covered="1"/></method><method name="sortWithIndices" desc="([Ljava/lang/Object;IILjava/util/Comparator;)[I" line="113"><counter type="INSTRUCTION" missed="2" covered="84"/><counter type="BRANCH" missed="1" covered="13"/><counter type="LINE" missed="1" covered="17"/><counter type="COMPLEXITY" missed="1" covered="7"/><counter type="METHOD" missed="0" covered="1"/></method><method name="getMethod" desc="()Lcom/irurueta/sorting/SortingMethod;" line="158"><counter type="INSTRUCTION" missed="0" covered="2"/><counter type="LINE" missed="0" covered="1"/><counter type="COMPLEXITY" missed="0" covered="1"/><counter type="METHOD" missed="0" covered="1"/></method><method name="sort" desc="([DII)V" line="179"><counter type="INSTRUCTION" missed="1" covered="61"/><counter type="BRANCH" missed="1" covered="13"/><counter type="LINE" missed="1" covered="13"/><counter type="COMPLEXITY" missed="1" covered="7"/><counter type="METHOD" missed="0" covered="1"/></method><method name="sortWithIndices" desc="([DII)[I" line="234"><counter type="INSTRUCTION" missed="2" covered="83"/><counter type="BRANCH" missed="1" covered="13"/><counter type="LINE" missed="1" covered="17"/><counter type="COMPLEXITY" missed="1" covered="7"/><counter type="METHOD" missed="0" covered="1"/></method><method name="sort" desc="([FII)V" line="290"><counter type="INSTRUCTION" missed="1" covered="61"/><counter type="BRANCH" missed="1" covered="13"/><counter type="LINE" missed="1" covered="13"/><counter type="COMPLEXITY" missed="1" covered="7"/><counter type="METHOD" missed="0" covered="1"/></method><method name="sortWithIndices" desc="([FII)[I" line="345"><counter type="INSTRUCTION" missed="2" covered="83"/><counter type="BRANCH" missed="1" covered="13"/><counter type="LINE" missed="1" covered="17"/><counter type="COMPLEXITY" missed="1" covered="7"/><counter type="METHOD" missed="0" covered="1"/></method><method name="sort" desc="([III)V" line="401"><counter type="INSTRUCTION" missed="1" covered="60"/><counter type="BRANCH" missed="1" covered="13"/><counter type="LINE" missed="1" covered="13"/><counter type="COMPLEXITY" missed="1" covered="7"/><counter type="METHOD" missed="0" covered="1"/></method><method name="sortWithIndices" desc="([III)[I" line="456"><counter type="INSTRUCTION" missed="2" covered="82"/><counter type="BRANCH" missed="1" covered="13"/><counter type="LINE" missed="1" covered="17"/><counter type="COMPLEXITY" missed="1" covered="7"/><counter type="METHOD" missed="0" covered="1"/></method><method name="sort" desc="([JII)V" line="512"><counter type="INSTRUCTION" missed="1" covered="61"/><counter type="BRANCH" missed="1" covered="13"/><counter type="LINE" missed="1" covered="13"/><counter type="COMPLEXITY" missed="1" covered="7"/><counter type="METHOD" missed="0" covered="1"/></method><method name="sortWithIndices" desc="([JII)[I" line="567"><counter type="INSTRUCTION" missed="2" covered="83"/><counter type="BRANCH" missed="1" covered="13"/><counter type="LINE" missed="1" covered="17"/><counter type="COMPLEXITY" missed="1" covered="7"/><counter type="METHOD" missed="0" covered="1"/></method><counter type="INSTRUCTION" missed="15" covered="725"/><counter type="BRANCH" missed="10" covered="130"/><counter type="LINE" missed="10" covered="152"/><counter type="COMPLEXITY" missed="10" covered="72"/><counter type="METHOD" missed="0" covered="12"/><counter type="CLASS" missed="0" covered="1"/></class><class name="com/irurueta/sorting/SystemSorter" sourcefilename="SystemSorter.java"><method name="&lt;init&gt;" desc="()V" line="35"><counter type="INSTRUCTION" missed="0" covered="3"/><counter type="LINE" missed="0" covered="1"/><counter type="COMPLEXITY" missed="0" covered="1"/><counter type="METHOD" missed="0" covered="1"/></method><method name="sort" desc="([Ljava/lang/Object;IILjava/util/Comparator;)V" line="56"><counter type="INSTRUCTION" missed="0" covered="6"/><counter type="LINE" missed="0" covered="2"/><counter type="COMPLEXITY" missed="0" covered="1"/><counter type="METHOD" missed="0" covered="1"/></method><method name="sort" desc="([DII)V" line="76"><counter type="INSTRUCTION" missed="0" covered="5"/><counter type="LINE" missed="0" covered="2"/><counter type="COMPLEXITY" missed="0" covered="1"/><counter type="METHOD" missed="0" covered="1"/></method><method name="sort" desc="([FII)V" line="96"><counter type="INSTRUCTION" missed="0" covered="5"/><counter type="LINE" missed="0" covered="2"/><counter type="COMPLEXITY" missed="0" covered="1"/><counter type="METHOD" missed="0" covered="1"/></method><method name="sort" desc="([III)V" line="116"><counter type="INSTRUCTION" missed="0" covered="5"/><counter type="LINE" missed="0" covered="2"/><counter type="COMPLEXITY" missed="0" covered="1"/><counter type="METHOD" missed="0" covered="1"/></method><method name="sort" desc="([JII)V" line="136"><counter type="INSTRUCTION" missed="0" covered="5"/><counter type="LINE" missed="0" covered="2"/><counter type="COMPLEXITY" missed="0" covered="1"/><counter type="METHOD" missed="0" covered="1"/></method><method name="getMethod" desc="()Lcom/irurueta/sorting/SortingMethod;" line="146"><counter type="INSTRUCTION" missed="0" covered="2"/><counter type="LINE" missed="0" covered="1"/><counter type="COMPLEXITY" missed="0" covered="1"/><counter type="METHOD" missed="0" covered="1"/></method><counter type="INSTRUCTION" missed="0" covered="31"/><counter type="LINE" missed="0" covered="12"/><counter type="COMPLEXITY" missed="0" covered="7"/><counter type="METHOD" missed="0" covered="7"/><counter type="CLASS" missed="0" covered="1"/></class><class name="com/irurueta/sorting/HeapsortSorter" sourcefilename="HeapsortSorter.java"><method name="&lt;init&gt;" desc="()V" line="33"><counter type="INSTRUCTION" missed="0" covered="3"/><counter type="LINE" missed="0" covered="1"/><counter type="COMPLEXITY" missed="0" covered="1"/><counter type="METHOD" missed="0" covered="1"/></method><method name="sort" desc="([Ljava/lang/Object;IILjava/util/Comparator;)V" line="55"><counter type="INSTRUCTION" missed="1" covered="68"/><counter type="BRANCH" missed="1" covered="11"/><counter type="LINE" missed="1" covered="12"/><counter type="COMPLEXITY" missed="1" covered="6"/><counter type="METHOD" missed="0" covered="1"/></method><method name="sortWithIndices" desc="([Ljava/lang/Object;IILjava/util/Comparator;)[I" line="105"><counter type="INSTRUCTION" missed="2" covered="83"/><counter type="BRANCH" missed="1" covered="11"/><counter type="LINE" missed="1" covered="14"/><counter type="COMPLEXITY" missed="1" covered="6"/><counter type="METHOD" missed="0" covered="1"/></method><method name="getMethod" desc="()Lcom/irurueta/sorting/SortingMethod;" line="139"><counter type="INSTRUCTION" missed="0" covered="2"/><counter type="LINE" missed="0" covered="1"/><counter type="COMPLEXITY" missed="0" covered="1"/><counter type="METHOD" missed="0" covered="1"/></method><method name="sort" desc="([DII)V" line="160"><counter type="INSTRUCTION" missed="1" covered="66"/><counter type="BRANCH" missed="1" covered="11"/><counter type="LINE" missed="1" covered="12"/><counter type="COMPLEXITY" missed="1" covered="6"/><counter type="METHOD" missed="0" covered="1"/></method><method name="sortWithIndices" desc="([DII)[I" line="207"><counter type="INSTRUCTION" missed="2" covered="81"/><counter type="BRANCH" missed="1" covered="11"/><counter type="LINE" missed="1" covered="14"/><counter type="COMPLEXITY" missed="1" covered="6"/><counter type="METHOD" missed="0" covered="1"/></method><method name="sort" desc="([FII)V" line="252"><counter type="INSTRUCTION" missed="1" covered="66"/><counter type="BRANCH" missed="1" covered="11"/><counter type="LINE" missed="1" covered="12"/><counter type="COMPLEXITY" missed="1" covered="6"/><counter type="METHOD" missed="0" covered="1"/></method><method name="sortWithIndices" desc="([FII)[I" line="299"><counter type="INSTRUCTION" missed="2" covered="81"/><counter type="BRANCH" missed="1" covered="11"/><counter type="LINE" missed="1" covered="14"/><counter type="COMPLEXITY" missed="1" covered="6"/><counter type="METHOD" missed="0" covered="1"/></method><method name="sort" desc="([III)V" line="344"><counter type="INSTRUCTION" missed="1" covered="66"/><counter type="BRANCH" missed="1" covered="11"/><counter type="LINE" missed="1" covered="12"/><counter type="COMPLEXITY" missed="1" covered="6"/><counter type="METHOD" missed="0" covered="1"/></method><method name="sortWithIndices" desc="([III)[I" line="391"><counter type="INSTRUCTION" missed="2" covered="81"/><counter type="BRANCH" missed="1" covered="11"/><counter type="LINE" missed="1" covered="14"/><counter type="COMPLEXITY" missed="1" covered="6"/><counter type="METHOD" missed="0" covered="1"/></method><method name="sort" desc="([JII)V" line="436"><counter type="INSTRUCTION" missed="1" covered="66"/><counter type="BRANCH" missed="1" covered="11"/><counter type="LINE" missed="1" covered="12"/><counter type="COMPLEXITY" missed="1" covered="6"/><counter type="METHOD" missed="0" covered="1"/></method><method name="sortWithIndices" desc="([JII)[I" line="483"><counter type="INSTRUCTION" missed="2" covered="81"/><counter type="BRANCH" missed="1" covered="11"/><counter type="LINE" missed="1" covered="14"/><counter type="COMPLEXITY" missed="1" covered="6"/><counter type="METHOD" missed="0" covered="1"/></method><method name="siftDown" desc="([Ljava/lang/Object;IILjava/util/Comparator;I)V" line="522"><counter type="INSTRUCTION" missed="0" covered="72"/><counter type="BRANCH" missed="0" covered="8"/><counter type="LINE" missed="0" covered="13"/><counter type="COMPLEXITY" missed="0" covered="5"/><counter type="METHOD" missed="0" covered="1"/></method><method name="siftDownWithIndices" desc="([Ljava/lang/Object;[IIILjava/util/Comparator;I)V" line="554"><counter type="INSTRUCTION" missed="0" covered="94"/><counter type="BRANCH" missed="0" covered="8"/><counter type="LINE" missed="0" covered="16"/><counter type="COMPLEXITY" missed="0" covered="5"/><counter type="METHOD" missed="0" covered="1"/></method><method name="swapIndices" desc="([III)V" line="582"><counter type="INSTRUCTION" missed="0" covered="15"/><counter type="LINE" missed="0" covered="4"/><counter type="COMPLEXITY" missed="0" covered="1"/><counter type="METHOD" missed="0" covered="1"/></method><method name="siftDown" desc="([DIII)V" line="598"><counter type="INSTRUCTION" missed="0" covered="70"/><counter type="BRANCH" missed="0" covered="8"/><counter type="LINE" missed="0" covered="13"/><counter type="COMPLEXITY" missed="0" covered="5"/><counter type="METHOD" missed="0" covered="1"/></method><method name="siftDownWithIndices" desc="([D[IIII)V" line="628"><counter type="INSTRUCTION" missed="0" covered="92"/><counter type="BRANCH" missed="0" covered="8"/><counter type="LINE" missed="0" covered="16"/><counter type="COMPLEXITY" missed="0" covered="5"/><counter type="METHOD" missed="0" covered="1"/></method><method name="siftDown" desc="([FIII)V" line="659"><counter type="INSTRUCTION" missed="0" covered="70"/><counter type="BRANCH" missed="0" covered="8"/><counter type="LINE" missed="0" covered="13"/><counter type="COMPLEXITY" missed="0" covered="5"/><counter type="METHOD" missed="0" covered="1"/></method><method name="siftDownWithIndices" desc="([F[IIII)V" line="689"><counter type="INSTRUCTION" missed="0" covered="92"/><counter type="BRANCH" missed="0" covered="8"/><counter type="LINE" missed="0" covered="16"/><counter type="COMPLEXITY" missed="0" covered="5"/><counter type="METHOD" missed="0" covered="1"/></method><method name="siftDown" desc="([IIII)V" line="720"><counter type="INSTRUCTION" missed="0" covered="68"/><counter type="BRANCH" missed="0" covered="8"/><counter type="LINE" missed="0" covered="13"/><counter type="COMPLEXITY" missed="0" covered="5"/><counter type="METHOD" missed="0" covered="1"/></method><method name="siftDownWithIndices" desc="([I[IIII)V" line="750"><counter type="INSTRUCTION" missed="0" covered="90"/><counter type="BRANCH" missed="0" covered="8"/><counter type="LINE" missed="0" covered="16"/><counter type="COMPLEXITY" missed="0" covered="5"/><counter type="METHOD" missed="0" covered="1"/></method><method name="siftDown" desc="([JIII)V" line="781"><counter type="INSTRUCTION" missed="0" covered="70"/><counter type="BRANCH" missed="0" covered="8"/><counter type="LINE" missed="0" covered="13"/><counter type="COMPLEXITY" missed="0" covered="5"/><counter type="METHOD" missed="0" covered="1"/></method><method name="siftDownWithIndices" desc="([J[IIII)V" line="811"><counter type="INSTRUCTION" missed="0" covered="92"/><counter type="BRANCH" missed="0" covered="8"/><counter type="LINE" missed="0" covered="16"/><counter type="COMPLEXITY" missed="0" covered="5"/><counter type="METHOD" missed="0" covered="1"/></method><counter type="INSTRUCTION" missed="15" covered="1569"/><counter type="BRANCH" missed="10" covered="190"/><counter type="LINE" missed="10" covered="281"/><counter type="COMPLEXITY" missed="10" covered="113"/><counter type="METHOD" missed="0" covered="23"/><counter type="CLASS" missed="0" covered="1"/></class><sourcefile name="SystemSorter.java"><line nr="35" mi="0" ci="3" mb="0" cb="0"/><line nr="56" mi="0" ci="5" mb="0" cb="0"/><line nr="57" mi="0" ci="1" mb="0" cb="0"/><line nr="76" mi="0" ci="4" mb="0" cb="0"/><line nr="77" mi="0" ci="1" mb="0" cb="0"/><line nr="96" mi="0" ci="4" mb="0" cb="0"/><line nr="97" mi="0" ci="1" mb="0" cb="0"/><line nr="116" mi="0" ci="4" mb="0" cb="0"/><line nr="117" mi="0" ci="1" mb="0" cb="0"/><line nr="136" mi="0" ci="4" mb="0" cb="0"/><line nr="137" mi="0" ci="1" mb="0" cb="0"/><line nr="146" mi="0" ci="2" mb="0" cb="0"/><counter type="INSTRUCTION" missed="0" covered="31"/><counter type="LINE" missed="0" covered="12"/><counter type="COMPLEXITY" missed="0" covered="7"/><counter type="METHOD" missed="0" covered="7"/><counter type="CLASS" missed="0" covered="1"/></sourcefile><sourcefile name="Sorter.java"><line nr="27" mi="0" ci="3" mb="0" cb="0"/><line nr="32" mi="0" ci="3" mb="0" cb="0"/><line nr="278" mi="0" ci="7" mb="0" cb="0"/><line nr="279" mi="0" ci="3" mb="0" cb="0"/><line nr="280" mi="0" ci="4" mb="0" cb="0"/><line nr="282" mi="0" ci="1" mb="0" cb="0"/><line nr="296" mi="0" ci="6" mb="0" cb="0"/><line nr="297" mi="0" ci="1" mb="0" cb="0"/><line nr="316" mi="0" ci="7" mb="0" cb="0"/><line nr="317" mi="0" ci="1" mb="0" cb="0"/><line nr="334" mi="0" ci="6" mb="0" cb="0"/><line nr="335" mi="0" ci="1" mb="0" cb="0"/><line nr="352" mi="0" ci="6" mb="0" cb="0"/><line nr="353" mi="0" ci="1" mb="0" cb="0"/><line nr="370" mi="0" ci="6" mb="0" cb="0"/><line nr="371" mi="0" ci="1" mb="0" cb="0"/><line nr="388" mi="0" ci="6" mb="0" cb="0"/><line nr="389" mi="0" ci="1" mb="0" cb="0"/><line nr="418" mi="0" ci="8" mb="0" cb="0"/><line nr="419" mi="0" ci="3" mb="0" cb="0"/><line nr="420" mi="0" ci="4" mb="0" cb="0"/><line nr="441" mi="0" ci="7" mb="0" cb="0"/><line nr="463" mi="0" ci="8" mb="0" cb="0"/><line nr="483" mi="0" ci="7" mb="0" cb="0"/><line nr="503" mi="0" ci="7" mb="0" cb="0"/><line nr="523" mi="0" ci="7" mb="0" cb="0"/><line nr="543" mi="0" ci="7" mb="0" cb="0"/><line nr="569" mi="0" ci="8" mb="0" cb="0"/><line nr="605" mi="0" ci="9" mb="0" cb="0"/><line nr="606" mi="0" ci="3" mb="0" cb="0"/><line nr="607" mi="0" ci="4" mb="0" cb="0"/><line nr="636" mi="0" ci="9" mb="0" cb="0"/><line nr="662" mi="0" ci="8" mb="0" cb="0"/><line nr="688" mi="0" ci="8" mb="0" cb="0"/><line nr="714" mi="0" ci="8" mb="0" cb="0"/><line nr="740" mi="0" ci="8" mb="0" cb="0"/><line nr="779" mi="0" ci="3" mb="0" cb="2"/><line nr="780" mi="0" ci="4" mb="0" cb="0"/><line nr="782" mi="0" ci="6" mb="0" cb="4"/><line nr="783" mi="0" ci="4" mb="0" cb="0"/><line nr="791" mi="0" ci="4" mb="0" cb="0"/><line nr="792" mi="0" ci="3" mb="0" cb="2"/><line nr="793" mi="0" ci="4" mb="0" cb="0"/><line nr="797" mi="0" ci="2" mb="0" cb="0"/><line nr="798" mi="0" ci="4" mb="0" cb="0"/><line nr="800" mi="0" ci="5" mb="0" cb="2"/><line nr="801" mi="0" ci="18" mb="0" cb="4"/><line nr="802" mi="0" ci="9" mb="0" cb="0"/><line nr="804" mi="0" ci="6" mb="0" cb="0"/><line nr="806" mi="0" ci="6" mb="0" cb="0"/><line nr="807" mi="0" ci="11" mb="0" cb="0"/><line nr="808" mi="0" ci="13" mb="0" cb="2"/><line nr="809" mi="0" ci="9" mb="0" cb="0"/><line nr="811" mi="0" ci="15" mb="0" cb="2"/><line nr="812" mi="0" ci="11" mb="0" cb="0"/><line nr="814" mi="0" ci="15" mb="0" cb="2"/><line nr="815" mi="0" ci="11" mb="0" cb="0"/><line nr="817" mi="0" ci="4" mb="0" cb="0"/><line nr="818" mi="0" ci="2" mb="0" cb="0"/><line nr="819" mi="0" ci="8" mb="0" cb="0"/><line nr="822" mi="0" ci="1" mb="0" cb="0"/><line nr="823" mi="0" ci="9" mb="0" cb="2"/><line nr="826" mi="0" ci="1" mb="0" cb="0"/><line nr="827" mi="0" ci="9" mb="0" cb="2"/><line nr="829" mi="0" ci="3" mb="0" cb="2"/><line nr="830" mi="0" ci="1" mb="0" cb="0"/><line nr="833" mi="0" ci="10" mb="0" cb="0"/><line nr="835" mi="0" ci="12" mb="0" cb="0"/><line nr="836" mi="0" ci="6" mb="0" cb="0"/><line nr="837" mi="0" ci="3" mb="0" cb="2"/><line nr="838" mi="0" ci="4" mb="0" cb="0"/><line nr="840" mi="0" ci="3" mb="0" cb="2"/><line nr="841" mi="0" ci="3" mb="0" cb="0"/><line nr="880" mi="0" ci="3" mb="0" cb="2"/><line nr="881" mi="0" ci="4" mb="0" cb="0"/><line nr="883" mi="0" ci="6" mb="0" cb="4"/><line nr="884" mi="0" ci="4" mb="0" cb="0"/><line nr="892" mi="0" ci="4" mb="0" cb="0"/><line nr="893" mi="0" ci="3" mb="0" cb="2"/><line nr="894" mi="0" ci="4" mb="0" cb="0"/><line nr="898" mi="0" ci="2" mb="0" cb="0"/><line nr="899" mi="0" ci="4" mb="0" cb="0"/><line nr="901" mi="0" ci="5" mb="0" cb="2"/><line nr="902" mi="0" ci="17" mb="0" cb="4"/><line nr="903" mi="0" ci="9" mb="0" cb="0"/><line nr="905" mi="0" ci="6" mb="0" cb="0"/><line nr="907" mi="0" ci="6" mb="0" cb="0"/><line nr="908" mi="0" ci="11" mb="0" cb="0"/><line nr="909" mi="0" ci="12" mb="0" cb="2"/><line nr="910" mi="0" ci="9" mb="0" cb="0"/><line nr="912" mi="0" ci="14" mb="0" cb="2"/><line nr="913" mi="0" ci="11" mb="0" cb="0"/><line nr="915" mi="0" ci="14" mb="0" cb="2"/><line nr="916" mi="0" ci="11" mb="0" cb="0"/><line nr="918" mi="0" ci="4" mb="0" cb="0"/><line nr="919" mi="0" ci="2" mb="0" cb="0"/><line nr="920" mi="0" ci="8" mb="0" cb="0"/><line nr="923" mi="0" ci="1" mb="0" cb="0"/><line nr="924" mi="0" ci="8" mb="0" cb="2"/><line nr="927" mi="0" ci="1" mb="0" cb="0"/><line nr="928" mi="0" ci="8" mb="0" cb="2"/><line nr="930" mi="0" ci="3" mb="0" cb="2"/><line nr="931" mi="0" ci="1" mb="0" cb="0"/><line nr="934" mi="0" ci="10" mb="0" cb="0"/><line nr="936" mi="0" ci="12" mb="0" cb="0"/><line nr="937" mi="0" ci="6" mb="0" cb="0"/><line nr="938" mi="0" ci="3" mb="0" cb="2"/><line nr="939" mi="0" ci="4" mb="0" cb="0"/><line nr="941" mi="0" ci="3" mb="0" cb="2"/><line nr="942" mi="0" ci="3" mb="0" cb="0"/><line nr="981" mi="0" ci="3" mb="0" cb="2"/><line nr="982" mi="0" ci="4" mb="0" cb="0"/><line nr="984" mi="0" ci="6" mb="0" cb="4"/><line nr="985" mi="0" ci="4" mb="0" cb="0"/><line nr="993" mi="0" ci="4" mb="0" cb="0"/><line nr="994" mi="0" ci="3" mb="0" cb="2"/><line nr="995" mi="0" ci="4" mb="0" cb="0"/><line nr="999" mi="0" ci="2" mb="0" cb="0"/><line nr="1000" mi="0" ci="4" mb="0" cb="0"/><line nr="1002" mi="0" ci="5" mb="0" cb="2"/><line nr="1003" mi="0" ci="17" mb="0" cb="4"/><line nr="1004" mi="0" ci="9" mb="0" cb="0"/><line nr="1006" mi="0" ci="6" mb="0" cb="0"/><line nr="1008" mi="0" ci="6" mb="0" cb="0"/><line nr="1009" mi="0" ci="11" mb="0" cb="0"/><line nr="1010" mi="0" ci="12" mb="0" cb="2"/><line nr="1011" mi="0" ci="9" mb="0" cb="0"/><line nr="1013" mi="0" ci="14" mb="0" cb="2"/><line nr="1014" mi="0" ci="11" mb="0" cb="0"/><line nr="1016" mi="0" ci="14" mb="0" cb="2"/><line nr="1017" mi="0" ci="11" mb="0" cb="0"/><line nr="1019" mi="0" ci="4" mb="0" cb="0"/><line nr="1020" mi="0" ci="2" mb="0" cb="0"/><line nr="1021" mi="0" ci="8" mb="0" cb="0"/><line nr="1024" mi="0" ci="1" mb="0" cb="0"/><line nr="1025" mi="0" ci="8" mb="0" cb="2"/><line nr="1028" mi="0" ci="1" mb="0" cb="0"/><line nr="1029" mi="0" ci="8" mb="0" cb="2"/><line nr="1031" mi="0" ci="3" mb="0" cb="2"/><line nr="1032" mi="0" ci="1" mb="0" cb="0"/><line nr="1035" mi="0" ci="10" mb="0" cb="0"/><line nr="1037" mi="0" ci="12" mb="0" cb="0"/><line nr="1038" mi="0" ci="6" mb="0" cb="0"/><line nr="1039" mi="0" ci="3" mb="0" cb="2"/><line nr="1040" mi="0" ci="4" mb="0" cb="0"/><line nr="1042" mi="0" ci="3" mb="0" cb="2"/><line nr="1043" mi="0" ci="3" mb="0" cb="0"/><line nr="1082" mi="0" ci="3" mb="0" cb="2"/><line nr="1083" mi="0" ci="4" mb="0" cb="0"/><line nr="1085" mi="0" ci="6" mb="0" cb="4"/><line nr="1086" mi="0" ci="4" mb="0" cb="0"/><line nr="1094" mi="0" ci="4" mb="0" cb="0"/><line nr="1095" mi="0" ci="3" mb="0" cb="2"/><line nr="1096" mi="0" ci="4" mb="0" cb="0"/><line nr="1100" mi="0" ci="2" mb="0" cb="0"/><line nr="1101" mi="0" ci="4" mb="0" cb="0"/><line nr="1103" mi="0" ci="5" mb="0" cb="2"/><line nr="1104" mi="0" ci="16" mb="0" cb="4"/><line nr="1105" mi="0" ci="9" mb="0" cb="0"/><line nr="1107" mi="0" ci="6" mb="0" cb="0"/><line nr="1109" mi="0" ci="6" mb="0" cb="0"/><line nr="1110" mi="0" ci="11" mb="0" cb="0"/><line nr="1111" mi="0" ci="11" mb="0" cb="2"/><line nr="1112" mi="0" ci="9" mb="0" cb="0"/><line nr="1114" mi="0" ci="13" mb="0" cb="2"/><line nr="1115" mi="0" ci="11" mb="0" cb="0"/><line nr="1117" mi="0" ci="13" mb="0" cb="2"/><line nr="1118" mi="0" ci="11" mb="0" cb="0"/><line nr="1120" mi="0" ci="4" mb="0" cb="0"/><line nr="1121" mi="0" ci="2" mb="0" cb="0"/><line nr="1122" mi="0" ci="8" mb="0" cb="0"/><line nr="1125" mi="0" ci="1" mb="0" cb="0"/><line nr="1126" mi="0" ci="7" mb="0" cb="2"/><line nr="1129" mi="0" ci="1" mb="0" cb="0"/><line nr="1130" mi="0" ci="7" mb="0" cb="2"/><line nr="1132" mi="0" ci="3" mb="0" cb="2"/><line nr="1133" mi="0" ci="1" mb="0" cb="0"/><line nr="1136" mi="0" ci="10" mb="0" cb="0"/><line nr="1138" mi="0" ci="12" mb="0" cb="0"/><line nr="1139" mi="0" ci="6" mb="0" cb="0"/><line nr="1140" mi="0" ci="3" mb="0" cb="2"/><line nr="1141" mi="0" ci="4" mb="0" cb="0"/><line nr="1143" mi="0" ci="3" mb="0" cb="2"/><line nr="1144" mi="0" ci="3" mb="0" cb="0"/><line nr="1183" mi="0" ci="3" mb="0" cb="2"/><line nr="1184" mi="0" ci="4" mb="0" cb="0"/><line nr="1186" mi="0" ci="6" mb="0" cb="4"/><line nr="1187" mi="0" ci="4" mb="0" cb="0"/><line nr="1195" mi="0" ci="4" mb="0" cb="0"/><line nr="1196" mi="0" ci="3" mb="0" cb="2"/><line nr="1197" mi="0" ci="4" mb="0" cb="0"/><line nr="1201" mi="0" ci="2" mb="0" cb="0"/><line nr="1202" mi="0" ci="4" mb="0" cb="0"/><line nr="1204" mi="0" ci="5" mb="0" cb="2"/><line nr="1205" mi="0" ci="17" mb="0" cb="4"/><line nr="1206" mi="0" ci="9" mb="0" cb="0"/><line nr="1208" mi="0" ci="6" mb="0" cb="0"/><line nr="1210" mi="0" ci="6" mb="0" cb="0"/><line nr="1211" mi="0" ci="11" mb="0" cb="0"/><line nr="1212" mi="0" ci="12" mb="0" cb="2"/><line nr="1213" mi="0" ci="9" mb="0" cb="0"/><line nr="1215" mi="0" ci="14" mb="0" cb="2"/><line nr="1216" mi="0" ci="11" mb="0" cb="0"/><line nr="1218" mi="0" ci="14" mb="0" cb="2"/><line nr="1219" mi="0" ci="11" mb="0" cb="0"/><line nr="1221" mi="0" ci="4" mb="0" cb="0"/><line nr="1222" mi="0" ci="2" mb="0" cb="0"/><line nr="1223" mi="0" ci="8" mb="0" cb="0"/><line nr="1226" mi="0" ci="1" mb="0" cb="0"/><line nr="1227" mi="0" ci="8" mb="0" cb="2"/><line nr="1230" mi="0" ci="1" mb="0" cb="0"/><line nr="1231" mi="0" ci="8" mb="0" cb="2"/><line nr="1233" mi="0" ci="3" mb="0" cb="2"/><line nr="1234" mi="0" ci="1" mb="0" cb="0"/><line nr="1237" mi="0" ci="10" mb="0" cb="0"/><line nr="1239" mi="0" ci="12" mb="0" cb="0"/><line nr="1240" mi="0" ci="6" mb="0" cb="0"/><line nr="1241" mi="0" ci="3" mb="0" cb="2"/><line nr="1242" mi="0" ci="4" mb="0" cb="0"/><line nr="1244" mi="0" ci="3" mb="0" cb="2"/><line nr="1245" mi="0" ci="3" mb="0" cb="0"/><line nr="1264" mi="0" ci="7" mb="0" cb="0"/><line nr="1292" mi="0" ci="17" mb="0" cb="0"/><line nr="1295" mi="0" ci="3" mb="0" cb="0"/><line nr="1296" mi="0" ci="4" mb="0" cb="0"/><line nr="1301" mi="0" ci="6" mb="1" cb="3"/><line nr="1302" mi="0" ci="5" mb="0" cb="0"/><line nr="1304" mi="0" ci="12" mb="1" cb="3"/><line nr="1305" mi="0" ci="10" mb="0" cb="0"/><line nr="1307" mi="0" ci="12" mb="1" cb="3"/><line nr="1308" mi="0" ci="10" mb="0" cb="0"/><line nr="1310" mi="0" ci="12" mb="1" cb="3"/><line nr="1311" mi="0" ci="10" mb="0" cb="0"/><line nr="1313" mi="0" ci="12" mb="1" cb="3"/><line nr="1314" mi="0" ci="9" mb="0" cb="0"/><line nr="1316" mi="0" ci="12" mb="1" cb="3"/><line nr="1317" mi="0" ci="9" mb="0" cb="0"/><line nr="1319" mi="0" ci="12" mb="1" cb="3"/><line nr="1320" mi="0" ci="9" mb="0" cb="0"/><line nr="1322" mi="0" ci="12" mb="1" cb="3"/><line nr="1323" mi="0" ci="9" mb="0" cb="0"/><line nr="1327" mi="0" ci="2" mb="0" cb="0"/><line nr="1348" mi="0" ci="8" mb="0" cb="0"/><line nr="1364" mi="0" ci="7" mb="0" cb="0"/><line nr="1380" mi="0" ci="7" mb="0" cb="0"/><line nr="1396" mi="0" ci="7" mb="0" cb="0"/><line nr="1412" mi="0" ci="7" mb="0" cb="0"/><line nr="1442" mi="0" ci="3" mb="0" cb="2"/><line nr="1443" mi="0" ci="4" mb="0" cb="0"/><line nr="1445" mi="0" ci="6" mb="0" cb="4"/><line nr="1446" mi="0" ci="4" mb="0" cb="0"/><line nr="1449" mi="0" ci="4" mb="0" cb="0"/><line nr="1450" mi="0" ci="4" mb="0" cb="0"/><line nr="1457" mi="0" ci="8" mb="0" cb="0"/><line nr="1458" mi="0" ci="4" mb="0" cb="2"/><line nr="1463" mi="0" ci="4" mb="0" cb="0"/><line nr="1464" mi="0" ci="7" mb="0" cb="2"/><line nr="1465" mi="0" ci="6" mb="0" cb="0"/><line nr="1466" mi="0" ci="5" mb="0" cb="2"/><line nr="1467" mi="0" ci="2" mb="0" cb="0"/><line nr="1471" mi="0" ci="5" mb="0" cb="0"/><line nr="1474" mi="0" ci="2" mb="0" cb="0"/><line nr="1500" mi="0" ci="3" mb="0" cb="2"/><line nr="1501" mi="0" ci="4" mb="0" cb="0"/><line nr="1503" mi="0" ci="6" mb="0" cb="4"/><line nr="1504" mi="0" ci="4" mb="0" cb="0"/><line nr="1507" mi="0" ci="4" mb="0" cb="0"/><line nr="1508" mi="0" ci="4" mb="0" cb="0"/><line nr="1515" mi="0" ci="7" mb="0" cb="0"/><line nr="1516" mi="0" ci="4" mb="0" cb="2"/><line nr="1521" mi="0" ci="4" mb="0" cb="0"/><line nr="1522" mi="0" ci="7" mb="0" cb="2"/><line nr="1523" mi="0" ci="6" mb="0" cb="0"/><line nr="1524" mi="0" ci="4" mb="0" cb="2"/><line nr="1525" mi="0" ci="2" mb="0" cb="0"/><line nr="1529" mi="0" ci="6" mb="0" cb="0"/><line nr="1532" mi="0" ci="2" mb="0" cb="0"/><line nr="1558" mi="0" ci="3" mb="0" cb="2"/><line nr="1559" mi="0" ci="4" mb="0" cb="0"/><line nr="1561" mi="0" ci="6" mb="0" cb="4"/><line nr="1562" mi="0" ci="4" mb="0" cb="0"/><line nr="1565" mi="0" ci="4" mb="0" cb="0"/><line nr="1566" mi="0" ci="4" mb="0" cb="0"/><line nr="1573" mi="0" ci="7" mb="0" cb="0"/><line nr="1574" mi="0" ci="4" mb="0" cb="2"/><line nr="1579" mi="0" ci="4" mb="0" cb="0"/><line nr="1580" mi="0" ci="7" mb="0" cb="2"/><line nr="1581" mi="0" ci="6" mb="0" cb="0"/><line nr="1582" mi="0" ci="4" mb="0" cb="2"/><line nr="1583" mi="0" ci="2" mb="0" cb="0"/><line nr="1587" mi="0" ci="6" mb="0" cb="0"/><line nr="1590" mi="0" ci="2" mb="0" cb="0"/><line nr="1616" mi="0" ci="3" mb="0" cb="2"/><line nr="1617" mi="0" ci="4" mb="0" cb="0"/><line nr="1619" mi="0" ci="6" mb="0" cb="4"/><line nr="1620" mi="0" ci="4" mb="0" cb="0"/><line nr="1623" mi="0" ci="4" mb="0" cb="0"/><line nr="1624" mi="0" ci="4" mb="0" cb="0"/><line nr="1631" mi="0" ci="7" mb="0" cb="0"/><line nr="1632" mi="0" ci="4" mb="0" cb="2"/><line nr="1637" mi="0" ci="4" mb="0" cb="0"/><line nr="1638" mi="0" ci="7" mb="0" cb="2"/><line nr="1639" mi="0" ci="6" mb="0" cb="0"/><line nr="1640" mi="0" ci="3" mb="0" cb="2"/><line nr="1641" mi="0" ci="2" mb="0" cb="0"/><line nr="1645" mi="0" ci="9" mb="0" cb="0"/><line nr="1648" mi="0" ci="2" mb="0" cb="0"/><line nr="1674" mi="0" ci="3" mb="0" cb="2"/><line nr="1675" mi="0" ci="4" mb="0" cb="0"/><line nr="1677" mi="0" ci="6" mb="0" cb="4"/><line nr="1678" mi="0" ci="4" mb="0" cb="0"/><line nr="1681" mi="0" ci="4" mb="0" cb="0"/><line nr="1682" mi="0" ci="4" mb="0" cb="0"/><line nr="1689" mi="0" ci="7" mb="0" cb="0"/><line nr="1690" mi="0" ci="4" mb="0" cb="2"/><line nr="1695" mi="0" ci="4" mb="0" cb="0"/><line nr="1696" mi="0" ci="7" mb="0" cb="2"/><line nr="1697" mi="0" ci="6" mb="0" cb="0"/><line nr="1698" mi="0" ci="4" mb="0" cb="2"/><line nr="1699" mi="0" ci="2" mb="0" cb="0"/><line nr="1703" mi="0" ci="9" mb="0" cb="0"/><line nr="1706" mi="0" ci="2" mb="0" cb="0"/><line nr="1723" mi="0" ci="3" mb="0" cb="0"/><line nr="1733" mi="0" ci="6" mb="0" cb="5"/><line nr="1734" mi="0" ci="4" mb="0" cb="0"/><line nr="1735" mi="0" ci="4" mb="0" cb="0"/><line nr="1736" mi="0" ci="4" mb="0" cb="0"/><line nr="1737" mi="0" ci="4" mb="0" cb="0"/><line nr="1738" mi="0" ci="3" mb="0" cb="0"/><line nr="1750" mi="0" ci="3" mb="0" cb="0"/><line nr="1752" mi="0" ci="7" mb="0" cb="2"/><line nr="1753" mi="0" ci="4" mb="0" cb="0"/><line nr="1756" mi="0" ci="2" mb="0" cb="0"/><line nr="1767" mi="0" ci="4" mb="0" cb="0"/><line nr="1768" mi="0" ci="6" mb="0" cb="0"/><line nr="1769" mi="0" ci="4" mb="0" cb="0"/><line nr="1770" mi="0" ci="1" mb="0" cb="0"/><line nr="1780" mi="0" ci="4" mb="0" cb="0"/><line nr="1781" mi="0" ci="6" mb="0" cb="0"/><line nr="1782" mi="0" ci="4" mb="0" cb="0"/><line nr="1783" mi="0" ci="1" mb="0" cb="0"/><line nr="1793" mi="0" ci="4" mb="0" cb="0"/><line nr="1794" mi="0" ci="6" mb="0" cb="0"/><line nr="1795" mi="0" ci="4" mb="0" cb="0"/><line nr="1796" mi="0" ci="1" mb="0" cb="0"/><line nr="1806" mi="0" ci="4" mb="0" cb="0"/><line nr="1807" mi="0" ci="6" mb="0" cb="0"/><line nr="1808" mi="0" ci="4" mb="0" cb="0"/><line nr="1809" mi="0" ci="1" mb="0" cb="0"/><line nr="1819" mi="0" ci="4" mb="0" cb="0"/><line nr="1820" mi="0" ci="6" mb="0" cb="0"/><line nr="1821" mi="0" ci="4" mb="0" cb="0"/><line nr="1822" mi="0" ci="1" mb="0" cb="0"/><counter type="INSTRUCTION" missed="0" covered="2057"/><counter type="BRANCH" missed="8" covered="241"/><counter type="LINE" missed="0" covered="353"/><counter type="COMPLEXITY" missed="8" covered="172"/><counter type="METHOD" missed="0" covered="54"/><counter type="CLASS" missed="0" covered="2"/></sourcefile><sourcefile name="QuicksortSorter.java"><line nr="31" mi="0" ci="3" mb="0" cb="0"/><line nr="66" mi="0" ci="3" mb="0" cb="2"/><line nr="67" mi="0" ci="4" mb="0" cb="0"/><line nr="69" mi="0" ci="6" mb="0" cb="4"/><line nr="70" mi="0" ci="4" mb="0" cb="0"/><line nr="72" mi="0" ci="3" mb="1" cb="1"/><line nr="73" mi="1" ci="0" mb="0" cb="0"/><line nr="76" mi="0" ci="4" mb="0" cb="0"/><line nr="82" mi="0" ci="2" mb="0" cb="0"/><line nr="83" mi="0" ci="2" mb="0" cb="0"/><line nr="85" mi="0" ci="3" mb="0" cb="0"/><line nr="86" mi="0" ci="4" mb="0" cb="0"/><line nr="90" mi="0" ci="5" mb="0" cb="2"/><line nr="91" mi="0" ci="9" mb="0" cb="2"/><line nr="92" mi="0" ci="6" mb="0" cb="0"/><line nr="93" mi="0" ci="9" mb="0" cb="2"/><line nr="94" mi="0" ci="9" mb="0" cb="2"/><line nr="95" mi="0" ci="1" mb="0" cb="0"/><line nr="97" mi="0" ci="12" mb="0" cb="0"/><line nr="99" mi="0" ci="8" mb="0" cb="0"/><line nr="101" mi="0" ci="2" mb="0" cb="2"/><line nr="102" mi="0" ci="1" mb="0" cb="0"/><line nr="105" mi="0" ci="5" mb="0" cb="0"/><line nr="106" mi="0" ci="6" mb="0" cb="0"/><line nr="111" mi="0" ci="6" mb="0" cb="0"/><line nr="112" mi="0" ci="11" mb="0" cb="0"/><line nr="113" mi="0" ci="13" mb="0" cb="2"/><line nr="114" mi="0" ci="9" mb="0" cb="0"/><line nr="116" mi="0" ci="15" mb="0" cb="2"/><line nr="117" mi="0" ci="11" mb="0" cb="0"/><line nr="119" mi="0" ci="15" mb="0" cb="2"/><line nr="120" mi="0" ci="11" mb="0" cb="0"/><line nr="123" mi="0" ci="4" mb="0" cb="0"/><line nr="124" mi="0" ci="2" mb="0" cb="0"/><line nr="126" mi="0" ci="8" mb="0" cb="0"/><line nr="131" mi="0" ci="1" mb="0" cb="0"/><line nr="132" mi="0" ci="9" mb="0" cb="2"/><line nr="135" mi="0" ci="1" mb="0" cb="0"/><line nr="136" mi="0" ci="9" mb="0" cb="2"/><line nr="138" mi="0" ci="3" mb="0" cb="2"/><line nr="139" mi="0" ci="1" mb="0" cb="0"/><line nr="142" mi="0" ci="10" mb="0" cb="0"/><line nr="146" mi="0" ci="12" mb="0" cb="0"/><line nr="147" mi="0" ci="6" mb="0" cb="0"/><line nr="148" mi="0" ci="1" mb="0" cb="0"/><line nr="150" mi="0" ci="3" mb="1" cb="1"/><line nr="151" mi="4" ci="0" mb="0" cb="0"/><line nr="155" mi="0" ci="9" mb="0" cb="2"/><line nr="156" mi="0" ci="4" mb="0" cb="0"/><line nr="157" mi="0" ci="6" mb="0" cb="0"/><line nr="158" mi="0" ci="5" mb="0" cb="0"/><line nr="160" mi="0" ci="6" mb="0" cb="0"/><line nr="161" mi="0" ci="6" mb="0" cb="0"/><line nr="162" mi="0" ci="3" mb="0" cb="0"/><line nr="166" mi="0" ci="1" mb="0" cb="0"/><line nr="197" mi="0" ci="3" mb="0" cb="2"/><line nr="198" mi="0" ci="4" mb="0" cb="0"/><line nr="200" mi="0" ci="6" mb="0" cb="4"/><line nr="201" mi="0" ci="4" mb="0" cb="0"/><line nr="204" mi="0" ci="5" mb="0" cb="0"/><line nr="205" mi="0" ci="3" mb="1" cb="1"/><line nr="206" mi="2" ci="0" mb="0" cb="0"/><line nr="209" mi="0" ci="4" mb="0" cb="0"/><line nr="215" mi="0" ci="2" mb="0" cb="0"/><line nr="216" mi="0" ci="2" mb="0" cb="0"/><line nr="219" mi="0" ci="3" mb="0" cb="0"/><line nr="220" mi="0" ci="4" mb="0" cb="0"/><line nr="224" mi="0" ci="5" mb="0" cb="2"/><line nr="225" mi="0" ci="9" mb="0" cb="2"/><line nr="226" mi="0" ci="6" mb="0" cb="0"/><line nr="227" mi="0" ci="6" mb="0" cb="0"/><line nr="228" mi="0" ci="9" mb="0" cb="2"/><line nr="229" mi="0" ci="9" mb="0" cb="2"/><line nr="230" mi="0" ci="1" mb="0" cb="0"/><line nr="232" mi="0" ci="12" mb="0" cb="0"/><line nr="233" mi="0" ci="12" mb="0" cb="0"/><line nr="235" mi="0" ci="8" mb="0" cb="0"/><line nr="236" mi="0" ci="8" mb="0" cb="0"/><line nr="238" mi="0" ci="2" mb="0" cb="2"/><line nr="239" mi="0" ci="1" mb="0" cb="0"/><line nr="242" mi="0" ci="5" mb="0" cb="0"/><line nr="243" mi="0" ci="6" mb="0" cb="0"/><line nr="248" mi="0" ci="6" mb="0" cb="0"/><line nr="249" mi="0" ci="11" mb="0" cb="0"/><line nr="250" mi="0" ci="11" mb="0" cb="0"/><line nr="251" mi="0" ci="13" mb="0" cb="2"/><line nr="252" mi="0" ci="9" mb="0" cb="0"/><line nr="253" mi="0" ci="9" mb="0" cb="0"/><line nr="255" mi="0" ci="15" mb="0" cb="2"/><line nr="256" mi="0" ci="11" mb="0" cb="0"/><line nr="257" mi="0" ci="11" mb="0" cb="0"/><line nr="259" mi="0" ci="15" mb="0" cb="2"/><line nr="260" mi="0" ci="11" mb="0" cb="0"/><line nr="261" mi="0" ci="11" mb="0" cb="0"/><line nr="264" mi="0" ci="4" mb="0" cb="0"/><line nr="265" mi="0" ci="2" mb="0" cb="0"/><line nr="267" mi="0" ci="8" mb="0" cb="0"/><line nr="268" mi="0" ci="8" mb="0" cb="0"/><line nr="273" mi="0" ci="1" mb="0" cb="0"/><line nr="274" mi="0" ci="9" mb="0" cb="2"/><line nr="277" mi="0" ci="1" mb="0" cb="0"/><line nr="278" mi="0" ci="9" mb="0" cb="2"/><line nr="280" mi="0" ci="3" mb="0" cb="2"/><line nr="281" mi="0" ci="1" mb="0" cb="0"/><line nr="284" mi="0" ci="9" mb="0" cb="0"/><line nr="285" mi="0" ci="10" mb="0" cb="0"/><line nr="289" mi="0" ci="12" mb="0" cb="0"/><line nr="290" mi="0" ci="6" mb="0" cb="0"/><line nr="291" mi="0" ci="12" mb="0" cb="0"/><line nr="292" mi="0" ci="6" mb="0" cb="0"/><line nr="293" mi="0" ci="1" mb="0" cb="0"/><line nr="295" mi="0" ci="3" mb="1" cb="1"/><line nr="296" mi="4" ci="0" mb="0" cb="0"/><line nr="300" mi="0" ci="9" mb="0" cb="2"/><line nr="301" mi="0" ci="4" mb="0" cb="0"/><line nr="302" mi="0" ci="6" mb="0" cb="0"/><line nr="303" mi="0" ci="5" mb="0" cb="0"/><line nr="305" mi="0" ci="6" mb="0" cb="0"/><line nr="306" mi="0" ci="6" mb="0" cb="0"/><line nr="307" mi="0" ci="3" mb="0" cb="0"/><line nr="312" mi="0" ci="2" mb="0" cb="0"/><line nr="322" mi="0" ci="2" mb="0" cb="0"/><line nr="344" mi="0" ci="3" mb="0" cb="2"/><line nr="345" mi="0" ci="4" mb="0" cb="0"/><line nr="347" mi="0" ci="6" mb="0" cb="4"/><line nr="348" mi="0" ci="4" mb="0" cb="0"/><line nr="350" mi="0" ci="3" mb="1" cb="1"/><line nr="351" mi="1" ci="0" mb="0" cb="0"/><line nr="354" mi="0" ci="4" mb="0" cb="0"/><line nr="360" mi="0" ci="2" mb="0" cb="0"/><line nr="361" mi="0" ci="2" mb="0" cb="0"/><line nr="363" mi="0" ci="3" mb="0" cb="0"/><line nr="364" mi="0" ci="4" mb="0" cb="0"/><line nr="368" mi="0" ci="5" mb="0" cb="2"/><line nr="369" mi="0" ci="9" mb="0" cb="2"/><line nr="370" mi="0" ci="6" mb="0" cb="0"/><line nr="371" mi="0" ci="9" mb="0" cb="2"/><line nr="372" mi="0" ci="8" mb="0" cb="2"/><line nr="373" mi="0" ci="1" mb="0" cb="0"/><line nr="375" mi="0" ci="12" mb="0" cb="0"/><line nr="377" mi="0" ci="8" mb="0" cb="0"/><line nr="379" mi="0" ci="2" mb="0" cb="2"/><line nr="380" mi="0" ci="1" mb="0" cb="0"/><line nr="383" mi="0" ci="5" mb="0" cb="0"/><line nr="384" mi="0" ci="6" mb="0" cb="0"/><line nr="389" mi="0" ci="6" mb="0" cb="0"/><line nr="390" mi="0" ci="11" mb="0" cb="0"/><line nr="391" mi="0" ci="12" mb="0" cb="2"/><line nr="392" mi="0" ci="9" mb="0" cb="0"/><line nr="394" mi="0" ci="14" mb="0" cb="2"/><line nr="395" mi="0" ci="11" mb="0" cb="0"/><line nr="397" mi="0" ci="14" mb="0" cb="2"/><line nr="398" mi="0" ci="11" mb="0" cb="0"/><line nr="401" mi="0" ci="4" mb="0" cb="0"/><line nr="402" mi="0" ci="2" mb="0" cb="0"/><line nr="404" mi="0" ci="8" mb="0" cb="0"/><line nr="409" mi="0" ci="1" mb="0" cb="0"/><line nr="410" mi="0" ci="8" mb="0" cb="2"/><line nr="413" mi="0" ci="1" mb="0" cb="0"/><line nr="414" mi="0" ci="8" mb="0" cb="2"/><line nr="416" mi="0" ci="3" mb="0" cb="2"/><line nr="417" mi="0" ci="1" mb="0" cb="0"/><line nr="420" mi="0" ci="10" mb="0" cb="0"/><line nr="424" mi="0" ci="12" mb="0" cb="0"/><line nr="425" mi="0" ci="6" mb="0" cb="0"/><line nr="426" mi="0" ci="1" mb="0" cb="0"/><line nr="428" mi="0" ci="3" mb="1" cb="1"/><line nr="429" mi="4" ci="0" mb="0" cb="0"/><line nr="433" mi="0" ci="9" mb="0" cb="2"/><line nr="434" mi="0" ci="4" mb="0" cb="0"/><line nr="435" mi="0" ci="6" mb="0" cb="0"/><line nr="436" mi="0" ci="5" mb="0" cb="0"/><line nr="438" mi="0" ci="6" mb="0" cb="0"/><line nr="439" mi="0" ci="6" mb="0" cb="0"/><line nr="440" mi="0" ci="3" mb="0" cb="0"/><line nr="444" mi="0" ci="1" mb="0" cb="0"/><line nr="472" mi="0" ci="3" mb="0" cb="2"/><line nr="473" mi="0" ci="4" mb="0" cb="0"/><line nr="475" mi="0" ci="6" mb="0" cb="4"/><line nr="476" mi="0" ci="4" mb="0" cb="0"/><line nr="479" mi="0" ci="5" mb="0" cb="0"/><line nr="480" mi="0" ci="3" mb="1" cb="1"/><line nr="481" mi="2" ci="0" mb="0" cb="0"/><line nr="484" mi="0" ci="4" mb="0" cb="0"/><line nr="490" mi="0" ci="2" mb="0" cb="0"/><line nr="491" mi="0" ci="2" mb="0" cb="0"/><line nr="494" mi="0" ci="3" mb="0" cb="0"/><line nr="495" mi="0" ci="4" mb="0" cb="0"/><line nr="499" mi="0" ci="5" mb="0" cb="2"/><line nr="500" mi="0" ci="9" mb="0" cb="2"/><line nr="501" mi="0" ci="6" mb="0" cb="0"/><line nr="502" mi="0" ci="6" mb="0" cb="0"/><line nr="503" mi="0" ci="9" mb="0" cb="2"/><line nr="504" mi="0" ci="8" mb="0" cb="2"/><line nr="505" mi="0" ci="1" mb="0" cb="0"/><line nr="507" mi="0" ci="12" mb="0" cb="0"/><line nr="508" mi="0" ci="12" mb="0" cb="0"/><line nr="510" mi="0" ci="8" mb="0" cb="0"/><line nr="511" mi="0" ci="8" mb="0" cb="0"/><line nr="513" mi="0" ci="2" mb="0" cb="2"/><line nr="514" mi="0" ci="1" mb="0" cb="0"/><line nr="517" mi="0" ci="5" mb="0" cb="0"/><line nr="518" mi="0" ci="6" mb="0" cb="0"/><line nr="523" mi="0" ci="6" mb="0" cb="0"/><line nr="524" mi="0" ci="11" mb="0" cb="0"/><line nr="525" mi="0" ci="11" mb="0" cb="0"/><line nr="526" mi="0" ci="12" mb="0" cb="2"/><line nr="527" mi="0" ci="9" mb="0" cb="0"/><line nr="528" mi="0" ci="9" mb="0" cb="0"/><line nr="530" mi="0" ci="14" mb="0" cb="2"/><line nr="531" mi="0" ci="11" mb="0" cb="0"/><line nr="532" mi="0" ci="11" mb="0" cb="0"/><line nr="534" mi="0" ci="14" mb="0" cb="2"/><line nr="535" mi="0" ci="11" mb="0" cb="0"/><line nr="536" mi="0" ci="11" mb="0" cb="0"/><line nr="539" mi="0" ci="4" mb="0" cb="0"/><line nr="540" mi="0" ci="2" mb="0" cb="0"/><line nr="542" mi="0" ci="8" mb="0" cb="0"/><line nr="543" mi="0" ci="8" mb="0" cb="0"/><line nr="548" mi="0" ci="1" mb="0" cb="0"/><line nr="549" mi="0" ci="8" mb="0" cb="2"/><line nr="552" mi="0" ci="1" mb="0" cb="0"/><line nr="553" mi="0" ci="8" mb="0" cb="2"/><line nr="555" mi="0" ci="3" mb="0" cb="2"/><line nr="556" mi="0" ci="1" mb="0" cb="0"/><line nr="559" mi="0" ci="9" mb="0" cb="0"/><line nr="560" mi="0" ci="10" mb="0" cb="0"/><line nr="564" mi="0" ci="12" mb="0" cb="0"/><line nr="565" mi="0" ci="6" mb="0" cb="0"/><line nr="566" mi="0" ci="12" mb="0" cb="0"/><line nr="567" mi="0" ci="6" mb="0" cb="0"/><line nr="568" mi="0" ci="1" mb="0" cb="0"/><line nr="570" mi="0" ci="3" mb="1" cb="1"/><line nr="571" mi="4" ci="0" mb="0" cb="0"/><line nr="575" mi="0" ci="9" mb="0" cb="2"/><line nr="576" mi="0" ci="4" mb="0" cb="0"/><line nr="577" mi="0" ci="6" mb="0" cb="0"/><line nr="578" mi="0" ci="5" mb="0" cb="0"/><line nr="580" mi="0" ci="6" mb="0" cb="0"/><line nr="581" mi="0" ci="6" mb="0" cb="0"/><line nr="582" mi="0" ci="3" mb="0" cb="0"/><line nr="587" mi="0" ci="2" mb="0" cb="0"/><line nr="609" mi="0" ci="3" mb="0" cb="2"/><line nr="610" mi="0" ci="4" mb="0" cb="0"/><line nr="612" mi="0" ci="6" mb="0" cb="4"/><line nr="613" mi="0" ci="4" mb="0" cb="0"/><line nr="615" mi="0" ci="3" mb="1" cb="1"/><line nr="616" mi="1" ci="0" mb="0" cb="0"/><line nr="619" mi="0" ci="4" mb="0" cb="0"/><line nr="625" mi="0" ci="2" mb="0" cb="0"/><line nr="626" mi="0" ci="2" mb="0" cb="0"/><line nr="628" mi="0" ci="3" mb="0" cb="0"/><line nr="629" mi="0" ci="4" mb="0" cb="0"/><line nr="633" mi="0" ci="5" mb="0" cb="2"/><line nr="634" mi="0" ci="9" mb="0" cb="2"/><line nr="635" mi="0" ci="6" mb="0" cb="0"/><line nr="636" mi="0" ci="9" mb="0" cb="2"/><line nr="637" mi="0" ci="8" mb="0" cb="2"/><line nr="638" mi="0" ci="1" mb="0" cb="0"/><line nr="640" mi="0" ci="12" mb="0" cb="0"/><line nr="642" mi="0" ci="8" mb="0" cb="0"/><line nr="644" mi="0" ci="2" mb="0" cb="2"/><line nr="645" mi="0" ci="1" mb="0" cb="0"/><line nr="648" mi="0" ci="5" mb="0" cb="0"/><line nr="649" mi="0" ci="6" mb="0" cb="0"/><line nr="654" mi="0" ci="6" mb="0" cb="0"/><line nr="655" mi="0" ci="11" mb="0" cb="0"/><line nr="656" mi="0" ci="12" mb="0" cb="2"/><line nr="657" mi="0" ci="9" mb="0" cb="0"/><line nr="659" mi="0" ci="14" mb="0" cb="2"/><line nr="660" mi="0" ci="11" mb="0" cb="0"/><line nr="662" mi="0" ci="14" mb="0" cb="2"/><line nr="663" mi="0" ci="11" mb="0" cb="0"/><line nr="666" mi="0" ci="4" mb="0" cb="0"/><line nr="667" mi="0" ci="2" mb="0" cb="0"/><line nr="669" mi="0" ci="8" mb="0" cb="0"/><line nr="674" mi="0" ci="1" mb="0" cb="0"/><line nr="675" mi="0" ci="8" mb="0" cb="2"/><line nr="678" mi="0" ci="1" mb="0" cb="0"/><line nr="679" mi="0" ci="8" mb="0" cb="2"/><line nr="681" mi="0" ci="3" mb="0" cb="2"/><line nr="682" mi="0" ci="1" mb="0" cb="0"/><line nr="685" mi="0" ci="10" mb="0" cb="0"/><line nr="689" mi="0" ci="12" mb="0" cb="0"/><line nr="690" mi="0" ci="6" mb="0" cb="0"/><line nr="691" mi="0" ci="1" mb="0" cb="0"/><line nr="693" mi="0" ci="3" mb="1" cb="1"/><line nr="694" mi="4" ci="0" mb="0" cb="0"/><line nr="698" mi="0" ci="9" mb="0" cb="2"/><line nr="699" mi="0" ci="4" mb="0" cb="0"/><line nr="700" mi="0" ci="6" mb="0" cb="0"/><line nr="701" mi="0" ci="5" mb="0" cb="0"/><line nr="703" mi="0" ci="6" mb="0" cb="0"/><line nr="704" mi="0" ci="6" mb="0" cb="0"/><line nr="705" mi="0" ci="3" mb="0" cb="0"/><line nr="709" mi="0" ci="1" mb="0" cb="0"/><line nr="737" mi="0" ci="3" mb="0" cb="2"/><line nr="738" mi="0" ci="4" mb="0" cb="0"/><line nr="740" mi="0" ci="6" mb="0" cb="4"/><line nr="741" mi="0" ci="4" mb="0" cb="0"/><line nr="744" mi="0" ci="5" mb="0" cb="0"/><line nr="745" mi="0" ci="3" mb="1" cb="1"/><line nr="746" mi="2" ci="0" mb="0" cb="0"/><line nr="749" mi="0" ci="4" mb="0" cb="0"/><line nr="755" mi="0" ci="2" mb="0" cb="0"/><line nr="756" mi="0" ci="2" mb="0" cb="0"/><line nr="759" mi="0" ci="3" mb="0" cb="0"/><line nr="760" mi="0" ci="4" mb="0" cb="0"/><line nr="764" mi="0" ci="5" mb="0" cb="2"/><line nr="765" mi="0" ci="9" mb="0" cb="2"/><line nr="766" mi="0" ci="6" mb="0" cb="0"/><line nr="767" mi="0" ci="6" mb="0" cb="0"/><line nr="768" mi="0" ci="9" mb="0" cb="2"/><line nr="769" mi="0" ci="8" mb="0" cb="2"/><line nr="770" mi="0" ci="1" mb="0" cb="0"/><line nr="772" mi="0" ci="12" mb="0" cb="0"/><line nr="773" mi="0" ci="12" mb="0" cb="0"/><line nr="775" mi="0" ci="8" mb="0" cb="0"/><line nr="776" mi="0" ci="8" mb="0" cb="0"/><line nr="778" mi="0" ci="2" mb="0" cb="2"/><line nr="779" mi="0" ci="1" mb="0" cb="0"/><line nr="782" mi="0" ci="5" mb="0" cb="0"/><line nr="783" mi="0" ci="6" mb="0" cb="0"/><line nr="788" mi="0" ci="6" mb="0" cb="0"/><line nr="789" mi="0" ci="11" mb="0" cb="0"/><line nr="790" mi="0" ci="11" mb="0" cb="0"/><line nr="791" mi="0" ci="12" mb="0" cb="2"/><line nr="792" mi="0" ci="9" mb="0" cb="0"/><line nr="793" mi="0" ci="9" mb="0" cb="0"/><line nr="795" mi="0" ci="14" mb="0" cb="2"/><line nr="796" mi="0" ci="11" mb="0" cb="0"/><line nr="797" mi="0" ci="11" mb="0" cb="0"/><line nr="799" mi="0" ci="14" mb="0" cb="2"/><line nr="800" mi="0" ci="11" mb="0" cb="0"/><line nr="801" mi="0" ci="11" mb="0" cb="0"/><line nr="804" mi="0" ci="4" mb="0" cb="0"/><line nr="805" mi="0" ci="2" mb="0" cb="0"/><line nr="807" mi="0" ci="8" mb="0" cb="0"/><line nr="808" mi="0" ci="8" mb="0" cb="0"/><line nr="813" mi="0" ci="1" mb="0" cb="0"/><line nr="814" mi="0" ci="8" mb="0" cb="2"/><line nr="817" mi="0" ci="1" mb="0" cb="0"/><line nr="818" mi="0" ci="8" mb="0" cb="2"/><line nr="820" mi="0" ci="3" mb="0" cb="2"/><line nr="821" mi="0" ci="1" mb="0" cb="0"/><line nr="824" mi="0" ci="9" mb="0" cb="0"/><line nr="825" mi="0" ci="10" mb="0" cb="0"/><line nr="829" mi="0" ci="12" mb="0" cb="0"/><line nr="830" mi="0" ci="6" mb="0" cb="0"/><line nr="831" mi="0" ci="12" mb="0" cb="0"/><line nr="832" mi="0" ci="6" mb="0" cb="0"/><line nr="833" mi="0" ci="1" mb="0" cb="0"/><line nr="835" mi="0" ci="3" mb="1" cb="1"/><line nr="836" mi="4" ci="0" mb="0" cb="0"/><line nr="840" mi="0" ci="9" mb="0" cb="2"/><line nr="841" mi="0" ci="4" mb="0" cb="0"/><line nr="842" mi="0" ci="6" mb="0" cb="0"/><line nr="843" mi="0" ci="5" mb="0" cb="0"/><line nr="845" mi="0" ci="6" mb="0" cb="0"/><line nr="846" mi="0" ci="6" mb="0" cb="0"/><line nr="847" mi="0" ci="3" mb="0" cb="0"/><line nr="852" mi="0" ci="2" mb="0" cb="0"/><line nr="874" mi="0" ci="3" mb="0" cb="2"/><line nr="875" mi="0" ci="4" mb="0" cb="0"/><line nr="877" mi="0" ci="6" mb="0" cb="4"/><line nr="878" mi="0" ci="4" mb="0" cb="0"/><line nr="880" mi="0" ci="3" mb="1" cb="1"/><line nr="881" mi="1" ci="0" mb="0" cb="0"/><line nr="884" mi="0" ci="4" mb="0" cb="0"/><line nr="890" mi="0" ci="2" mb="0" cb="0"/><line nr="891" mi="0" ci="2" mb="0" cb="0"/><line nr="893" mi="0" ci="3" mb="0" cb="0"/><line nr="894" mi="0" ci="4" mb="0" cb="0"/><line nr="898" mi="0" ci="5" mb="0" cb="2"/><line nr="899" mi="0" ci="9" mb="0" cb="2"/><line nr="900" mi="0" ci="6" mb="0" cb="0"/><line nr="901" mi="0" ci="9" mb="0" cb="2"/><line nr="902" mi="0" ci="7" mb="0" cb="2"/><line nr="903" mi="0" ci="1" mb="0" cb="0"/><line nr="905" mi="0" ci="12" mb="0" cb="0"/><line nr="907" mi="0" ci="8" mb="0" cb="0"/><line nr="909" mi="0" ci="2" mb="0" cb="2"/><line nr="910" mi="0" ci="1" mb="0" cb="0"/><line nr="913" mi="0" ci="5" mb="0" cb="0"/><line nr="914" mi="0" ci="6" mb="0" cb="0"/><line nr="919" mi="0" ci="6" mb="0" cb="0"/><line nr="920" mi="0" ci="11" mb="0" cb="0"/><line nr="921" mi="0" ci="11" mb="0" cb="2"/><line nr="922" mi="0" ci="9" mb="0" cb="0"/><line nr="924" mi="0" ci="13" mb="0" cb="2"/><line nr="925" mi="0" ci="11" mb="0" cb="0"/><line nr="927" mi="0" ci="13" mb="0" cb="2"/><line nr="928" mi="0" ci="11" mb="0" cb="0"/><line nr="931" mi="0" ci="4" mb="0" cb="0"/><line nr="932" mi="0" ci="2" mb="0" cb="0"/><line nr="934" mi="0" ci="8" mb="0" cb="0"/><line nr="939" mi="0" ci="1" mb="0" cb="0"/><line nr="940" mi="0" ci="7" mb="0" cb="2"/><line nr="943" mi="0" ci="1" mb="0" cb="0"/><line nr="944" mi="0" ci="7" mb="0" cb="2"/><line nr="946" mi="0" ci="3" mb="0" cb="2"/><line nr="947" mi="0" ci="1" mb="0" cb="0"/><line nr="950" mi="0" ci="10" mb="0" cb="0"/><line nr="954" mi="0" ci="12" mb="0" cb="0"/><line nr="955" mi="0" ci="6" mb="0" cb="0"/><line nr="956" mi="0" ci="1" mb="0" cb="0"/><line nr="958" mi="0" ci="3" mb="1" cb="1"/><line nr="959" mi="4" ci="0" mb="0" cb="0"/><line nr="963" mi="0" ci="9" mb="0" cb="2"/><line nr="964" mi="0" ci="4" mb="0" cb="0"/><line nr="965" mi="0" ci="6" mb="0" cb="0"/><line nr="966" mi="0" ci="5" mb="0" cb="0"/><line nr="968" mi="0" ci="6" mb="0" cb="0"/><line nr="969" mi="0" ci="6" mb="0" cb="0"/><line nr="970" mi="0" ci="3" mb="0" cb="0"/><line nr="974" mi="0" ci="1" mb="0" cb="0"/><line nr="1002" mi="0" ci="3" mb="0" cb="2"/><line nr="1003" mi="0" ci="4" mb="0" cb="0"/><line nr="1005" mi="0" ci="6" mb="0" cb="4"/><line nr="1006" mi="0" ci="4" mb="0" cb="0"/><line nr="1009" mi="0" ci="5" mb="0" cb="0"/><line nr="1010" mi="0" ci="3" mb="1" cb="1"/><line nr="1011" mi="2" ci="0" mb="0" cb="0"/><line nr="1014" mi="0" ci="4" mb="0" cb="0"/><line nr="1020" mi="0" ci="2" mb="0" cb="0"/><line nr="1021" mi="0" ci="2" mb="0" cb="0"/><line nr="1024" mi="0" ci="3" mb="0" cb="0"/><line nr="1025" mi="0" ci="4" mb="0" cb="0"/><line nr="1029" mi="0" ci="5" mb="0" cb="2"/><line nr="1030" mi="0" ci="9" mb="0" cb="2"/><line nr="1031" mi="0" ci="6" mb="0" cb="0"/><line nr="1032" mi="0" ci="6" mb="0" cb="0"/><line nr="1033" mi="0" ci="9" mb="0" cb="2"/><line nr="1034" mi="0" ci=
[...]
i="4" mb="0" cb="0"/><line nr="58" mi="0" ci="6" mb="0" cb="4"/><line nr="59" mi="0" ci="4" mb="0" cb="0"/><line nr="61" mi="0" ci="3" mb="1" cb="1"/><line nr="62" mi="1" ci="0" mb="0" cb="0"/><line nr="68" mi="0" ci="9" mb="0" cb="2"/><line nr="70" mi="0" ci="4" mb="0" cb="0"/><line nr="72" mi="0" ci="2" mb="0" cb="0"/><line nr="75" mi="0" ci="12" mb="0" cb="4"/><line nr="76" mi="0" ci="8" mb="0" cb="0"/><line nr="77" mi="0" ci="2" mb="0" cb="0"/><line nr="81" mi="0" ci="4" mb="0" cb="0"/><line nr="83" mi="0" ci="1" mb="0" cb="0"/><line nr="113" mi="0" ci="3" mb="0" cb="2"/><line nr="114" mi="0" ci="4" mb="0" cb="0"/><line nr="116" mi="0" ci="6" mb="0" cb="4"/><line nr="117" mi="0" ci="4" mb="0" cb="0"/><line nr="120" mi="0" ci="5" mb="0" cb="0"/><line nr="121" mi="0" ci="3" mb="1" cb="1"/><line nr="122" mi="2" ci="0" mb="0" cb="0"/><line nr="129" mi="0" ci="9" mb="0" cb="2"/><line nr="131" mi="0" ci="4" mb="0" cb="0"/><line nr="132" mi="0" ci="4" mb="0" cb="0"/><line nr="134" mi="0" ci="2" mb="0" cb="0"/><line nr="137" mi="0" ci="12" mb="0" cb="4"/><line nr="138" mi="0" ci="8" mb="0" cb="0"/><line nr="139" mi="0" ci="8" mb="0" cb="0"/><line nr="140" mi="0" ci="2" mb="0" cb="0"/><line nr="144" mi="0" ci="4" mb="0" cb="0"/><line nr="145" mi="0" ci="4" mb="0" cb="0"/><line nr="148" mi="0" ci="2" mb="0" cb="0"/><line nr="158" mi="0" ci="2" mb="0" cb="0"/><line nr="179" mi="0" ci="3" mb="0" cb="2"/><line nr="180" mi="0" ci="4" mb="0" cb="0"/><line nr="182" mi="0" ci="6" mb="0" cb="4"/><line nr="183" mi="0" ci="4" mb="0" cb="0"/><line nr="185" mi="0" ci="3" mb="1" cb="1"/><line nr="186" mi="1" ci="0" mb="0" cb="0"/><line nr="192" mi="0" ci="9" mb="0" cb="2"/><line nr="194" mi="0" ci="4" mb="0" cb="0"/><line nr="196" mi="0" ci="2" mb="0" cb="0"/><line nr="199" mi="0" ci="11" mb="0" cb="4"/><line nr="200" mi="0" ci="8" mb="0" cb="0"/><line nr="201" mi="0" ci="2" mb="0" cb="0"/><line nr="205" mi="0" ci="4" mb="0" cb="0"/><line nr="207" mi="0" ci="1" mb="0" cb="0"/><line nr="234" mi="0" ci="3" mb="0" cb="2"/><line nr="235" mi="0" ci="4" mb="0" cb="0"/><line nr="237" mi="0" ci="6" mb="0" cb="4"/><line nr="238" mi="0" ci="4" mb="0" cb="0"/><line nr="241" mi="0" ci="5" mb="0" cb="0"/><line nr="242" mi="0" ci="3" mb="1" cb="1"/><line nr="243" mi="2" ci="0" mb="0" cb="0"/><line nr="250" mi="0" ci="9" mb="0" cb="2"/><line nr="252" mi="0" ci="4" mb="0" cb="0"/><line nr="253" mi="0" ci="4" mb="0" cb="0"/><line nr="255" mi="0" ci="2" mb="0" cb="0"/><line nr="258" mi="0" ci="11" mb="0" cb="4"/><line nr="259" mi="0" ci="8" mb="0" cb="0"/><line nr="260" mi="0" ci="8" mb="0" cb="0"/><line nr="261" mi="0" ci="2" mb="0" cb="0"/><line nr="265" mi="0" ci="4" mb="0" cb="0"/><line nr="266" mi="0" ci="4" mb="0" cb="0"/><line nr="269" mi="0" ci="2" mb="0" cb="0"/><line nr="290" mi="0" ci="3" mb="0" cb="2"/><line nr="291" mi="0" ci="4" mb="0" cb="0"/><line nr="293" mi="0" ci="6" mb="0" cb="4"/><line nr="294" mi="0" ci="4" mb="0" cb="0"/><line nr="296" mi="0" ci="3" mb="1" cb="1"/><line nr="297" mi="1" ci="0" mb="0" cb="0"/><line nr="303" mi="0" ci="9" mb="0" cb="2"/><line nr="305" mi="0" ci="4" mb="0" cb="0"/><line nr="307" mi="0" ci="2" mb="0" cb="0"/><line nr="310" mi="0" ci="11" mb="0" cb="4"/><line nr="311" mi="0" ci="8" mb="0" cb="0"/><line nr="312" mi="0" ci="2" mb="0" cb="0"/><line nr="316" mi="0" ci="4" mb="0" cb="0"/><line nr="318" mi="0" ci="1" mb="0" cb="0"/><line nr="345" mi="0" ci="3" mb="0" cb="2"/><line nr="346" mi="0" ci="4" mb="0" cb="0"/><line nr="348" mi="0" ci="6" mb="0" cb="4"/><line nr="349" mi="0" ci="4" mb="0" cb="0"/><line nr="352" mi="0" ci="5" mb="0" cb="0"/><line nr="353" mi="0" ci="3" mb="1" cb="1"/><line nr="354" mi="2" ci="0" mb="0" cb="0"/><line nr="361" mi="0" ci="9" mb="0" cb="2"/><line nr="363" mi="0" ci="4" mb="0" cb="0"/><line nr="364" mi="0" ci="4" mb="0" cb="0"/><line nr="366" mi="0" ci="2" mb="0" cb="0"/><line nr="369" mi="0" ci="11" mb="0" cb="4"/><line nr="370" mi="0" ci="8" mb="0" cb="0"/><line nr="371" mi="0" ci="8" mb="0" cb="0"/><line nr="372" mi="0" ci="2" mb="0" cb="0"/><line nr="376" mi="0" ci="4" mb="0" cb="0"/><line nr="377" mi="0" ci="4" mb="0" cb="0"/><line nr="380" mi="0" ci="2" mb="0" cb="0"/><line nr="401" mi="0" ci="3" mb="0" cb="2"/><line nr="402" mi="0" ci="4" mb="0" cb="0"/><line nr="404" mi="0" ci="6" mb="0" cb="4"/><line nr="405" mi="0" ci="4" mb="0" cb="0"/><line nr="407" mi="0" ci="3" mb="1" cb="1"/><line nr="408" mi="1" ci="0" mb="0" cb="0"/><line nr="414" mi="0" ci="9" mb="0" cb="2"/><line nr="416" mi="0" ci="4" mb="0" cb="0"/><line nr="418" mi="0" ci="2" mb="0" cb="0"/><line nr="421" mi="0" ci="10" mb="0" cb="4"/><line nr="422" mi="0" ci="8" mb="0" cb="0"/><line nr="423" mi="0" ci="2" mb="0" cb="0"/><line nr="427" mi="0" ci="4" mb="0" cb="0"/><line nr="429" mi="0" ci="1" mb="0" cb="0"/><line nr="456" mi="0" ci="3" mb="0" cb="2"/><line nr="457" mi="0" ci="4" mb="0" cb="0"/><line nr="459" mi="0" ci="6" mb="0" cb="4"/><line nr="460" mi="0" ci="4" mb="0" cb="0"/><line nr="463" mi="0" ci="5" mb="0" cb="0"/><line nr="464" mi="0" ci="3" mb="1" cb="1"/><line nr="465" mi="2" ci="0" mb="0" cb="0"/><line nr="472" mi="0" ci="9" mb="0" cb="2"/><line nr="474" mi="0" ci="4" mb="0" cb="0"/><line nr="475" mi="0" ci="4" mb="0" cb="0"/><line nr="477" mi="0" ci="2" mb="0" cb="0"/><line nr="480" mi="0" ci="10" mb="0" cb="4"/><line nr="481" mi="0" ci="8" mb="0" cb="0"/><line nr="482" mi="0" ci="8" mb="0" cb="0"/><line nr="483" mi="0" ci="2" mb="0" cb="0"/><line nr="487" mi="0" ci="4" mb="0" cb="0"/><line nr="488" mi="0" ci="4" mb="0" cb="0"/><line nr="491" mi="0" ci="2" mb="0" cb="0"/><line nr="512" mi="0" ci="3" mb="0" cb="2"/><line nr="513" mi="0" ci="4" mb="0" cb="0"/><line nr="515" mi="0" ci="6" mb="0" cb="4"/><line nr="516" mi="0" ci="4" mb="0" cb="0"/><line nr="518" mi="0" ci="3" mb="1" cb="1"/><line nr="519" mi="1" ci="0" mb="0" cb="0"/><line nr="525" mi="0" ci="9" mb="0" cb="2"/><line nr="527" mi="0" ci="4" mb="0" cb="0"/><line nr="529" mi="0" ci="2" mb="0" cb="0"/><line nr="532" mi="0" ci="11" mb="0" cb="4"/><line nr="533" mi="0" ci="8" mb="0" cb="0"/><line nr="534" mi="0" ci="2" mb="0" cb="0"/><line nr="538" mi="0" ci="4" mb="0" cb="0"/><line nr="540" mi="0" ci="1" mb="0" cb="0"/><line nr="567" mi="0" ci="3" mb="0" cb="2"/><line nr="568" mi="0" ci="4" mb="0" cb="0"/><line nr="570" mi="0" ci="6" mb="0" cb="4"/><line nr="571" mi="0" ci="4" mb="0" cb="0"/><line nr="574" mi="0" ci="5" mb="0" cb="0"/><line nr="575" mi="0" ci="3" mb="1" cb="1"/><line nr="576" mi="2" ci="0" mb="0" cb="0"/><line nr="583" mi="0" ci="9" mb="0" cb="2"/><line nr="585" mi="0" ci="4" mb="0" cb="0"/><line nr="586" mi="0" ci="4" mb="0" cb="0"/><line nr="588" mi="0" ci="2" mb="0" cb="0"/><line nr="591" mi="0" ci="11" mb="0" cb="4"/><line nr="592" mi="0" ci="8" mb="0" cb="0"/><line nr="593" mi="0" ci="8" mb="0" cb="0"/><line nr="594" mi="0" ci="2" mb="0" cb="0"/><line nr="598" mi="0" ci="4" mb="0" cb="0"/><line nr="599" mi="0" ci="4" mb="0" cb="0"/><line nr="602" mi="0" ci="2" mb="0" cb="0"/><counter type="INSTRUCTION" missed="15" covered="725"/><counter type="BRANCH" missed="10" covered="130"/><counter type="LINE" missed="10" covered="152"/><counter type="COMPLEXITY" missed="10" covered="72"/><counter type="METHOD" missed="0" covered="12"/><counter type="CLASS" missed="0" covered="1"/></sourcefile><sourcefile name="ComparatorAndAverager.java"/><sourcefile name="ShellSorter.java"><line nr="33" mi="0" ci="3" mb="0" cb="0"/><line nr="66" mi="0" ci="3" mb="0" cb="2"/><line nr="67" mi="0" ci="4" mb="0" cb="0"/><line nr="69" mi="0" ci="6" mb="0" cb="4"/><line nr="70" mi="0" ci="4" mb="0" cb="0"/><line nr="72" mi="0" ci="3" mb="1" cb="1"/><line nr="73" mi="1" ci="0" mb="0" cb="0"/><line nr="77" mi="0" ci="2" mb="0" cb="0"/><line nr="78" mi="0" ci="4" mb="0" cb="0"/><line nr="83" mi="0" ci="4" mb="0" cb="0"/><line nr="84" mi="0" ci="1" mb="0" cb="0"/><line nr="85" mi="0" ci="3" mb="0" cb="2"/><line nr="89" mi="0" ci="4" mb="0" cb="0"/><line nr="91" mi="0" ci="7" mb="0" cb="2"/><line nr="92" mi="0" ci="6" mb="0" cb="0"/><line nr="93" mi="0" ci="2" mb="0" cb="0"/><line nr="96" mi="0" ci="11" mb="0" cb="2"/><line nr="97" mi="0" ci="12" mb="0" cb="0"/><line nr="98" mi="0" ci="4" mb="0" cb="0"/><line nr="99" mi="0" ci="3" mb="0" cb="2"/><line nr="100" mi="0" ci="1" mb="0" cb="0"/><line nr="103" mi="0" ci="6" mb="0" cb="0"/><line nr="105" mi="0" ci="3" mb="0" cb="2"/><line nr="106" mi="0" ci="1" mb="0" cb="0"/><line nr="136" mi="0" ci="3" mb="0" cb="2"/><line nr="137" mi="0" ci="4" mb="0" cb="0"/><line nr="139" mi="0" ci="6" mb="0" cb="4"/><line nr="140" mi="0" ci="4" mb="0" cb="0"/><line nr="143" mi="0" ci="5" mb="0" cb="0"/><line nr="144" mi="0" ci="3" mb="1" cb="1"/><line nr="145" mi="2" ci="0" mb="0" cb="0"/><line nr="150" mi="0" ci="2" mb="0" cb="0"/><line nr="151" mi="0" ci="4" mb="0" cb="0"/><line nr="156" mi="0" ci="4" mb="0" cb="0"/><line nr="157" mi="0" ci="1" mb="0" cb="0"/><line nr="158" mi="0" ci="3" mb="0" cb="2"/><line nr="162" mi="0" ci="4" mb="0" cb="0"/><line nr="164" mi="0" ci="7" mb="0" cb="2"/><line nr="165" mi="0" ci="6" mb="0" cb="0"/><line nr="166" mi="0" ci="6" mb="0" cb="0"/><line nr="167" mi="0" ci="2" mb="0" cb="0"/><line nr="170" mi="0" ci="11" mb="0" cb="2"/><line nr="171" mi="0" ci="12" mb="0" cb="0"/><line nr="172" mi="0" ci="12" mb="0" cb="0"/><line nr="173" mi="0" ci="4" mb="0" cb="0"/><line nr="174" mi="0" ci="3" mb="0" cb="2"/><line nr="175" mi="0" ci="1" mb="0" cb="0"/><line nr="178" mi="0" ci="6" mb="0" cb="0"/><line nr="179" mi="0" ci="6" mb="0" cb="0"/><line nr="181" mi="0" ci="3" mb="0" cb="2"/><line nr="183" mi="0" ci="2" mb="0" cb="0"/><line nr="193" mi="0" ci="2" mb="0" cb="0"/><line nr="214" mi="0" ci="3" mb="0" cb="2"/><line nr="215" mi="0" ci="4" mb="0" cb="0"/><line nr="217" mi="0" ci="6" mb="0" cb="4"/><line nr="218" mi="0" ci="4" mb="0" cb="0"/><line nr="220" mi="0" ci="3" mb="1" cb="1"/><line nr="221" mi="1" ci="0" mb="0" cb="0"/><line nr="225" mi="0" ci="2" mb="0" cb="0"/><line nr="226" mi="0" ci="4" mb="0" cb="0"/><line nr="231" mi="0" ci="4" mb="0" cb="0"/><line nr="232" mi="0" ci="1" mb="0" cb="0"/><line nr="233" mi="0" ci="3" mb="0" cb="2"/><line nr="237" mi="0" ci="4" mb="0" cb="0"/><line nr="239" mi="0" ci="7" mb="0" cb="2"/><line nr="240" mi="0" ci="6" mb="0" cb="0"/><line nr="241" mi="0" ci="2" mb="0" cb="0"/><line nr="244" mi="0" ci="10" mb="0" cb="2"/><line nr="245" mi="0" ci="12" mb="0" cb="0"/><line nr="246" mi="0" ci="4" mb="0" cb="0"/><line nr="247" mi="0" ci="3" mb="0" cb="2"/><line nr="248" mi="0" ci="1" mb="0" cb="0"/><line nr="251" mi="0" ci="6" mb="0" cb="0"/><line nr="253" mi="0" ci="3" mb="0" cb="2"/><line nr="254" mi="0" ci="1" mb="0" cb="0"/><line nr="281" mi="0" ci="3" mb="0" cb="2"/><line nr="282" mi="0" ci="4" mb="0" cb="0"/><line nr="284" mi="0" ci="6" mb="0" cb="4"/><line nr="285" mi="0" ci="4" mb="0" cb="0"/><line nr="288" mi="0" ci="5" mb="0" cb="0"/><line nr="289" mi="0" ci="3" mb="1" cb="1"/><line nr="290" mi="2" ci="0" mb="0" cb="0"/><line nr="295" mi="0" ci="2" mb="0" cb="0"/><line nr="296" mi="0" ci="4" mb="0" cb="0"/><line nr="301" mi="0" ci="4" mb="0" cb="0"/><line nr="302" mi="0" ci="1" mb="0" cb="0"/><line nr="303" mi="0" ci="3" mb="0" cb="2"/><line nr="307" mi="0" ci="4" mb="0" cb="0"/><line nr="309" mi="0" ci="7" mb="0" cb="2"/><line nr="310" mi="0" ci="6" mb="0" cb="0"/><line nr="311" mi="0" ci="6" mb="0" cb="0"/><line nr="312" mi="0" ci="2" mb="0" cb="0"/><line nr="315" mi="0" ci="10" mb="0" cb="2"/><line nr="316" mi="0" ci="12" mb="0" cb="0"/><line nr="317" mi="0" ci="12" mb="0" cb="0"/><line nr="318" mi="0" ci="4" mb="0" cb="0"/><line nr="319" mi="0" ci="3" mb="0" cb="2"/><line nr="320" mi="0" ci="1" mb="0" cb="0"/><line nr="323" mi="0" ci="6" mb="0" cb="0"/><line nr="324" mi="0" ci="6" mb="0" cb="0"/><line nr="326" mi="0" ci="3" mb="0" cb="2"/><line nr="328" mi="0" ci="2" mb="0" cb="0"/><line nr="349" mi="0" ci="3" mb="0" cb="2"/><line nr="350" mi="0" ci="4" mb="0" cb="0"/><line nr="352" mi="0" ci="6" mb="0" cb="4"/><line nr="353" mi="0" ci="4" mb="0" cb="0"/><line nr="355" mi="0" ci="3" mb="1" cb="1"/><line nr="356" mi="1" ci="0" mb="0" cb="0"/><line nr="360" mi="0" ci="2" mb="0" cb="0"/><line nr="361" mi="0" ci="4" mb="0" cb="0"/><line nr="366" mi="0" ci="4" mb="0" cb="0"/><line nr="367" mi="0" ci="1" mb="0" cb="0"/><line nr="368" mi="0" ci="3" mb="0" cb="2"/><line nr="372" mi="0" ci="4" mb="0" cb="0"/><line nr="374" mi="0" ci="7" mb="0" cb="2"/><line nr="375" mi="0" ci="6" mb="0" cb="0"/><line nr="376" mi="0" ci="2" mb="0" cb="0"/><line nr="379" mi="0" ci="10" mb="0" cb="2"/><line nr="380" mi="0" ci="12" mb="0" cb="0"/><line nr="381" mi="0" ci="4" mb="0" cb="0"/><line nr="382" mi="0" ci="3" mb="0" cb="2"/><line nr="383" mi="0" ci="1" mb="0" cb="0"/><line nr="386" mi="0" ci="6" mb="0" cb="0"/><line nr="388" mi="0" ci="3" mb="0" cb="2"/><line nr="389" mi="0" ci="1" mb="0" cb="0"/><line nr="416" mi="0" ci="3" mb="0" cb="2"/><line nr="417" mi="0" ci="4" mb="0" cb="0"/><line nr="419" mi="0" ci="6" mb="0" cb="4"/><line nr="420" mi="0" ci="4" mb="0" cb="0"/><line nr="423" mi="0" ci="5" mb="0" cb="0"/><line nr="424" mi="0" ci="3" mb="1" cb="1"/><line nr="425" mi="2" ci="0" mb="0" cb="0"/><line nr="430" mi="0" ci="2" mb="0" cb="0"/><line nr="431" mi="0" ci="4" mb="0" cb="0"/><line nr="436" mi="0" ci="4" mb="0" cb="0"/><line nr="437" mi="0" ci="1" mb="0" cb="0"/><line nr="438" mi="0" ci="3" mb="0" cb="2"/><line nr="442" mi="0" ci="4" mb="0" cb="0"/><line nr="444" mi="0" ci="7" mb="0" cb="2"/><line nr="445" mi="0" ci="6" mb="0" cb="0"/><line nr="446" mi="0" ci="6" mb="0" cb="0"/><line nr="447" mi="0" ci="2" mb="0" cb="0"/><line nr="450" mi="0" ci="10" mb="0" cb="2"/><line nr="451" mi="0" ci="12" mb="0" cb="0"/><line nr="452" mi="0" ci="12" mb="0" cb="0"/><line nr="453" mi="0" ci="4" mb="0" cb="0"/><line nr="454" mi="0" ci="3" mb="0" cb="2"/><line nr="455" mi="0" ci="1" mb="0" cb="0"/><line nr="458" mi="0" ci="6" mb="0" cb="0"/><line nr="459" mi="0" ci="6" mb="0" cb="0"/><line nr="461" mi="0" ci="3" mb="0" cb="2"/><line nr="463" mi="0" ci="2" mb="0" cb="0"/><line nr="484" mi="0" ci="3" mb="0" cb="2"/><line nr="485" mi="0" ci="4" mb="0" cb="0"/><line nr="487" mi="0" ci="6" mb="0" cb="4"/><line nr="488" mi="0" ci="4" mb="0" cb="0"/><line nr="490" mi="0" ci="3" mb="1" cb="1"/><line nr="491" mi="1" ci="0" mb="0" cb="0"/><line nr="495" mi="0" ci="2" mb="0" cb="0"/><line nr="496" mi="0" ci="4" mb="0" cb="0"/><line nr="501" mi="0" ci="4" mb="0" cb="0"/><line nr="502" mi="0" ci="1" mb="0" cb="0"/><line nr="503" mi="0" ci="3" mb="0" cb="2"/><line nr="507" mi="0" ci="4" mb="0" cb="0"/><line nr="509" mi="0" ci="7" mb="0" cb="2"/><line nr="510" mi="0" ci="6" mb="0" cb="0"/><line nr="511" mi="0" ci="2" mb="0" cb="0"/><line nr="514" mi="0" ci="9" mb="0" cb="2"/><line nr="515" mi="0" ci="12" mb="0" cb="0"/><line nr="516" mi="0" ci="4" mb="0" cb="0"/><line nr="517" mi="0" ci="3" mb="0" cb="2"/><line nr="518" mi="0" ci="1" mb="0" cb="0"/><line nr="521" mi="0" ci="6" mb="0" cb="0"/><line nr="523" mi="0" ci="3" mb="0" cb="2"/><line nr="524" mi="0" ci="1" mb="0" cb="0"/><line nr="551" mi="0" ci="3" mb="0" cb="2"/><line nr="552" mi="0" ci="4" mb="0" cb="0"/><line nr="554" mi="0" ci="6" mb="0" cb="4"/><line nr="555" mi="0" ci="4" mb="0" cb="0"/><line nr="558" mi="0" ci="5" mb="0" cb="0"/><line nr="559" mi="0" ci="3" mb="1" cb="1"/><line nr="560" mi="2" ci="0" mb="0" cb="0"/><line nr="565" mi="0" ci="2" mb="0" cb="0"/><line nr="566" mi="0" ci="4" mb="0" cb="0"/><line nr="571" mi="0" ci="4" mb="0" cb="0"/><line nr="572" mi="0" ci="1" mb="0" cb="0"/><line nr="573" mi="0" ci="3" mb="0" cb="2"/><line nr="577" mi="0" ci="4" mb="0" cb="0"/><line nr="579" mi="0" ci="7" mb="0" cb="2"/><line nr="580" mi="0" ci="6" mb="0" cb="0"/><line nr="581" mi="0" ci="6" mb="0" cb="0"/><line nr="582" mi="0" ci="2" mb="0" cb="0"/><line nr="585" mi="0" ci="9" mb="0" cb="2"/><line nr="586" mi="0" ci="12" mb="0" cb="0"/><line nr="587" mi="0" ci="12" mb="0" cb="0"/><line nr="588" mi="0" ci="4" mb="0" cb="0"/><line nr="589" mi="0" ci="3" mb="0" cb="2"/><line nr="590" mi="0" ci="1" mb="0" cb="0"/><line nr="593" mi="0" ci="6" mb="0" cb="0"/><line nr="594" mi="0" ci="6" mb="0" cb="0"/><line nr="596" mi="0" ci="3" mb="0" cb="2"/><line nr="598" mi="0" ci="2" mb="0" cb="0"/><line nr="619" mi="0" ci="3" mb="0" cb="2"/><line nr="620" mi="0" ci="4" mb="0" cb="0"/><line nr="622" mi="0" ci="6" mb="0" cb="4"/><line nr="623" mi="0" ci="4" mb="0" cb="0"/><line nr="625" mi="0" ci="3" mb="1" cb="1"/><line nr="626" mi="1" ci="0" mb="0" cb="0"/><line nr="630" mi="0" ci="2" mb="0" cb="0"/><line nr="631" mi="0" ci="4" mb="0" cb="0"/><line nr="636" mi="0" ci="4" mb="0" cb="0"/><line nr="637" mi="0" ci="1" mb="0" cb="0"/><line nr="638" mi="0" ci="3" mb="0" cb="2"/><line nr="642" mi="0" ci="4" mb="0" cb="0"/><line nr="644" mi="0" ci="7" mb="0" cb="2"/><line nr="645" mi="0" ci="6" mb="0" cb="0"/><line nr="646" mi="0" ci="2" mb="0" cb="0"/><line nr="649" mi="0" ci="10" mb="0" cb="2"/><line nr="650" mi="0" ci="12" mb="0" cb="0"/><line nr="651" mi="0" ci="4" mb="0" cb="0"/><line nr="652" mi="0" ci="3" mb="0" cb="2"/><line nr="653" mi="0" ci="1" mb="0" cb="0"/><line nr="656" mi="0" ci="6" mb="0" cb="0"/><line nr="658" mi="0" ci="3" mb="0" cb="2"/><line nr="659" mi="0" ci="1" mb="0" cb="0"/><line nr="686" mi="0" ci="3" mb="0" cb="2"/><line nr="687" mi="0" ci="4" mb="0" cb="0"/><line nr="689" mi="0" ci="6" mb="0" cb="4"/><line nr="690" mi="0" ci="4" mb="0" cb="0"/><line nr="693" mi="0" ci="5" mb="0" cb="0"/><line nr="694" mi="0" ci="3" mb="1" cb="1"/><line nr="695" mi="2" ci="0" mb="0" cb="0"/><line nr="700" mi="0" ci="2" mb="0" cb="0"/><line nr="701" mi="0" ci="4" mb="0" cb="0"/><line nr="706" mi="0" ci="4" mb="0" cb="0"/><line nr="707" mi="0" ci="1" mb="0" cb="0"/><line nr="708" mi="0" ci="3" mb="0" cb="2"/><line nr="712" mi="0" ci="4" mb="0" cb="0"/><line nr="714" mi="0" ci="7" mb="0" cb="2"/><line nr="715" mi="0" ci="6" mb="0" cb="0"/><line nr="716" mi="0" ci="6" mb="0" cb="0"/><line nr="717" mi="0" ci="2" mb="0" cb="0"/><line nr="720" mi="0" ci="10" mb="0" cb="2"/><line nr="721" mi="0" ci="12" mb="0" cb="0"/><line nr="722" mi="0" ci="12" mb="0" cb="0"/><line nr="723" mi="0" ci="4" mb="0" cb="0"/><line nr="724" mi="0" ci="3" mb="0" cb="2"/><line nr="725" mi="0" ci="1" mb="0" cb="0"/><line nr="728" mi="0" ci="6" mb="0" cb="0"/><line nr="729" mi="0" ci="6" mb="0" cb="0"/><line nr="731" mi="0" ci="3" mb="0" cb="2"/><line nr="733" mi="0" ci="2" mb="0" cb="0"/><counter type="INSTRUCTION" missed="15" covered="1085"/><counter type="BRANCH" missed="10" covered="170"/><counter type="LINE" missed="10" covered="242"/><counter type="COMPLEXITY" missed="10" covered="92"/><counter type="METHOD" missed="0" covered="12"/><counter type="CLASS" missed="0" covered="1"/></sourcefile><sourcefile name="SortingMethod.java"><line nr="21" mi="0" ci="3" mb="0" cb="0"/><line nr="27" mi="0" ci="6" mb="0" cb="0"/><line nr="34" mi="0" ci="6" mb="0" cb="0"/><line nr="40" mi="0" ci="6" mb="0" cb="0"/><line nr="46" mi="0" ci="6" mb="0" cb="0"/><line nr="53" mi="0" ci="6" mb="0" cb="0"/><counter type="INSTRUCTION" missed="0" covered="33"/><counter type="LINE" missed="0" covered="6"/><counter type="COMPLEXITY" missed="0" covered="1"/><counter type="METHOD" missed="0" covered="1"/><counter type="CLASS" missed="0" covered="1"/></sourcefile><counter type="INSTRUCTION" missed="106" covered="9218"/><counter type="BRANCH" missed="59" covered="1054"/><counter type="LINE" missed="52" covered="1668"/><counter type="COMPLEXITY" missed="59" covered="635"/><counter type="METHOD" missed="0" covered="136"/><counter type="CLASS" missed="0" covered="10"/></package><counter type="INSTRUCTION" missed="106" covered="9218"/><counter type="BRANCH" missed="59" covered="1054"/><counter type="LINE" missed="52" covered="1668"/><counter type="COMPLEXITY" missed="59" covered="635"/><counter type="METHOD" missed="0" covered="136"/><counter type="CLASS" missed="0" covered="10"/></report>